2026-03-10 08:52:52,424 [INFO] Activator:176 - 


2026-03-10 08:52:52,425 [INFO] Activator:177 - !SESSION log4j initialized
2026-03-10 08:52:54,640 [ERROR] LogOutputStream:75 - [STDERR_REDIRECT] 
2026-03-10 08:52:57,090 [INFO] LogOutputStream:77 - [STDOUT_REDIRECT] 
2026-03-10 08:53:01,657 [INFO] ApplicationProperties:184 - Using Application install path: /Applications/STM32CubeIDE.app/Contents/Eclipse/plugins/com.st.stm32cube.common.mx_6.15.0.202507011659
2026-03-10 08:53:01,672 [INFO] DbMcusXml:78 - Set database path to: /Applications/STM32CubeIDE.app/Contents/Eclipse/plugins/com.st.stm32cube.common.mx_6.15.0.202507011659//db//mcu/
2026-03-10 08:53:01,672 [INFO] ApiDb:274 - Set plugin database path to: /Applications/STM32CubeIDE.app/Contents/Eclipse/plugins/com.st.stm32cube.common.mx_6.15.0.202507011659//db//plugins/boardmanager/
2026-03-10 08:53:01,672 [WARN] ApiDb:259 - Overriding images path with different value:  => /Applications/STM32CubeIDE.app/Contents/Eclipse/plugins/com.st.stm32cube.common.mx_6.15.0.202507011659//db//plugins/mcufinder/images/
2026-03-10 08:53:02,366 [WARN] ApiFinderProperties:113 - /Users/lschloegel/.stmcufinder/plugins/mcufinder/mcu/mcuFinder.mfd doesn't exist
2026-03-10 08:53:02,367 [INFO] ApiDb:250 - Set database path to: /Users/lschloegel/.stmcufinder/plugins/mcufinder//mcu/
2026-03-10 08:53:02,369 [INFO] DbMcusAds:125 - Set database path to: /Users/lschloegel/.stmcufinder/plugins/mcufinder//mcu/
2026-03-10 08:53:02,371 [INFO] CrossReferenceDbSqlite:203 - Set database path to: /Users/lschloegel/.stmcufinder/plugins/mcufinder//mcu/cs/
2026-03-10 08:53:02,483 [INFO] RulesReader:64 - Compatibility file has been processed (317 Rules)
2026-03-10 08:53:02,519 [INFO] DbMcusXml:78 - Set database path to: /Applications/STM32CubeIDE.app/Contents/Eclipse/plugins/com.st.stm32cube.common.mx_6.15.0.202507011659//db//mcu/
2026-03-10 08:53:02,519 [INFO] ApiDb:274 - Set plugin database path to: /Applications/STM32CubeIDE.app/Contents/Eclipse/plugins/com.st.stm32cube.common.mx_6.15.0.202507011659//db//plugins/boardmanager/
2026-03-10 08:53:02,519 [INFO] ApiDb:261 - Set plugin images path to: /Applications/STM32CubeIDE.app/Contents/Eclipse/plugins/com.st.stm32cube.common.mx_6.15.0.202507011659//db//plugins/mcufinder/images/
2026-03-10 08:53:02,519 [WARN] DbFile:41 - Overriding database path with different value: /Users/lschloegel/.stmcufinder/plugins/mcufinder/ => /Users/lschloegel/.stmcufinder/plugins/mcufinder
2026-03-10 08:53:02,519 [INFO] ApiDb:250 - Set database path to: /Users/lschloegel/.stmcufinder/plugins/mcufinder//mcu/
2026-03-10 08:53:02,519 [WARN] DbFile:41 - Overriding database path with different value: /Users/lschloegel/.stmcufinder/plugins/mcufinder/ => /Users/lschloegel/.stmcufinder/plugins/mcufinder
2026-03-10 08:53:02,519 [INFO] DbMcusAds:125 - Set database path to: /Users/lschloegel/.stmcufinder/plugins/mcufinder//mcu/
2026-03-10 08:53:02,519 [WARN] DbFile:41 - Overriding database path with different value: /Users/lschloegel/.stmcufinder/plugins/mcufinder/ => /Users/lschloegel/.stmcufinder/plugins/mcufinder
2026-03-10 08:53:02,519 [WARN] DbFile:41 - Overriding database path with different value: /Users/lschloegel/.stmcufinder/plugins/mcufinder/ => /Users/lschloegel/.stmcufinder/plugins/mcufinder
2026-03-10 08:53:02,519 [INFO] CrossReferenceDbSqlite:203 - Set database path to: /Users/lschloegel/.stmcufinder/plugins/mcufinder//mcu/cs/
2026-03-10 08:53:02,580 [INFO] MainPanel:274 - HeapMemory: 343932928
2026-03-10 08:53:02,905 [INFO] DbMcusXml:78 - Set database path to: /Applications/STM32CubeIDE.app/Contents/Eclipse/plugins/com.st.stm32cube.common.mx_6.15.0.202507011659//db//mcu/
2026-03-10 08:53:02,905 [INFO] ApiDb:274 - Set plugin database path to: /Applications/STM32CubeIDE.app/Contents/Eclipse/plugins/com.st.stm32cube.common.mx_6.15.0.202507011659//db//plugins/boardmanager/
2026-03-10 08:53:02,906 [INFO] ApiDb:261 - Set plugin images path to: /Applications/STM32CubeIDE.app/Contents/Eclipse/plugins/com.st.stm32cube.common.mx_6.15.0.202507011659//db//plugins/mcufinder/images/
2026-03-10 08:53:02,906 [WARN] DbFile:41 - Overriding database path with different value: /Users/lschloegel/.stmcufinder/plugins/mcufinder/ => /Users/lschloegel/.stmcufinder/plugins/mcufinder
2026-03-10 08:53:02,906 [INFO] ApiDb:250 - Set database path to: /Users/lschloegel/.stmcufinder/plugins/mcufinder//mcu/
2026-03-10 08:53:02,906 [WARN] DbFile:41 - Overriding database path with different value: /Users/lschloegel/.stmcufinder/plugins/mcufinder/ => /Users/lschloegel/.stmcufinder/plugins/mcufinder
2026-03-10 08:53:02,906 [INFO] DbMcusAds:125 - Set database path to: /Users/lschloegel/.stmcufinder/plugins/mcufinder//mcu/
2026-03-10 08:53:02,906 [WARN] DbFile:41 - Overriding database path with different value: /Users/lschloegel/.stmcufinder/plugins/mcufinder/ => /Users/lschloegel/.stmcufinder/plugins/mcufinder
2026-03-10 08:53:02,906 [WARN] DbFile:41 - Overriding database path with different value: /Users/lschloegel/.stmcufinder/plugins/mcufinder/ => /Users/lschloegel/.stmcufinder/plugins/mcufinder
2026-03-10 08:53:02,906 [INFO] CrossReferenceDbSqlite:203 - Set database path to: /Users/lschloegel/.stmcufinder/plugins/mcufinder//mcu/cs/
2026-03-10 08:53:02,919 [INFO] ApplicationProperties:184 - Using Application install path: /Applications/STM32CubeIDE.app/Contents/Eclipse/plugins/com.st.stm32cube.common.mx_6.15.0.202507011659
2026-03-10 08:53:02,920 [INFO] PluginManage:196 - Search for loadable plugins [exclusion list=, ]
2026-03-10 08:53:02,922 [INFO] PluginManage:310 - Check plugin analytics
2026-03-10 08:53:03,084 [INFO] AnalyticsPlugin:253 - Accepted Software Licenses: 
2026-03-10 08:53:03,085 [INFO] AnalyticsPlugin:255 - Accepted CMSIS Pack Licenses: 
2026-03-10 08:53:03,085 [INFO] AnalyticsPlugin:257 - Accepted Firmware Licenses: 
2026-03-10 08:53:03,090 [INFO] PluginManage:359 - Loaded plugin analytics (category:tool,tabindex:-1)
2026-03-10 08:53:03,091 [INFO] PluginManage:310 - Check plugin cadmodel
2026-03-10 08:53:03,097 [INFO] CADModel:105 - Init CAD model plugin
2026-03-10 08:53:03,097 [INFO] PluginManage:359 - Loaded plugin cadmodel (category:power,tabindex:5)
2026-03-10 08:53:03,097 [INFO] PluginManage:310 - Check plugin clock
2026-03-10 08:53:03,104 [INFO] PluginManage:359 - Loaded plugin clock (category:base,tabindex:2)
2026-03-10 08:53:03,104 [INFO] PluginManage:310 - Check plugin ddr
2026-03-10 08:53:03,105 [INFO] PluginManage:359 - Loaded plugin ddr (category:tool,tabindex:6)
2026-03-10 08:53:03,105 [INFO] PluginManage:310 - Check plugin filemanager
2026-03-10 08:53:03,466 [INFO] PluginManage:359 - Loaded plugin filemanager (category:base,tabindex:10)
2026-03-10 08:53:03,470 [INFO] PluginManage:310 - Check plugin ipmanager
2026-03-10 08:53:03,506 [INFO] PluginManage:359 - Loaded plugin ipmanager (category:base,tabindex:5)
2026-03-10 08:53:03,507 [INFO] PluginManage:310 - Check plugin lpbam
2026-03-10 08:53:03,533 [INFO] PluginManage:359 - Loaded plugin lpbam (category:base,tabindex:0)
2026-03-10 08:53:03,533 [INFO] PluginManage:310 - Check plugin memorymap
2026-03-10 08:53:03,546 [INFO] PluginManage:359 - Loaded plugin memorymap (category:base,tabindex:4)
2026-03-10 08:53:03,546 [INFO] PluginManage:310 - Check plugin pinoutandconfiguration
2026-03-10 08:53:03,552 [INFO] PluginManage:359 - Loaded plugin pinoutandconfiguration (category:base,tabindex:1)
2026-03-10 08:53:03,552 [INFO] PluginManage:310 - Check plugin pinoutconfig
2026-03-10 08:53:03,635 [WARN] SupportedApi:132 - Cannot load RTOS API schema: s4s-elt-must-match.1: The content of 'definitions' must match (annotation?, (simpleType | complexType)?, (unique | key | keyref)*)). A problem was found starting at: attribute.
2026-03-10 08:53:03,786 [INFO] PluginManage:359 - Loaded plugin pinoutconfig (category:base,tabindex:0)
2026-03-10 08:53:03,787 [INFO] PluginManage:310 - Check plugin power
2026-03-10 08:53:03,797 [INFO] PluginManage:359 - Loaded plugin power (category:power,tabindex:4)
2026-03-10 08:53:03,797 [INFO] PluginManage:310 - Check plugin projectmanager
2026-03-10 08:53:03,822 [INFO] PluginManage:359 - Loaded plugin projectmanager (category:projectmanager,tabindex:4)
2026-03-10 08:53:03,822 [INFO] PluginManage:310 - Check plugin rif
2026-03-10 08:53:03,828 [INFO] PluginManage:359 - Loaded plugin rif (category:base,tabindex:3)
2026-03-10 08:53:03,828 [INFO] PluginManage:310 - Check plugin thirdparty
2026-03-10 08:53:03,954 [INFO] PluginManage:359 - Loaded plugin thirdparty (category:base,tabindex:-1)
2026-03-10 08:53:03,955 [INFO] PluginManage:310 - Check plugin tools
2026-03-10 08:53:03,958 [INFO] PluginManage:359 - Loaded plugin tools (category:base,tabindex:7)
2026-03-10 08:53:03,954 [WARN] IntegrityCheckThread:84 - waiting for thirdparty lock release [integrity check]
2026-03-10 08:53:03,959 [INFO] PluginManage:310 - Check plugin tutovideos
2026-03-10 08:53:03,959 [INFO] IntegrityCheckThread:86 - entering critical section [integrity check]
2026-03-10 08:53:03,959 [INFO] ThirdPartyUpdaterWithRetryManager:70 - Updater plugin not ready yet. [1/15]
2026-03-10 08:53:04,099 [INFO] PluginManage:359 - Loaded plugin tutovideos (category:base,tabindex:-1)
2026-03-10 08:53:04,100 [INFO] PluginManage:310 - Check plugin updater
2026-03-10 08:53:04,121 [INFO] PluginManage:359 - Loaded plugin updater (category:base,tabindex:12)
2026-03-10 08:53:04,121 [INFO] PluginManage:310 - Check plugin userauth
2026-03-10 08:53:04,125 [INFO] UserAuth:118 - Init User Auth plugin
2026-03-10 08:53:04,126 [INFO] PluginManage:359 - Loaded plugin userauth (category:base,tabindex:14)
2026-03-10 08:53:04,128 [INFO] PluginManage:283 - PluginManage : Loaded plugins [18]
2026-03-10 08:53:04,316 [INFO] PinOutPanel:1589 - setPackage(No Configuration,No Configuration)
2026-03-10 08:53:04,378 [INFO] CADModel:165 - CPN selected for project level
2026-03-10 08:53:04,378 [INFO] CADModel:114 - Register for checkConnection events
2026-03-10 08:53:04,387 [INFO] IPUIPlugin:80 - create IPUIPlugin
2026-03-10 08:53:04,388 [INFO] PluginManager:220 - loadIPPluginJar : add mdma
2026-03-10 08:53:04,392 [INFO] IPUIPlugin:80 - create IPUIPlugin
2026-03-10 08:53:04,392 [INFO] PluginManager:220 - loadIPPluginJar : add freertos
2026-03-10 08:53:04,394 [INFO] IPUIPlugin:80 - create IPUIPlugin
2026-03-10 08:53:04,394 [INFO] PluginManager:220 - loadIPPluginJar : add gic
2026-03-10 08:53:04,399 [INFO] IPUIPlugin:80 - create IPUIPlugin
2026-03-10 08:53:04,399 [INFO] PluginManager:220 - loadIPPluginJar : add adc
2026-03-10 08:53:04,400 [INFO] IPUIPlugin:80 - create IPUIPlugin
2026-03-10 08:53:04,400 [INFO] PluginManager:220 - loadIPPluginJar : add gtzc
2026-03-10 08:53:04,401 [INFO] IPUIPlugin:80 - create IPUIPlugin
2026-03-10 08:53:04,401 [INFO] PluginManager:220 - loadIPPluginJar : add quadspi
2026-03-10 08:53:04,402 [INFO] IPUIPlugin:80 - create IPUIPlugin
2026-03-10 08:53:04,402 [INFO] PluginManager:220 - loadIPPluginJar : add aes
2026-03-10 08:53:04,403 [INFO] IPUIPlugin:80 - create IPUIPlugin
2026-03-10 08:53:04,403 [INFO] PluginManager:220 - loadIPPluginJar : add pdm2pcm
2026-03-10 08:53:04,404 [INFO] IPUIPlugin:80 - create IPUIPlugin
2026-03-10 08:53:04,404 [INFO] PluginManager:220 - loadIPPluginJar : add hash
2026-03-10 08:53:04,405 [INFO] IPUIPlugin:80 - create IPUIPlugin
2026-03-10 08:53:04,405 [INFO] PluginManager:220 - loadIPPluginJar : add tim
2026-03-10 08:53:04,406 [INFO] IPUIPlugin:80 - create IPUIPlugin
2026-03-10 08:53:04,406 [INFO] PluginManager:220 - loadIPPluginJar : add tsc
2026-03-10 08:53:04,407 [INFO] IPUIPlugin:80 - create IPUIPlugin
2026-03-10 08:53:04,407 [INFO] PluginManager:220 - loadIPPluginJar : add extmemmanager
2026-03-10 08:53:04,408 [INFO] IPUIPlugin:80 - create IPUIPlugin
2026-03-10 08:53:04,408 [INFO] PluginManager:220 - loadIPPluginJar : add ts
2026-03-10 08:53:04,409 [INFO] IPUIPlugin:80 - create IPUIPlugin
2026-03-10 08:53:04,409 [INFO] PluginManager:220 - loadIPPluginJar : add radio
2026-03-10 08:53:04,411 [INFO] IPUIPlugin:80 - create IPUIPlugin
2026-03-10 08:53:04,411 [INFO] PluginManager:220 - loadIPPluginJar : add can
2026-03-10 08:53:04,412 [INFO] IPUIPlugin:80 - create IPUIPlugin
2026-03-10 08:53:04,412 [INFO] PluginManager:220 - loadIPPluginJar : add dma3
2026-03-10 08:53:04,413 [INFO] IPUIPlugin:80 - create IPUIPlugin
2026-03-10 08:53:04,413 [INFO] PluginManager:220 - loadIPPluginJar : add dfsdm
2026-03-10 08:53:04,414 [INFO] IPUIPlugin:80 - create IPUIPlugin
2026-03-10 08:53:04,414 [INFO] PluginManager:220 - loadIPPluginJar : add spi
2026-03-10 08:53:04,415 [INFO] IPUIPlugin:80 - create IPUIPlugin
2026-03-10 08:53:04,415 [INFO] PluginManager:220 - loadIPPluginJar : add gfxmmu
2026-03-10 08:53:04,416 [INFO] IPUIPlugin:80 - create IPUIPlugin
2026-03-10 08:53:04,416 [INFO] PluginManager:220 - loadIPPluginJar : add genericplugin
2026-03-10 08:53:04,416 [INFO] IPUIPlugin:80 - create IPUIPlugin
2026-03-10 08:53:04,417 [INFO] PluginManager:220 - loadIPPluginJar : add cryp
2026-03-10 08:53:04,419 [INFO] IPUIPlugin:80 - create IPUIPlugin
2026-03-10 08:53:04,419 [INFO] PluginManager:220 - loadIPPluginJar : add gpio
2026-03-10 08:53:04,420 [INFO] IPUIPlugin:80 - create IPUIPlugin
2026-03-10 08:53:04,421 [INFO] PluginManager:220 - loadIPPluginJar : add ddr_ctrl_phy
2026-03-10 08:53:04,423 [INFO] IPUIPlugin:80 - create IPUIPlugin
2026-03-10 08:53:04,424 [INFO] PluginManager:220 - loadIPPluginJar : add comp
2026-03-10 08:53:04,425 [INFO] IPUIPlugin:80 - create IPUIPlugin
2026-03-10 08:53:04,425 [INFO] PluginManager:220 - loadIPPluginJar : add tracer_emb
2026-03-10 08:53:04,427 [INFO] IPUIPlugin:80 - create IPUIPlugin
2026-03-10 08:53:04,427 [INFO] PluginManager:220 - loadIPPluginJar : add openamp
2026-03-10 08:53:04,430 [INFO] IPUIPlugin:80 - create IPUIPlugin
2026-03-10 08:53:04,430 [INFO] PluginManager:220 - loadIPPluginJar : add stm32_wpan
2026-03-10 08:53:04,432 [INFO] IPUIPlugin:80 - create IPUIPlugin
2026-03-10 08:53:04,434 [INFO] PluginManager:220 - loadIPPluginJar : add plateformsettings
2026-03-10 08:53:04,436 [INFO] IPUIPlugin:80 - create IPUIPlugin
2026-03-10 08:53:04,437 [INFO] PluginManager:220 - loadIPPluginJar : add ipddr
2026-03-10 08:53:04,438 [INFO] IPUIPlugin:80 - create IPUIPlugin
2026-03-10 08:53:04,438 [INFO] PluginManager:220 - loadIPPluginJar : add usart
2026-03-10 08:53:04,438 [INFO] IPUIPlugin:80 - create IPUIPlugin
2026-03-10 08:53:04,438 [INFO] PluginManager:220 - loadIPPluginJar : add ltdc
2026-03-10 08:53:04,440 [INFO] IPUIPlugin:80 - create IPUIPlugin
2026-03-10 08:53:04,440 [INFO] PluginManager:220 - loadIPPluginJar : add nvic
2026-03-10 08:53:04,440 [INFO] IPUIPlugin:80 - create IPUIPlugin
2026-03-10 08:53:04,441 [INFO] PluginManager:220 - loadIPPluginJar : add fatfs
2026-03-10 08:53:04,444 [INFO] IPUIPlugin:80 - create IPUIPlugin
2026-03-10 08:53:04,444 [INFO] PluginManager:220 - loadIPPluginJar : add linkedlist
2026-03-10 08:53:04,447 [INFO] IPUIPlugin:80 - create IPUIPlugin
2026-03-10 08:53:04,447 [INFO] PluginManager:220 - loadIPPluginJar : add dma
2026-03-10 08:53:04,449 [INFO] IPUIPlugin:80 - create IPUIPlugin
2026-03-10 08:53:04,449 [INFO] PluginManager:220 - loadIPPluginJar : add fmc
2026-03-10 08:53:04,450 [INFO] IPUIPlugin:80 - create IPUIPlugin
2026-03-10 08:53:04,450 [INFO] PluginManager:220 - loadIPPluginJar : add i2s
2026-03-10 08:53:04,451 [INFO] IPUIPlugin:80 - create IPUIPlugin
2026-03-10 08:53:04,451 [INFO] PluginManager:220 - loadIPPluginJar : add ucpd
2026-03-10 08:53:04,452 [INFO] IPUIPlugin:80 - create IPUIPlugin
2026-03-10 08:53:04,453 [INFO] PluginManager:220 - loadIPPluginJar : add lorawan
2026-03-10 08:53:04,454 [INFO] IPUIPlugin:80 - create IPUIPlugin
2026-03-10 08:53:04,454 [INFO] PluginManager:220 - loadIPPluginJar : add opamp
2026-03-10 08:53:04,455 [INFO] IPUIPlugin:80 - create IPUIPlugin
2026-03-10 08:53:04,455 [INFO] PluginManager:220 - loadIPPluginJar : add i3c
2026-03-10 08:53:04,456 [INFO] IPUIPlugin:80 - create IPUIPlugin
2026-03-10 08:53:04,456 [INFO] PluginManager:220 - loadIPPluginJar : add touchsensing
2026-03-10 08:53:04,458 [INFO] IPUIPlugin:80 - create IPUIPlugin
2026-03-10 08:53:04,458 [INFO] PluginManager:220 - loadIPPluginJar : add i2c
2026-03-10 08:53:04,460 [INFO] IPUIPlugin:80 - create IPUIPlugin
2026-03-10 08:53:04,460 [INFO] PluginManager:220 - loadIPPluginJar : add resmgrutility
2026-03-10 08:53:04,462 [INFO] IPUIPlugin:80 - create IPUIPlugin
2026-03-10 08:53:04,462 [INFO] PluginManager:220 - loadIPPluginJar : add sai
2026-03-10 08:53:04,463 [INFO] IPUIPlugin:80 - create IPUIPlugin
2026-03-10 08:53:04,463 [INFO] PluginManager:220 - loadIPPluginJar : add usbx
2026-03-10 08:53:04,567 [FATAL] Updater:351 - Updater called before beeing initialized
2026-03-10 08:53:04,607 [INFO] RulesReader:64 - Compatibility file has been processed (317 Rules)
2026-03-10 08:53:04,621 [INFO] RulesReader:64 - Compatibility file has been processed (317 Rules)
2026-03-10 08:53:04,628 [INFO] CADModel:165 - CPN selected for project level
2026-03-10 08:53:04,628 [INFO] CADModel:114 - Register for checkConnection events
2026-03-10 08:53:04,628 [FATAL] Updater:351 - Updater called before beeing initialized
2026-03-10 08:53:04,628 [ERROR] CADModel:125 - Updater not yet initialized, retry later 
2026-03-10 08:53:04,827 [FATAL] Updater:351 - Updater called before beeing initialized
2026-03-10 08:53:04,829 [INFO] CADModel:165 - CPN selected for project level
2026-03-10 08:53:04,829 [INFO] CADModel:114 - Register for checkConnection events
2026-03-10 08:53:04,829 [FATAL] Updater:351 - Updater called before beeing initialized
2026-03-10 08:53:04,829 [ERROR] CADModel:125 - Updater not yet initialized, retry later 
2026-03-10 08:53:04,831 [FATAL] Updater:351 - Updater called before beeing initialized
2026-03-10 08:53:04,992 [FATAL] Updater:351 - Updater called before beeing initialized
2026-03-10 08:53:04,996 [INFO] DbMcusAds:53 - JSON generation date=Thu Sep 30 08:55:09 CEST 2021 (1632984909247)
2026-03-10 08:53:04,997 [FATAL] Updater:351 - Updater called before beeing initialized
2026-03-10 08:53:05,268 [WARN] DetailPanel:346 - Failed to get advertising image, set to default
2026-03-10 08:53:05,322 [FATAL] Updater:351 - Updater called before beeing initialized
2026-03-10 08:53:05,325 [FATAL] Updater:351 - Updater called before beeing initialized
2026-03-10 08:53:05,325 [FATAL] Updater:351 - Updater called before beeing initialized
2026-03-10 08:53:05,326 [WARN] DetailPanel:346 - Failed to get advertising image, set to default
2026-03-10 08:53:05,330 [FATAL] Updater:351 - Updater called before beeing initialized
2026-03-10 08:53:05,381 [ERROR] Updater:1198 - MainUpdater not yet initialized. External WinMGr cannot be set.
2026-03-10 08:53:05,391 [INFO] Updater:1134 - Updater Version found : 6.15.0
2026-03-10 08:53:05,401 [INFO] ApplicationProperties:184 - Using Application install path: /Applications/STM32CubeIDE.app/Contents/Eclipse/plugins/com.st.stm32cube.common.mx_6.15.0.202507011659
2026-03-10 08:53:05,436 [INFO] MainUpdater:525 - Copy updater definitions from MX database
2026-03-10 08:53:05,473 [INFO] MainUpdater:558 - Copy flag file definitions from MX database
2026-03-10 08:53:05,474 [INFO] MainUpdater:574 - Copy thirdparty index definitions from MX database
2026-03-10 08:53:05,475 [INFO] MainUpdater:593 - Copy default thirdparty db definitions from MX database
2026-03-10 08:53:05,733 [INFO] MainUpdater:2872 - connection check result : 10
2026-03-10 08:53:05,733 [INFO] MainUpdater:3604 - Updater definition file requires update
2026-03-10 08:53:05,734 [INFO] MainUpdater:289 - Updater Check For Update Now.
2026-03-10 08:53:05,734 [INFO] MicroXplorer:498 - Change Database Version : DB.6.0.150
2026-03-10 08:53:05,740 [INFO] McuFinderGlobals:63 - Set McuFinder mode to 2 (CubeIDE integrated)
2026-03-10 08:53:05,741 [INFO] UserAuth:171 - activating auth plugin
2026-03-10 08:53:05,750 [INFO] UserAuth:487 - Internet connection configuration mode: 1
2026-03-10 08:53:05,759 [INFO] JxBrowserEngine:152 - Initiate JxBrowser Engine with user profile folder
2026-03-10 08:53:05,907 [INFO] ServerAccessManage:452 - Complete download http(s) 200
2026-03-10 08:53:05,911 [INFO] ServerAccessManage:509 - Download File updaters.zip
2026-03-10 08:53:06,125 [INFO] FileExtend:248 - Unzip File : updaters.zip
2026-03-10 08:53:06,126 [INFO] FileExtend:263 - Standard Zip Deflate
2026-03-10 08:53:06,358 [INFO] ServerAccessManage:452 - Complete download http(s) 200
2026-03-10 08:53:06,358 [INFO] ServerAccessManage:509 - Download File PacksControlFlags.xml
2026-03-10 08:53:06,523 [INFO] ServerAccessManage:452 - Complete download http(s) 200
2026-03-10 08:53:06,523 [INFO] ServerAccessManage:509 - Download File cubemx.pidx
2026-03-10 08:53:06,667 [INFO] ServerAccessManage:452 - Complete download http(s) 200
2026-03-10 08:53:06,667 [INFO] ServerAccessManage:509 - Download File STMicroelectronics.FP-ATR-ASTRA1.pdsc
2026-03-10 08:53:06,965 [WARN] MainUpdater:1193 - Updater busy. Cannot search thirdparties
2026-03-10 08:53:06,965 [INFO] ThirdPartyUpdaterWithRetryManager:96 - Updater plugin is busy. [1/15]
2026-03-10 08:53:07,059 [INFO] ServerAccessManage:452 - Complete download http(s) 200
2026-03-10 08:53:07,060 [INFO] ServerAccessManage:509 - Download File STMicroelectronics.FP-ATR-SIGFOX1.pdsc
2026-03-10 08:53:07,199 [INFO] ServerAccessManage:452 - Complete download http(s) 200
2026-03-10 08:53:07,199 [INFO] ServerAccessManage:509 - Download File STMicroelectronics.FP-SNS-STBOX1.pdsc
2026-03-10 08:53:07,466 [INFO] ServerAccessManage:452 - Complete download http(s) 200
2026-03-10 08:53:07,467 [INFO] ServerAccessManage:509 - Download File STMicroelectronics.FP-SNS-FLIGHT1.pdsc
2026-03-10 08:53:07,868 [INFO] ServerAccessManage:452 - Complete download http(s) 200
2026-03-10 08:53:07,868 [INFO] ServerAccessManage:509 - Download File STMicroelectronics.FP-SNS-MOTENV1.pdsc
2026-03-10 08:53:08,286 [INFO] ServerAccessManage:452 - Complete download http(s) 200
2026-03-10 08:53:08,287 [INFO] ServerAccessManage:509 - Download File STMicroelectronics.FP-SNS-MOTENVWB1.pdsc
2026-03-10 08:53:08,615 [INFO] ServerAccessManage:452 - Complete download http(s) 200
2026-03-10 08:53:08,616 [INFO] ServerAccessManage:509 - Download File STMicroelectronics.FP-SNS-SMARTAG2.pdsc
2026-03-10 08:53:08,767 [INFO] ServerAccessManage:452 - Complete download http(s) 200
2026-03-10 08:53:08,767 [INFO] ServerAccessManage:509 - Download File STMicroelectronics.FP-SNS-STAIOTCFT.pdsc
2026-03-10 08:53:08,905 [INFO] ServerAccessManage:452 - Complete download http(s) 200
2026-03-10 08:53:08,905 [INFO] ServerAccessManage:509 - Download File STMicroelectronics.X-CUBE-AI.pdsc
2026-03-10 08:53:09,971 [WARN] MainUpdater:1193 - Updater busy. Cannot search thirdparties
2026-03-10 08:53:09,971 [INFO] ThirdPartyUpdaterWithRetryManager:96 - Updater plugin is busy. [2/15]
2026-03-10 08:53:10,218 [INFO] ServerAccessManage:452 - Complete download http(s) 200
2026-03-10 08:53:10,218 [INFO] ServerAccessManage:509 - Download File STMicroelectronics.X-CUBE-ALS.pdsc
2026-03-10 08:53:10,516 [INFO] ServerAccessManage:452 - Complete download http(s) 200
2026-03-10 08:53:10,531 [INFO] ServerAccessManage:509 - Download File STMicroelectronics.X-CUBE-BLE1.pdsc
2026-03-10 08:53:11,422 [ERROR] ServerAccessManage:1212 - Problem, file not found on Server
2026-03-10 08:53:11,498 [INFO] ServerAccessManage:452 - Complete download http(s) 200
2026-03-10 08:53:11,499 [INFO] ServerAccessManage:509 - Download File STMicroelectronics.X-CUBE-BLE2.pdsc
2026-03-10 08:53:12,073 [INFO] ServerAccessManage:452 - Complete download http(s) 200
2026-03-10 08:53:12,073 [INFO] ServerAccessManage:509 - Download File STMicroelectronics.X-CUBE-BLEMGR.pdsc
2026-03-10 08:53:12,297 [ERROR] ServerAccessManage:1212 - Problem, file not found on Server
2026-03-10 08:53:12,764 [INFO] ServerAccessManage:452 - Complete download http(s) 200
2026-03-10 08:53:12,765 [INFO] ServerAccessManage:509 - Download File STMicroelectronics.X-CUBE-DISPLAY.pdsc
2026-03-10 08:53:12,972 [WARN] MainUpdater:1193 - Updater busy. Cannot search thirdparties
2026-03-10 08:53:12,973 [INFO] ThirdPartyUpdaterWithRetryManager:96 - Updater plugin is busy. [3/15]
2026-03-10 08:53:13,242 [INFO] ServerAccessManage:452 - Complete download http(s) 200
2026-03-10 08:53:13,243 [INFO] ServerAccessManage:509 - Download File STMicroelectronics.X-CUBE-DPOWER.pdsc
2026-03-10 08:53:13,439 [ERROR] ServerAccessManage:1212 - Problem, file not found on Server
2026-03-10 08:53:13,501 [ERROR] ServerAccessManage:1212 - Problem, file not found on Server
2026-03-10 08:53:13,574 [ERROR] ServerAccessManage:1212 - Problem, file not found on Server
2026-03-10 08:53:13,624 [ERROR] ServerAccessManage:1212 - Problem, file not found on Server
2026-03-10 08:53:13,705 [ERROR] ServerAccessManage:1212 - Problem, file not found on Server
2026-03-10 08:53:13,756 [ERROR] ServerAccessManage:1212 - Problem, file not found on Server
2026-03-10 08:53:13,901 [ERROR] ServerAccessManage:1212 - Problem, file not found on Server
2026-03-10 08:53:13,959 [ERROR] ServerAccessManage:1212 - Problem, file not found on Server
2026-03-10 08:53:14,014 [ERROR] ServerAccessManage:1212 - Problem, file not found on Server
2026-03-10 08:53:14,077 [ERROR] ServerAccessManage:1212 - Problem, file not found on Server
2026-03-10 08:53:14,145 [ERROR] ServerAccessManage:1212 - Problem, file not found on Server
2026-03-10 08:53:14,203 [INFO] ServerAccessManage:452 - Complete download http(s) 200
2026-03-10 08:53:14,203 [INFO] ServerAccessManage:509 - Download File STMicroelectronics.X-CUBE-EEPRMA1.pdsc
2026-03-10 08:53:14,409 [ERROR] ServerAccessManage:1212 - Problem, file not found on Server
2026-03-10 08:53:14,590 [ERROR] ServerAccessManage:1212 - Problem, file not found on Server
2026-03-10 08:53:14,850 [INFO] ServerAccessManage:452 - Complete download http(s) 200
2026-03-10 08:53:14,851 [INFO] ServerAccessManage:509 - Download File STMicroelectronics.X-CUBE-FREERTOS.pdsc
2026-03-10 08:53:15,451 [INFO] ServerAccessManage:452 - Complete download http(s) 200
2026-03-10 08:53:15,452 [INFO] ServerAccessManage:509 - Download File STMicroelectronics.X-CUBE-GNSS1.pdsc
2026-03-10 08:53:15,973 [WARN] MainUpdater:1193 - Updater busy. Cannot search thirdparties
2026-03-10 08:53:15,973 [INFO] ThirdPartyUpdaterWithRetryManager:96 - Updater plugin is busy. [4/15]
2026-03-10 08:53:16,141 [ERROR] ServerAccessManage:1212 - Problem, file not found on Server
2026-03-10 08:53:16,209 [ERROR] ServerAccessManage:1212 - Problem, file not found on Server
2026-03-10 08:53:16,339 [ERROR] ServerAccessManage:1212 - Problem, file not found on Server
2026-03-10 08:53:16,465 [ERROR] ServerAccessManage:1212 - Problem, file not found on Server
2026-03-10 08:53:16,596 [ERROR] ServerAccessManage:1212 - Problem, file not found on Server
2026-03-10 08:53:16,729 [ERROR] ServerAccessManage:1212 - Problem, file not found on Server
2026-03-10 08:53:16,790 [INFO] ServerAccessManage:452 - Complete download http(s) 200
2026-03-10 08:53:16,790 [INFO] ServerAccessManage:509 - Download File STMicroelectronics.X-CUBE-ISPU.pdsc
2026-03-10 08:53:17,119 [INFO] ServerAccessManage:452 - Complete download http(s) 200
2026-03-10 08:53:17,119 [INFO] ServerAccessManage:509 - Download File STMicroelectronics.X-CUBE-IPS.pdsc
2026-03-10 08:53:17,412 [INFO] ServerAccessManage:452 - Complete download http(s) 200
2026-03-10 08:53:17,412 [INFO] ServerAccessManage:509 - Download File STMicroelectronics.X-CUBE-MEMS1.pdsc
2026-03-10 08:53:18,979 [WARN] MainUpdater:1193 - Updater busy. Cannot search thirdparties
2026-03-10 08:53:18,979 [INFO] ThirdPartyUpdaterWithRetryManager:96 - Updater plugin is busy. [5/15]
2026-03-10 08:53:19,348 [INFO] ServerAccessManage:452 - Complete download http(s) 200
2026-03-10 08:53:19,349 [INFO] ServerAccessManage:509 - Download File STMicroelectronics.X-CUBE-NFC4.pdsc
2026-03-10 08:53:20,192 [INFO] ServerAccessManage:452 - Complete download http(s) 200
2026-03-10 08:53:20,193 [INFO] ServerAccessManage:509 - Download File STMicroelectronics.X-CUBE-NFC6.pdsc
2026-03-10 08:53:20,477 [INFO] ServerAccessManage:452 - Complete download http(s) 200
2026-03-10 08:53:20,478 [INFO] ServerAccessManage:509 - Download File STMicroelectronics.X-CUBE-NFC7.pdsc
2026-03-10 08:53:20,757 [INFO] ServerAccessManage:452 - Complete download http(s) 200
2026-03-10 08:53:20,757 [INFO] ServerAccessManage:509 - Download File STMicroelectronics.X-CUBE-NFC9.pdsc
2026-03-10 08:53:20,902 [INFO] ServerAccessManage:452 - Complete download http(s) 200
2026-03-10 08:53:20,902 [INFO] ServerAccessManage:509 - Download File STMicroelectronics.X-CUBE-NFC10.pdsc
2026-03-10 08:53:21,087 [INFO] ServerAccessManage:452 - Complete download http(s) 200
2026-03-10 08:53:21,087 [INFO] ServerAccessManage:509 - Download File STMicroelectronics.X-CUBE-NFC12.pdsc
2026-03-10 08:53:21,220 [INFO] ServerAccessManage:452 - Complete download http(s) 200
2026-03-10 08:53:21,220 [INFO] ServerAccessManage:509 - Download File STMicroelectronics.X-CUBE-SFXS2LP1.pdsc
2026-03-10 08:53:21,559 [INFO] ServerAccessManage:452 - Complete download http(s) 200
2026-03-10 08:53:21,559 [INFO] ServerAccessManage:509 - Download File STMicroelectronics.X-CUBE-SUBG2.pdsc
2026-03-10 08:53:21,984 [WARN] MainUpdater:1193 - Updater busy. Cannot search thirdparties
2026-03-10 08:53:21,984 [INFO] ThirdPartyUpdaterWithRetryManager:96 - Updater plugin is busy. [6/15]
2026-03-10 08:53:22,197 [INFO] ServerAccessManage:452 - Complete download http(s) 200
2026-03-10 08:53:22,197 [INFO] ServerAccessManage:509 - Download File STMicroelectronics.X-CUBE-SMBUS.pdsc
2026-03-10 08:53:22,401 [ERROR] ServerAccessManage:1212 - Problem, file not found on Server
2026-03-10 08:53:22,467 [INFO] ServerAccessManage:452 - Complete download http(s) 200
2026-03-10 08:53:22,467 [INFO] ServerAccessManage:509 - Download File STMicroelectronics.X-CUBE-ST60.pdsc
2026-03-10 08:53:22,669 [INFO] ServerAccessManage:452 - Complete download http(s) 200
2026-03-10 08:53:22,669 [INFO] ServerAccessManage:509 - Download File STMicroelectronics.X-CUBE-ST67W61.pdsc
2026-03-10 08:53:22,817 [INFO] ServerAccessManage:452 - Complete download http(s) 200
2026-03-10 08:53:22,817 [INFO] ServerAccessManage:509 - Download File STMicroelectronics.X-CUBE-STSE01.pdsc
2026-03-10 08:53:23,036 [INFO] ServerAccessManage:452 - Complete download http(s) 200
2026-03-10 08:53:23,037 [INFO] ServerAccessManage:509 - Download File STMicroelectronics.X-CUBE-PM33A1.pdsc
2026-03-10 08:53:23,158 [INFO] ServerAccessManage:452 - Complete download http(s) 200
2026-03-10 08:53:23,159 [INFO] ServerAccessManage:509 - Download File STMicroelectronics.X-CUBE-TCPP.pdsc
2026-03-10 08:53:23,347 [INFO] ServerAccessManage:452 - Complete download http(s) 200
2026-03-10 08:53:23,348 [INFO] ServerAccessManage:509 - Download File STMicroelectronics.X-CUBE-TOF1.pdsc
2026-03-10 08:53:24,168 [ERROR] ServerAccessManage:1212 - Problem, file not found on Server
2026-03-10 08:53:24,285 [INFO] ServerAccessManage:452 - Complete download http(s) 200
2026-03-10 08:53:24,286 [INFO] ServerAccessManage:509 - Download File STMicroelectronics.X-CUBE-TOUCHGFX.pdsc
2026-03-10 08:53:24,989 [WARN] MainUpdater:1193 - Updater busy. Cannot search thirdparties
2026-03-10 08:53:24,989 [INFO] ThirdPartyUpdaterWithRetryManager:96 - Updater plugin is busy. [7/15]
2026-03-10 08:53:25,983 [INFO] ServerAccessManage:452 - Complete download http(s) 200
2026-03-10 08:53:25,983 [INFO] ServerAccessManage:509 - Download File STMicroelectronics.X-CUBE-ALGOBUILD.pdsc
2026-03-10 08:53:26,433 [INFO] ServerAccessManage:452 - Complete download http(s) 200
2026-03-10 08:53:26,434 [INFO] ServerAccessManage:509 - Download File STMicroelectronics.X-CUBE-AZRTOS-H7.pdsc
2026-03-10 08:53:27,296 [INFO] ServerAccessManage:452 - Complete download http(s) 200
2026-03-10 08:53:27,296 [INFO] ServerAccessManage:509 - Download File STMicroelectronics.X-CUBE-AZRTOS-H7RS.pdsc
2026-03-10 08:53:27,785 [INFO] ServerAccessManage:452 - Complete download http(s) 200
2026-03-10 08:53:27,785 [INFO] ServerAccessManage:509 - Download File STMicroelectronics.X-CUBE-AZRTOS-F4.pdsc
2026-03-10 08:53:27,994 [WARN] MainUpdater:1193 - Updater busy. Cannot search thirdparties
2026-03-10 08:53:27,994 [INFO] ThirdPartyUpdaterWithRetryManager:96 - Updater plugin is busy. [8/15]
2026-03-10 08:53:28,147 [INFO] ServerAccessManage:452 - Complete download http(s) 200
2026-03-10 08:53:28,148 [INFO] ServerAccessManage:509 - Download File STMicroelectronics.X-CUBE-AZRTOS-F7.pdsc
2026-03-10 08:53:28,505 [INFO] ServerAccessManage:452 - Complete download http(s) 200
2026-03-10 08:53:28,505 [INFO] ServerAccessManage:509 - Download File STMicroelectronics.X-CUBE-AZRTOS-L4.pdsc
2026-03-10 08:53:28,882 [INFO] ServerAccessManage:452 - Complete download http(s) 200
2026-03-10 08:53:28,882 [INFO] ServerAccessManage:509 - Download File STMicroelectronics.X-CUBE-AZRTOS-L5.pdsc
2026-03-10 08:53:29,287 [INFO] ServerAccessManage:452 - Complete download http(s) 200
2026-03-10 08:53:29,288 [INFO] ServerAccessManage:509 - Download File STMicroelectronics.X-CUBE-AZRTOS-G0.pdsc
2026-03-10 08:53:29,636 [INFO] ServerAccessManage:452 - Complete download http(s) 200
2026-03-10 08:53:29,636 [INFO] ServerAccessManage:509 - Download File STMicroelectronics.X-CUBE-AZRTOS-G4.pdsc
2026-03-10 08:53:29,976 [INFO] ServerAccessManage:452 - Complete download http(s) 200
2026-03-10 08:53:29,976 [INFO] ServerAccessManage:509 - Download File STMicroelectronics.X-CUBE-AZRTOS-WB.pdsc
2026-03-10 08:53:30,310 [INFO] ServerAccessManage:452 - Complete download http(s) 200
2026-03-10 08:53:30,310 [INFO] ServerAccessManage:509 - Download File STMicroelectronics.X-CUBE-AZRTOS-WL.pdsc
2026-03-10 08:53:30,611 [INFO] ServerAccessManage:452 - Complete download http(s) 200
2026-03-10 08:53:30,611 [INFO] ServerAccessManage:509 - Download File STMicroelectronics.X-CUBE-WB05N.pdsc
2026-03-10 08:53:31,000 [WARN] MainUpdater:1193 - Updater busy. Cannot search thirdparties
2026-03-10 08:53:31,000 [INFO] ThirdPartyUpdaterWithRetryManager:96 - Updater plugin is busy. [9/15]
2026-03-10 08:53:31,297 [INFO] ServerAccessManage:452 - Complete download http(s) 200
2026-03-10 08:53:31,297 [INFO] ServerAccessManage:509 - Download File wolfSSL.I-CUBE-wolfSSL.pdsc
2026-03-10 08:53:34,007 [WARN] MainUpdater:1193 - Updater busy. Cannot search thirdparties
2026-03-10 08:53:34,007 [INFO] ThirdPartyUpdaterWithRetryManager:96 - Updater plugin is busy. [10/15]
2026-03-10 08:53:36,014 [ERROR] ServerAccessManage:1212 - Problem, file not found on Server
2026-03-10 08:53:36,233 [ERROR] ServerAccessManage:1212 - Problem, file not found on Server
2026-03-10 08:53:36,256 [INFO] WebApp:169 - Instantiating new browser for Auth
2026-03-10 08:53:36,445 [ERROR] ServerAccessManage:1212 - Problem, file not found on Server
2026-03-10 08:53:36,571 [INFO] ServerAccessManage:452 - Complete download http(s) 200
2026-03-10 08:53:36,575 [INFO] ServerAccessManage:509 - Download File wolfSSL.I-CUBE-wolfMQTT.pdsc
2026-03-10 08:53:37,012 [WARN] MainUpdater:1193 - Updater busy. Cannot search thirdparties
2026-03-10 08:53:37,012 [INFO] ThirdPartyUpdaterWithRetryManager:96 - Updater plugin is busy. [11/15]
2026-03-10 08:53:37,567 [ERROR] ServerAccessManage:1212 - Problem, file not found on Server
2026-03-10 08:53:37,694 [INFO] ServerAccessManage:452 - Complete download http(s) 200
2026-03-10 08:53:37,694 [INFO] ServerAccessManage:509 - Download File wolfSSL.I-CUBE-wolfTPM.pdsc
2026-03-10 08:53:37,772 [INFO] WebApp:463 - Apply proxy settings
2026-03-10 08:53:37,777 [INFO] WebApp:508 - Chromium authenticates against Manually configured proxy
2026-03-10 08:53:37,793 [INFO] WebApp:516 - Username used for proxy authentication: 
2026-03-10 08:53:37,830 [INFO] WebApp:900 - Register for checkConnection events
2026-03-10 08:53:37,830 [INFO] WebApp:463 - Apply proxy settings
2026-03-10 08:53:37,835 [INFO] WebApp:508 - Chromium authenticates against Manually configured proxy
2026-03-10 08:53:37,836 [INFO] WebApp:516 - Username used for proxy authentication: 
2026-03-10 08:53:37,998 [INFO] WebApp:225 - Starting web application
2026-03-10 08:53:37,998 [INFO] WebApp:593 - Web application path used /Applications/STM32CubeIDE.app/Contents/Eclipse/plugins/com.st.stm32cube.common.mx_6.15.0.202507011659/db/plugins/mcufinder/reactClient1/index.html
2026-03-10 08:53:38,497 [INFO] WebApp:191 - Connection restablished
2026-03-10 08:53:39,030 [INFO] ServerAccessManage:452 - Complete download http(s) 200
2026-03-10 08:53:39,032 [INFO] ServerAccessManage:509 - Download File wolfSSL.I-CUBE-wolfSSH.pdsc
2026-03-10 08:53:40,018 [WARN] MainUpdater:1193 - Updater busy. Cannot search thirdparties
2026-03-10 08:53:40,019 [INFO] ThirdPartyUpdaterWithRetryManager:96 - Updater plugin is busy. [12/15]
2026-03-10 08:53:40,668 [INFO] ServerAccessManage:452 - Complete download http(s) 200
2026-03-10 08:53:40,668 [INFO] ServerAccessManage:509 - Download File RealThread.X-CUBE-RT-Thread_Nano.pdsc
2026-03-10 08:53:40,859 [INFO] ServerAccessManage:452 - Complete download http(s) 200
2026-03-10 08:53:40,859 [INFO] ServerAccessManage:509 - Download File SEGGER.I-CUBE-embOS.pdsc
2026-03-10 08:53:41,202 [INFO] ServerAccessManage:452 - Complete download http(s) 200
2026-03-10 08:53:41,202 [INFO] ServerAccessManage:509 - Download File emotas.I-CUBE-CANOPEN.pdsc
2026-03-10 08:53:42,098 [INFO] ServerAccessManage:452 - Complete download http(s) 200
2026-03-10 08:53:42,098 [INFO] ServerAccessManage:509 - Download File WES.I-CUBE-Cesium.pdsc
2026-03-10 08:53:42,806 [ERROR] ServerAccessManage:1212 - Problem, file not found on Server
2026-03-10 08:53:43,025 [WARN] MainUpdater:1193 - Updater busy. Cannot search thirdparties
2026-03-10 08:53:43,025 [INFO] ThirdPartyUpdaterWithRetryManager:96 - Updater plugin is busy. [13/15]
2026-03-10 08:53:43,068 [ERROR] ServerAccessManage:1212 - Problem, file not found on Server
2026-03-10 08:53:43,816 [INFO] ServerAccessManage:452 - Complete download http(s) 200
2026-03-10 08:53:43,816 [INFO] ServerAccessManage:509 - Download File ITTIA_DB.I-CUBE-ITTIADB.pdsc
2026-03-10 08:53:46,030 [WARN] MainUpdater:1193 - Updater busy. Cannot search thirdparties
2026-03-10 08:53:46,030 [INFO] ThirdPartyUpdaterWithRetryManager:96 - Updater plugin is busy. [14/15]
2026-03-10 08:53:47,173 [INFO] ServerAccessManage:452 - Complete download http(s) 200
2026-03-10 08:53:47,174 [INFO] ServerAccessManage:509 - Download File Infineon.AIROC-Wi-Fi-Bluetooth-STM32.pdsc
2026-03-10 08:53:49,036 [WARN] MainUpdater:1193 - Updater busy. Cannot search thirdparties
2026-03-10 08:53:49,036 [INFO] ThirdPartyUpdaterWithRetryManager:96 - Updater plugin is busy. [15/15]
2026-03-10 08:53:49,037 [ERROR] IntegrityCheckThread:130 - Cannot retrieve database content from updater: error -1
2026-03-10 08:53:49,038 [INFO] ThirdParty:978 - Integrity check success = false
2026-03-10 08:53:49,038 [INFO] IntegrityCheckThread:100 - exiting critical section [integrity check]
2026-03-10 08:53:49,038 [INFO] IntegrityCheckThread:103 - End integrity checks thread
2026-03-10 08:53:50,883 [INFO] ServerAccessManage:452 - Complete download http(s) 200
2026-03-10 08:53:50,883 [INFO] ServerAccessManage:509 - Download File Cesanta.I-CUBE-Mongoose.pdsc
2026-03-10 08:53:52,089 [INFO] ServerAccessManage:452 - Complete download http(s) 200
2026-03-10 08:53:52,089 [INFO] ServerAccessManage:509 - Download File EmbeddedOffice.I-CUBE-FS-RTOS.pdsc
2026-03-10 08:53:52,733 [INFO] ServerAccessManage:452 - Complete download http(s) 200
2026-03-10 08:53:52,733 [INFO] ServerAccessManage:509 - Download File quantropi.X-CUBE-qispace-sdk-base.pdsc
2026-03-10 08:53:53,290 [INFO] ServerAccessManage:452 - Complete download http(s) 200
2026-03-10 08:53:53,290 [INFO] ServerAccessManage:509 - Download File Avnet-IOTCONNECT.X-CUBE-iotc-st67-sdk.pdsc
2026-03-10 08:53:53,495 [WARN] PackLoader:240 - Cannot read IP mode file for STMicroelectronics.FP-ATR-ASTRA1.2.0.2
2026-03-10 08:53:53,517 [WARN] CheckServerUpdateThread:151 - Open CheckUpdateFile Fail
2026-03-10 08:53:53,530 [WARN] PackLoader:240 - Cannot read IP mode file for STMicroelectronics.FP-ATR-SIGFOX1.3.2.0
2026-03-10 08:53:53,542 [WARN] PackLoader:240 - Cannot read IP mode file for STMicroelectronics.FP-SNS-STBOX1.2.1.0
2026-03-10 08:53:53,579 [WARN] PackLoader:240 - Cannot read IP mode file for STMicroelectronics.FP-SNS-FLIGHT1.5.1.0
2026-03-10 08:53:53,595 [WARN] PackLoader:240 - Cannot read IP mode file for STMicroelectronics.FP-SNS-MOTENV1.5.1.0
2026-03-10 08:53:53,611 [WARN] PackLoader:240 - Cannot read IP mode file for STMicroelectronics.FP-SNS-MOTENVWB1.1.5.0
2026-03-10 08:53:53,622 [WARN] PackLoader:240 - Cannot read IP mode file for STMicroelectronics.FP-SNS-SMARTAG2.1.2.0
2026-03-10 08:53:53,640 [WARN] PackLoader:240 - Cannot read IP mode file for STMicroelectronics.FP-SNS-STAIOTCFT.1.0.0
2026-03-10 08:53:53,648 [WARN] PackLoader:240 - Cannot read IP mode file for STMicroelectronics.X-CUBE-AI.10.2.0
2026-03-10 08:53:53,657 [WARN] PackLoader:240 - Cannot read IP mode file for STMicroelectronics.X-CUBE-ALS.1.0.2
2026-03-10 08:53:53,667 [INFO] CheckServerUpdateThread:120 - End of CheckServer Thread
2026-03-10 08:53:53,668 [WARN] PackLoader:240 - Cannot read IP mode file for STMicroelectronics.X-CUBE-BLE1.7.1.0
2026-03-10 08:53:53,698 [WARN] PackLoader:240 - Cannot read IP mode file for STMicroelectronics.X-CUBE-BLE2.3.3.0
2026-03-10 08:53:53,752 [WARN] PackLoader:240 - Cannot read IP mode file for STMicroelectronics.X-CUBE-BLEMGR.4.1.0
2026-03-10 08:53:53,789 [WARN] PackLoader:240 - Cannot read IP mode file for STMicroelectronics.X-CUBE-DISPLAY.3.0.0
2026-03-10 08:53:53,837 [WARN] PackLoader:240 - Cannot read IP mode file for STMicroelectronics.X-CUBE-DPower.1.3.0
2026-03-10 08:53:53,852 [WARN] PackLoader:240 - Cannot read IP mode file for STMicroelectronics.X-CUBE-EEPRMA1.5.2.0
2026-03-10 08:53:53,891 [WARN] PackLoader:240 - Cannot read IP mode file for STMicroelectronics.X-CUBE-FREERTOS.1.5.0
2026-03-10 08:53:53,913 [WARN] PackLoader:240 - Cannot read IP mode file for STMicroelectronics.X-CUBE-GNSS1.7.1.0
2026-03-10 08:53:53,932 [WARN] PackLoader:240 - Cannot read IP mode file for STMicroelectronics.X-CUBE-ISPU.2.1.0
2026-03-10 08:53:53,962 [WARN] PackLoader:240 - Cannot read IP mode file for STMicroelectronics.X-CUBE-IPS.3.2.0
2026-03-10 08:53:54,108 [WARN] PackLoader:240 - Cannot read IP mode file for STMicroelectronics.X-CUBE-MEMS1.12.0.0
2026-03-10 08:53:54,207 [WARN] PackLoader:240 - Cannot read IP mode file for STMicroelectronics.X-CUBE-NFC4.3.0.0
2026-03-10 08:53:54,224 [WARN] PackLoader:240 - Cannot read IP mode file for STMicroelectronics.X-CUBE-NFC6.3.2.0
2026-03-10 08:53:54,235 [WARN] PackLoader:240 - Cannot read IP mode file for STMicroelectronics.X-CUBE-NFC7.2.0.0
2026-03-10 08:53:54,247 [WARN] PackLoader:240 - Cannot read IP mode file for STMicroelectronics.X-CUBE-NFC9.1.0.0
2026-03-10 08:53:54,260 [WARN] PackLoader:240 - Cannot read IP mode file for STMicroelectronics.X-CUBE-NFC10.1.0.0
2026-03-10 08:53:54,270 [WARN] PackLoader:240 - Cannot read IP mode file for STMicroelectronics.X-CUBE-NFC12.1.0.0
2026-03-10 08:53:54,283 [WARN] PackLoader:240 - Cannot read IP mode file for STMicroelectronics.X-CUBE-SFXS2LP1.4.0.0
2026-03-10 08:53:54,300 [WARN] PackLoader:240 - Cannot read IP mode file for STMicroelectronics.X-CUBE-SUBG2.5.0.0
2026-03-10 08:53:54,312 [WARN] PackLoader:240 - Cannot read IP mode file for STMicroelectronics.X-CUBE-SMBUS.2.1.0
2026-03-10 08:53:54,318 [WARN] PackLoader:240 - Cannot read IP mode file for STMicroelectronics.X-CUBE-ST60.1.1.0
2026-03-10 08:53:54,329 [WARN] PackLoader:240 - Cannot read IP mode file for STMicroelectronics.X-CUBE-ST67W61.1.2.0
2026-03-10 08:53:54,338 [WARN] PackLoader:240 - Cannot read IP mode file for STMicroelectronics.X-CUBE-STSE01.2.0.0
2026-03-10 08:53:54,346 [WARN] PackLoader:240 - Cannot read IP mode file for STMicroelectronics.X-CUBE-PM33A1.1.0.0
2026-03-10 08:53:54,354 [WARN] PackLoader:240 - Cannot read IP mode file for STMicroelectronics.X-CUBE-TCPP.4.2.0
2026-03-10 08:53:54,371 [WARN] PackLoader:240 - Cannot read IP mode file for STMicroelectronics.X-CUBE-TOF1.3.4.3
2026-03-10 08:53:54,385 [WARN] PackLoader:240 - Cannot read IP mode file for STMicroelectronics.X-CUBE-TOUCHGFX.4.26.1
2026-03-10 08:53:54,394 [WARN] PackLoader:240 - Cannot read IP mode file for STMicroelectronics.X-CUBE-ALGOBUILD.1.4.0
2026-03-10 08:53:54,424 [WARN] PackLoader:240 - Cannot read IP mode file for STMicroelectronics.X-CUBE-AZRTOS-H7.3.5.0
2026-03-10 08:53:54,466 [WARN] PackLoader:240 - Cannot read IP mode file for STMicroelectronics.X-CUBE-AZRTOS-H7RS.1.2.0
2026-03-10 08:53:54,497 [WARN] PackLoader:240 - Cannot read IP mode file for STMicroelectronics.X-CUBE-AZRTOS-F4.1.1.0
2026-03-10 08:53:54,537 [WARN] PackLoader:240 - Cannot read IP mode file for STMicroelectronics.X-CUBE-AZRTOS-F7.1.1.0
2026-03-10 08:53:54,566 [WARN] ConditionMgr:438 - getConditionDescription Invalid condition id : LAN8742 Phy interface Condition cause : null
2026-03-10 08:53:54,570 [WARN] PackLoader:240 - Cannot read IP mode file for STMicroelectronics.X-CUBE-AZRTOS-L4.2.0.0
2026-03-10 08:53:54,573 [WARN] ConditionMgr:1044 - genDependencies : Invalid condition id : LAN8742 Phy interface Condition cause : null
2026-03-10 08:53:54,576 [WARN] ConditionMgr:1044 - genDependencies : Invalid condition id : LAN8742 Phy interface Condition cause : null
2026-03-10 08:53:54,577 [WARN] ConditionMgr:1044 - genDependencies : Invalid condition id : LAN8742 Phy interface Condition cause : null
2026-03-10 08:53:54,693 [WARN] PackLoader:240 - Cannot read IP mode file for STMicroelectronics.X-CUBE-AZRTOS-L5.2.0.0
2026-03-10 08:53:54,725 [WARN] PackLoader:240 - Cannot read IP mode file for STMicroelectronics.X-CUBE-AZRTOS-G0.1.1.0
2026-03-10 08:53:54,745 [WARN] PackLoader:240 - Cannot read IP mode file for STMicroelectronics.X-CUBE-AZRTOS-G4.2.0.0
2026-03-10 08:53:54,761 [WARN] ConditionMgr:438 - getConditionDescription Invalid condition id : UX DEVICE CLASS RTOS Condition cause : null
2026-03-10 08:53:54,761 [WARN] ConditionMgr:438 - getConditionDescription Invalid condition id : UX DEVICE CLASS RTOS Condition cause : null
2026-03-10 08:53:54,765 [WARN] PackLoader:240 - Cannot read IP mode file for STMicroelectronics.X-CUBE-AZRTOS-WB.2.0.0
2026-03-10 08:53:54,767 [WARN] ConditionMgr:1044 - genDependencies : Invalid condition id : UX DEVICE CLASS RTOS Condition cause : null
2026-03-10 08:53:54,767 [WARN] ConditionMgr:1044 - genDependencies : Invalid condition id : UX DEVICE CLASS RTOS Condition cause : null
2026-03-10 08:53:54,768 [WARN] ConditionMgr:1044 - genDependencies : Invalid condition id : UX DEVICE CLASS RTOS Condition cause : null
2026-03-10 08:53:54,769 [WARN] ConditionMgr:1044 - genDependencies : Invalid condition id : UX DEVICE CLASS RTOS Condition cause : null
2026-03-10 08:53:54,769 [WARN] ConditionMgr:1044 - genDependencies : Invalid condition id : UX DEVICE CLASS RTOS Condition cause : null
2026-03-10 08:53:54,782 [INFO] LogOutputStream:77 - [STDOUT_REDIRECT] 1 : Invalid condition id : UX_CORESTACK_Condition cause : null
2026-03-10 08:53:54,787 [INFO] LogOutputStream:77 - [STDOUT_REDIRECT] 1 : Invalid condition id : UX_CORESTACK_Condition cause : null
2026-03-10 08:53:54,787 [INFO] LogOutputStream:77 - [STDOUT_REDIRECT] 1 : Invalid condition id : UX_CORESTACK_Condition cause : null
2026-03-10 08:53:54,787 [INFO] LogOutputStream:77 - [STDOUT_REDIRECT] 1 : Invalid condition id : UX_CORESTACK_Condition cause : null
2026-03-10 08:53:54,788 [INFO] LogOutputStream:77 - [STDOUT_REDIRECT] 1 : Invalid condition id : UX_CORESTACK_Condition cause : null
2026-03-10 08:53:54,799 [WARN] PackLoader:240 - Cannot read IP mode file for STMicroelectronics.X-CUBE-AZRTOS-WL.2.0.0
2026-03-10 08:53:54,814 [WARN] PackLoader:240 - Cannot read IP mode file for STMicroelectronics.X-CUBE-WB05N.2.0.0
2026-03-10 08:53:54,820 [WARN] PackLoader:240 - Cannot read IP mode file for wolfSSL.I-CUBE-wolfSSL.5.8.4
2026-03-10 08:53:54,823 [WARN] PackLoader:240 - Cannot read IP mode file for wolfSSL.I-CUBE-wolfMQTT.1.19.2
2026-03-10 08:53:54,826 [WARN] PackLoader:240 - Cannot read IP mode file for wolfSSL.I-CUBE-wolfTPM.3.8.0
2026-03-10 08:53:54,828 [WARN] PackLoader:240 - Cannot read IP mode file for wolfSSL.I-CUBE-wolfSSH.1.4.20
2026-03-10 08:53:54,831 [WARN] PackLoader:240 - Cannot read IP mode file for RealThread.X-CUBE-RT-Thread_Nano.4.1.1
2026-03-10 08:53:54,884 [WARN] PackLoader:240 - Cannot read IP mode file for SEGGER.I-CUBE-embOS.1.3.1
2026-03-10 08:53:54,935 [WARN] PackLoader:240 - Cannot read IP mode file for emotas.I-CUBE-CANOPEN.1.3.0
2026-03-10 08:53:54,952 [WARN] PackLoader:240 - Cannot read IP mode file for WES.I-CUBE-Cesium.1.4.0
2026-03-10 08:53:54,961 [WARN] PackLoader:240 - Cannot read IP mode file for ITTIA_DB.I-CUBE-ITTIADB.8.9.0
2026-03-10 08:53:55,000 [WARN] PackLoader:240 - Cannot read IP mode file for Infineon.AIROC-Wi-Fi-Bluetooth-STM32.1.8.0
2026-03-10 08:53:55,015 [WARN] PackLoader:240 - Cannot read IP mode file for Cesanta.I-CUBE-Mongoose.7.20.0
2026-03-10 08:53:55,038 [WARN] PackLoader:240 - Cannot read IP mode file for EmbeddedOffice.I-CUBE-FS-RTOS.1.0.1
2026-03-10 08:53:55,056 [WARN] ConditionMgr:438 - getConditionDescription Invalid condition id : Cortex-A Device cause : null
2026-03-10 08:53:55,107 [WARN] ConditionMgr:1044 - genDependencies : Invalid condition id : Cortex-A Device cause : null
2026-03-10 08:53:55,108 [WARN] ConditionMgr:1044 - genDependencies : Invalid condition id : Cortex-A Device cause : null
2026-03-10 08:53:55,108 [WARN] ConditionMgr:1044 - genDependencies : Invalid condition id : Cortex-A Device cause : null
2026-03-10 08:53:55,120 [INFO] PopulateThirdPartyThread:66 - Ending populate Thread
2026-03-10 08:53:55,126 [INFO] ThirdParty:1030 - CMSIS Pack Vendor :STMicroelectronics X-CUBE-AZRTOS-H7 3.5.0
2026-03-10 08:53:55,127 [INFO] ThirdParty:1030 - CMSIS Pack Vendor :STMicroelectronics X-CUBE-PM33A1 1.0.0
2026-03-10 08:53:55,127 [INFO] ThirdParty:1030 - CMSIS Pack Vendor :STMicroelectronics X-CUBE-NFC9 1.0.0
2026-03-10 08:53:55,127 [INFO] ThirdParty:1030 - CMSIS Pack Vendor :STMicroelectronics X-CUBE-AZRTOS-F4 1.1.0
2026-03-10 08:53:55,127 [INFO] ThirdParty:1030 - CMSIS Pack Vendor :STMicroelectronics FP-ATR-ASTRA1 2.0.2
2026-03-10 08:53:55,127 [INFO] ThirdParty:1030 - CMSIS Pack Vendor :STMicroelectronics X-CUBE-BLE1 7.1.0
2026-03-10 08:53:55,127 [INFO] ThirdParty:1030 - CMSIS Pack Vendor :STMicroelectronics X-CUBE-SMBUS 2.1.0
2026-03-10 08:53:55,127 [INFO] ThirdParty:1030 - CMSIS Pack Vendor :wolfSSL I-CUBE-wolfMQTT 1.19.2
2026-03-10 08:53:55,127 [INFO] ThirdParty:1030 - CMSIS Pack Vendor :STMicroelectronics X-CUBE-ISPU 2.1.0
2026-03-10 08:53:55,127 [INFO] ThirdParty:1030 - CMSIS Pack Vendor :STMicroelectronics X-CUBE-BLEMGR 4.1.0
2026-03-10 08:53:55,127 [INFO] ThirdParty:1030 - CMSIS Pack Vendor :STMicroelectronics X-CUBE-EEPRMA1 5.2.0
2026-03-10 08:53:55,127 [INFO] ThirdParty:1030 - CMSIS Pack Vendor :STMicroelectronics X-CUBE-IPS 3.2.0
2026-03-10 08:53:55,127 [INFO] ThirdParty:1030 - CMSIS Pack Vendor :STMicroelectronics X-CUBE-AZRTOS-WB 2.0.0
2026-03-10 08:53:55,127 [INFO] ThirdParty:1030 - CMSIS Pack Vendor :wolfSSL I-CUBE-wolfSSL 5.8.4
2026-03-10 08:53:55,127 [INFO] ThirdParty:1030 - CMSIS Pack Vendor :Cesanta I-CUBE-Mongoose 7.20.0
2026-03-10 08:53:55,128 [INFO] ThirdParty:1030 - CMSIS Pack Vendor :STMicroelectronics X-CUBE-NFC12 1.0.0
2026-03-10 08:53:55,131 [INFO] ThirdParty:1030 - CMSIS Pack Vendor :STMicroelectronics X-CUBE-AZRTOS-F7 1.1.0
2026-03-10 08:53:55,133 [INFO] ThirdParty:1030 - CMSIS Pack Vendor :STMicroelectronics X-CUBE-AZRTOS-L5 2.0.0
2026-03-10 08:53:55,133 [INFO] ThirdParty:1030 - CMSIS Pack Vendor :quantropi X-CUBE-qispace-sdk-base 2.1.0
2026-03-10 08:53:55,133 [INFO] ThirdParty:1030 - CMSIS Pack Vendor :STMicroelectronics X-CUBE-MEMS1 12.0.0
2026-03-10 08:53:55,133 [INFO] ThirdParty:1030 - CMSIS Pack Vendor :STMicroelectronics X-CUBE-STSE01 2.0.0
2026-03-10 08:53:55,133 [INFO] ThirdParty:1030 - CMSIS Pack Vendor :STMicroelectronics FP-SNS-MOTENV1 5.1.0
2026-03-10 08:53:55,133 [INFO] ThirdParty:1030 - CMSIS Pack Vendor :STMicroelectronics X-CUBE-AZRTOS-G0 1.1.0
2026-03-10 08:53:55,133 [INFO] ThirdParty:1030 - CMSIS Pack Vendor :STMicroelectronics X-CUBE-NFC4 3.0.0
2026-03-10 08:53:55,133 [INFO] ThirdParty:1030 - CMSIS Pack Vendor :STMicroelectronics X-CUBE-SUBG2 5.0.0
2026-03-10 08:53:55,133 [INFO] ThirdParty:1030 - CMSIS Pack Vendor :EmbeddedOffice I-CUBE-FS-RTOS 1.0.1
2026-03-10 08:53:55,133 [INFO] ThirdParty:1030 - CMSIS Pack Vendor :WES I-CUBE-Cesium 1.4.0
2026-03-10 08:53:55,133 [INFO] ThirdParty:1030 - CMSIS Pack Vendor :STMicroelectronics X-CUBE-AZRTOS-G4 2.0.0
2026-03-10 08:53:55,133 [INFO] ThirdParty:1030 - CMSIS Pack Vendor :STMicroelectronics X-CUBE-WB05N 2.0.0
2026-03-10 08:53:55,133 [INFO] ThirdParty:1030 - CMSIS Pack Vendor :wolfSSL I-CUBE-wolfTPM 3.8.0
2026-03-10 08:53:55,133 [INFO] ThirdParty:1030 - CMSIS Pack Vendor :STMicroelectronics X-CUBE-DISPLAY 3.0.0
2026-03-10 08:53:55,133 [INFO] ThirdParty:1030 - CMSIS Pack Vendor :wolfSSL I-CUBE-wolfSSH 1.4.20
2026-03-10 08:53:55,133 [INFO] ThirdParty:1030 - CMSIS Pack Vendor :STMicroelectronics X-CUBE-NFC7 2.0.0
2026-03-10 08:53:55,133 [INFO] ThirdParty:1030 - CMSIS Pack Vendor :STMicroelectronics FP-SNS-MOTENVWB1 1.5.0
2026-03-10 08:53:55,133 [INFO] ThirdParty:1030 - CMSIS Pack Vendor :STMicroelectronics X-CUBE-TCPP 4.2.0
2026-03-10 08:53:55,133 [INFO] ThirdParty:1030 - CMSIS Pack Vendor :RealThread X-CUBE-RT-Thread_Nano 4.1.1
2026-03-10 08:53:55,133 [INFO] ThirdParty:1030 - CMSIS Pack Vendor :STMicroelectronics FP-ATR-SIGFOX1 3.2.0
2026-03-10 08:53:55,133 [INFO] ThirdParty:1030 - CMSIS Pack Vendor :STMicroelectronics X-CUBE-NFC10 1.0.0
2026-03-10 08:53:55,133 [INFO] ThirdParty:1030 - CMSIS Pack Vendor :STMicroelectronics X-CUBE-FREERTOS 1.5.0
2026-03-10 08:53:55,134 [INFO] ThirdParty:1030 - CMSIS Pack Vendor :STMicroelectronics X-CUBE-ALS 1.0.2
2026-03-10 08:53:55,134 [INFO] ThirdParty:1030 - CMSIS Pack Vendor :STMicroelectronics X-CUBE-ST60 1.1.0
2026-03-10 08:53:55,134 [INFO] ThirdParty:1030 - CMSIS Pack Vendor :emotas I-CUBE-CANOPEN 1.3.0
2026-03-10 08:53:55,134 [INFO] ThirdParty:1030 - CMSIS Pack Vendor :STMicroelectronics X-CUBE-GNSS1 7.1.0
2026-03-10 08:53:55,134 [INFO] ThirdParty:1030 - CMSIS Pack Vendor :ITTIA_DB I-CUBE-ITTIADB 8.9.0
2026-03-10 08:53:55,134 [INFO] ThirdParty:1030 - CMSIS Pack Vendor :STMicroelectronics X-CUBE-TOUCHGFX 4.26.1
2026-03-10 08:53:55,134 [INFO] ThirdParty:1030 - CMSIS Pack Vendor :STMicroelectronics X-CUBE-NFC6 3.2.0
2026-03-10 08:53:55,134 [INFO] ThirdParty:1030 - CMSIS Pack Vendor :STMicroelectronics FP-SNS-STBOX1 2.1.0
2026-03-10 08:53:55,134 [INFO] ThirdParty:1030 - CMSIS Pack Vendor :STMicroelectronics FP-SNS-STAIOTCFT 1.0.0
2026-03-10 08:53:55,134 [INFO] ThirdParty:1030 - CMSIS Pack Vendor :STMicroelectronics X-CUBE-AI 10.2.0
2026-03-10 08:53:55,134 [INFO] ThirdParty:1030 - CMSIS Pack Vendor :STMicroelectronics FP-SNS-SMARTAG2 1.2.0
2026-03-10 08:53:55,134 [INFO] ThirdParty:1030 - CMSIS Pack Vendor :STMicroelectronics FP-SNS-FLIGHT1 5.1.0
2026-03-10 08:53:55,134 [INFO] ThirdParty:1030 - CMSIS Pack Vendor :STMicroelectronics X-CUBE-AZRTOS-WL 2.0.0
2026-03-10 08:53:55,134 [INFO] ThirdParty:1030 - CMSIS Pack Vendor :SEGGER I-CUBE-embOS 1.3.1
2026-03-10 08:53:55,134 [INFO] ThirdParty:1030 - CMSIS Pack Vendor :STMicroelectronics X-CUBE-DPower 1.3.0
2026-03-10 08:53:55,134 [INFO] ThirdParty:1030 - CMSIS Pack Vendor :STMicroelectronics X-CUBE-ALGOBUILD 1.4.0
2026-03-10 08:53:55,134 [INFO] ThirdParty:1030 - CMSIS Pack Vendor :STMicroelectronics X-CUBE-AZRTOS-H7RS 1.2.0
2026-03-10 08:53:55,134 [INFO] ThirdParty:1030 - CMSIS Pack Vendor :STMicroelectronics X-CUBE-AZRTOS-L4 2.0.0
2026-03-10 08:53:55,134 [INFO] ThirdParty:1030 - CMSIS Pack Vendor :STMicroelectronics X-CUBE-SFXS2LP1 4.0.0
2026-03-10 08:53:55,134 [INFO] ThirdParty:1030 - CMSIS Pack Vendor :STMicroelectronics X-CUBE-BLE2 3.3.0
2026-03-10 08:53:55,134 [INFO] ThirdParty:1030 - CMSIS Pack Vendor :Avnet-IOTCONNECT X-CUBE-iotc-st67-sdk 1.0.0
2026-03-10 08:53:55,134 [INFO] ThirdParty:1030 - CMSIS Pack Vendor :STMicroelectronics X-CUBE-TOF1 3.4.3
2026-03-10 08:53:55,134 [INFO] ThirdParty:1030 - CMSIS Pack Vendor :Infineon AIROC-Wi-Fi-Bluetooth-STM32 1.8.0
2026-03-10 08:53:55,134 [INFO] ThirdParty:1030 - CMSIS Pack Vendor :STMicroelectronics X-CUBE-ST67W61 1.2.0
2026-03-10 08:53:55,135 [INFO] LoadServerUpdatesThread:375 - End of LoadServerUpdate Thread
