2026-03-10 09:11:52,649 [INFO] Activator:176 - 


2026-03-10 09:11:52,650 [INFO] Activator:177 - !SESSION log4j initialized
2026-03-10 09:11:53,379 [ERROR] LogOutputStream:75 - [STDERR_REDIRECT] 
2026-03-10 09:11:55,032 [INFO] LogOutputStream:77 - [STDOUT_REDIRECT] 
2026-03-10 09:11:56,947 [INFO] ApplicationProperties:184 - Using Application install path: /Applications/STM32CubeIDE.app/Contents/Eclipse/plugins/com.st.stm32cube.common.mx_6.15.0.202507011659
2026-03-10 09:11:56,958 [INFO] DbMcusXml:78 - Set database path to: /Applications/STM32CubeIDE.app/Contents/Eclipse/plugins/com.st.stm32cube.common.mx_6.15.0.202507011659//db//mcu/
2026-03-10 09:11:56,959 [INFO] ApiDb:274 - Set plugin database path to: /Applications/STM32CubeIDE.app/Contents/Eclipse/plugins/com.st.stm32cube.common.mx_6.15.0.202507011659//db//plugins/boardmanager/
2026-03-10 09:11:56,960 [WARN] ApiDb:259 - Overriding images path with different value:  => /Applications/STM32CubeIDE.app/Contents/Eclipse/plugins/com.st.stm32cube.common.mx_6.15.0.202507011659//db//plugins/mcufinder/images/
2026-03-10 09:11:56,964 [INFO] ApiDb:250 - Set database path to: /Users/lschloegel/.stmcufinder/plugins/mcufinder//mcu/
2026-03-10 09:11:56,965 [INFO] DbMcusAds:125 - Set database path to: /Users/lschloegel/.stmcufinder/plugins/mcufinder//mcu/
2026-03-10 09:11:56,966 [INFO] CrossReferenceDbSqlite:203 - Set database path to: /Users/lschloegel/.stmcufinder/plugins/mcufinder//mcu/cs/
2026-03-10 09:11:57,086 [INFO] RulesReader:64 - Compatibility file has been processed (317 Rules)
2026-03-10 09:11:57,131 [INFO] DbMcusXml:78 - Set database path to: /Applications/STM32CubeIDE.app/Contents/Eclipse/plugins/com.st.stm32cube.common.mx_6.15.0.202507011659//db//mcu/
2026-03-10 09:11:57,132 [INFO] ApiDb:274 - Set plugin database path to: /Applications/STM32CubeIDE.app/Contents/Eclipse/plugins/com.st.stm32cube.common.mx_6.15.0.202507011659//db//plugins/boardmanager/
2026-03-10 09:11:57,132 [INFO] ApiDb:261 - Set plugin images path to: /Applications/STM32CubeIDE.app/Contents/Eclipse/plugins/com.st.stm32cube.common.mx_6.15.0.202507011659//db//plugins/mcufinder/images/
2026-03-10 09:11:57,132 [WARN] DbFile:41 - Overriding database path with different value: /Users/lschloegel/.stmcufinder/plugins/mcufinder/ => /Users/lschloegel/.stmcufinder/plugins/mcufinder
2026-03-10 09:11:57,132 [INFO] ApiDb:250 - Set database path to: /Users/lschloegel/.stmcufinder/plugins/mcufinder//mcu/
2026-03-10 09:11:57,133 [WARN] DbFile:41 - Overriding database path with different value: /Users/lschloegel/.stmcufinder/plugins/mcufinder/ => /Users/lschloegel/.stmcufinder/plugins/mcufinder
2026-03-10 09:11:57,133 [INFO] DbMcusAds:125 - Set database path to: /Users/lschloegel/.stmcufinder/plugins/mcufinder//mcu/
2026-03-10 09:11:57,133 [WARN] DbFile:41 - Overriding database path with different value: /Users/lschloegel/.stmcufinder/plugins/mcufinder/ => /Users/lschloegel/.stmcufinder/plugins/mcufinder
2026-03-10 09:11:57,133 [WARN] DbFile:41 - Overriding database path with different value: /Users/lschloegel/.stmcufinder/plugins/mcufinder/ => /Users/lschloegel/.stmcufinder/plugins/mcufinder
2026-03-10 09:11:57,133 [INFO] CrossReferenceDbSqlite:203 - Set database path to: /Users/lschloegel/.stmcufinder/plugins/mcufinder//mcu/cs/
2026-03-10 09:11:57,197 [INFO] MainPanel:274 - HeapMemory: 277872640
2026-03-10 09:11:57,409 [INFO] DbMcusXml:78 - Set database path to: /Applications/STM32CubeIDE.app/Contents/Eclipse/plugins/com.st.stm32cube.common.mx_6.15.0.202507011659//db//mcu/
2026-03-10 09:11:57,410 [INFO] ApiDb:274 - Set plugin database path to: /Applications/STM32CubeIDE.app/Contents/Eclipse/plugins/com.st.stm32cube.common.mx_6.15.0.202507011659//db//plugins/boardmanager/
2026-03-10 09:11:57,410 [INFO] ApiDb:261 - Set plugin images path to: /Applications/STM32CubeIDE.app/Contents/Eclipse/plugins/com.st.stm32cube.common.mx_6.15.0.202507011659//db//plugins/mcufinder/images/
2026-03-10 09:11:57,410 [WARN] DbFile:41 - Overriding database path with different value: /Users/lschloegel/.stmcufinder/plugins/mcufinder/ => /Users/lschloegel/.stmcufinder/plugins/mcufinder
2026-03-10 09:11:57,410 [INFO] ApiDb:250 - Set database path to: /Users/lschloegel/.stmcufinder/plugins/mcufinder//mcu/
2026-03-10 09:11:57,410 [WARN] DbFile:41 - Overriding database path with different value: /Users/lschloegel/.stmcufinder/plugins/mcufinder/ => /Users/lschloegel/.stmcufinder/plugins/mcufinder
2026-03-10 09:11:57,410 [INFO] DbMcusAds:125 - Set database path to: /Users/lschloegel/.stmcufinder/plugins/mcufinder//mcu/
2026-03-10 09:11:57,410 [WARN] DbFile:41 - Overriding database path with different value: /Users/lschloegel/.stmcufinder/plugins/mcufinder/ => /Users/lschloegel/.stmcufinder/plugins/mcufinder
2026-03-10 09:11:57,410 [WARN] DbFile:41 - Overriding database path with different value: /Users/lschloegel/.stmcufinder/plugins/mcufinder/ => /Users/lschloegel/.stmcufinder/plugins/mcufinder
2026-03-10 09:11:57,410 [INFO] CrossReferenceDbSqlite:203 - Set database path to: /Users/lschloegel/.stmcufinder/plugins/mcufinder//mcu/cs/
2026-03-10 09:11:57,423 [INFO] ApplicationProperties:184 - Using Application install path: /Applications/STM32CubeIDE.app/Contents/Eclipse/plugins/com.st.stm32cube.common.mx_6.15.0.202507011659
2026-03-10 09:11:57,425 [INFO] PluginManage:196 - Search for loadable plugins [exclusion list=, ]
2026-03-10 09:11:57,426 [INFO] PluginManage:310 - Check plugin analytics
2026-03-10 09:11:57,632 [INFO] AnalyticsPlugin:253 - Accepted Software Licenses: 
2026-03-10 09:11:57,632 [INFO] AnalyticsPlugin:255 - Accepted CMSIS Pack Licenses: 
2026-03-10 09:11:57,633 [INFO] AnalyticsPlugin:257 - Accepted Firmware Licenses: 
2026-03-10 09:11:57,643 [INFO] PluginManage:359 - Loaded plugin analytics (category:tool,tabindex:-1)
2026-03-10 09:11:57,643 [INFO] PluginManage:310 - Check plugin cadmodel
2026-03-10 09:11:57,651 [INFO] CADModel:105 - Init CAD model plugin
2026-03-10 09:11:57,652 [INFO] PluginManage:359 - Loaded plugin cadmodel (category:power,tabindex:5)
2026-03-10 09:11:57,652 [INFO] PluginManage:310 - Check plugin clock
2026-03-10 09:11:57,660 [INFO] PluginManage:359 - Loaded plugin clock (category:base,tabindex:2)
2026-03-10 09:11:57,660 [INFO] PluginManage:310 - Check plugin ddr
2026-03-10 09:11:57,661 [INFO] PluginManage:359 - Loaded plugin ddr (category:tool,tabindex:6)
2026-03-10 09:11:57,661 [INFO] PluginManage:310 - Check plugin filemanager
2026-03-10 09:11:57,833 [INFO] PluginManage:359 - Loaded plugin filemanager (category:base,tabindex:10)
2026-03-10 09:11:57,834 [INFO] PluginManage:310 - Check plugin ipmanager
2026-03-10 09:11:57,846 [INFO] PluginManage:359 - Loaded plugin ipmanager (category:base,tabindex:5)
2026-03-10 09:11:57,847 [INFO] PluginManage:310 - Check plugin lpbam
2026-03-10 09:11:57,858 [INFO] PluginManage:359 - Loaded plugin lpbam (category:base,tabindex:0)
2026-03-10 09:11:57,859 [INFO] PluginManage:310 - Check plugin memorymap
2026-03-10 09:11:57,870 [INFO] PluginManage:359 - Loaded plugin memorymap (category:base,tabindex:4)
2026-03-10 09:11:57,870 [INFO] PluginManage:310 - Check plugin pinoutandconfiguration
2026-03-10 09:11:57,877 [INFO] PluginManage:359 - Loaded plugin pinoutandconfiguration (category:base,tabindex:1)
2026-03-10 09:11:57,877 [INFO] PluginManage:310 - Check plugin pinoutconfig
2026-03-10 09:11:58,170 [WARN] SupportedApi:132 - Cannot load RTOS API schema: s4s-elt-must-match.1: The content of 'definitions' must match (annotation?, (simpleType | complexType)?, (unique | key | keyref)*)). A problem was found starting at: attribute.
2026-03-10 09:11:58,424 [INFO] PluginManage:359 - Loaded plugin pinoutconfig (category:base,tabindex:0)
2026-03-10 09:11:58,426 [INFO] PluginManage:310 - Check plugin power
2026-03-10 09:11:58,461 [INFO] PluginManage:359 - Loaded plugin power (category:power,tabindex:4)
2026-03-10 09:11:58,462 [INFO] PluginManage:310 - Check plugin projectmanager
2026-03-10 09:11:58,514 [INFO] PluginManage:359 - Loaded plugin projectmanager (category:projectmanager,tabindex:4)
2026-03-10 09:11:58,514 [INFO] PluginManage:310 - Check plugin rif
2026-03-10 09:11:58,521 [INFO] PluginManage:359 - Loaded plugin rif (category:base,tabindex:3)
2026-03-10 09:11:58,522 [INFO] PluginManage:310 - Check plugin thirdparty
2026-03-10 09:11:58,669 [INFO] PluginManage:359 - Loaded plugin thirdparty (category:base,tabindex:-1)
2026-03-10 09:11:58,670 [INFO] PluginManage:310 - Check plugin tools
2026-03-10 09:11:58,673 [INFO] PluginManage:359 - Loaded plugin tools (category:base,tabindex:7)
2026-03-10 09:11:58,673 [INFO] PluginManage:310 - Check plugin tutovideos
2026-03-10 09:11:58,669 [WARN] IntegrityCheckThread:84 - waiting for thirdparty lock release [integrity check]
2026-03-10 09:11:58,676 [INFO] IntegrityCheckThread:86 - entering critical section [integrity check]
2026-03-10 09:11:58,681 [INFO] ThirdPartyUpdaterWithRetryManager:70 - Updater plugin not ready yet. [1/15]
2026-03-10 09:11:58,850 [INFO] PluginManage:359 - Loaded plugin tutovideos (category:base,tabindex:-1)
2026-03-10 09:11:58,850 [INFO] PluginManage:310 - Check plugin updater
2026-03-10 09:11:58,951 [INFO] PluginManage:359 - Loaded plugin updater (category:base,tabindex:12)
2026-03-10 09:11:58,951 [INFO] PluginManage:310 - Check plugin userauth
2026-03-10 09:11:58,954 [INFO] UserAuth:118 - Init User Auth plugin
2026-03-10 09:11:58,956 [INFO] PluginManage:359 - Loaded plugin userauth (category:base,tabindex:14)
2026-03-10 09:11:58,957 [INFO] PluginManage:283 - PluginManage : Loaded plugins [18]
2026-03-10 09:11:59,210 [INFO] PinOutPanel:1589 - setPackage(No Configuration,No Configuration)
2026-03-10 09:11:59,293 [INFO] CADModel:165 - CPN selected for project level
2026-03-10 09:11:59,293 [INFO] CADModel:114 - Register for checkConnection events
2026-03-10 09:11:59,303 [INFO] IPUIPlugin:80 - create IPUIPlugin
2026-03-10 09:11:59,303 [INFO] PluginManager:220 - loadIPPluginJar : add mdma
2026-03-10 09:11:59,308 [INFO] IPUIPlugin:80 - create IPUIPlugin
2026-03-10 09:11:59,309 [INFO] PluginManager:220 - loadIPPluginJar : add freertos
2026-03-10 09:11:59,313 [INFO] IPUIPlugin:80 - create IPUIPlugin
2026-03-10 09:11:59,313 [INFO] PluginManager:220 - loadIPPluginJar : add gic
2026-03-10 09:11:59,318 [INFO] IPUIPlugin:80 - create IPUIPlugin
2026-03-10 09:11:59,319 [INFO] PluginManager:220 - loadIPPluginJar : add adc
2026-03-10 09:11:59,320 [INFO] IPUIPlugin:80 - create IPUIPlugin
2026-03-10 09:11:59,320 [INFO] PluginManager:220 - loadIPPluginJar : add gtzc
2026-03-10 09:11:59,321 [INFO] IPUIPlugin:80 - create IPUIPlugin
2026-03-10 09:11:59,321 [INFO] PluginManager:220 - loadIPPluginJar : add quadspi
2026-03-10 09:11:59,322 [INFO] IPUIPlugin:80 - create IPUIPlugin
2026-03-10 09:11:59,322 [INFO] PluginManager:220 - loadIPPluginJar : add aes
2026-03-10 09:11:59,323 [INFO] IPUIPlugin:80 - create IPUIPlugin
2026-03-10 09:11:59,323 [INFO] PluginManager:220 - loadIPPluginJar : add pdm2pcm
2026-03-10 09:11:59,324 [INFO] IPUIPlugin:80 - create IPUIPlugin
2026-03-10 09:11:59,324 [INFO] PluginManager:220 - loadIPPluginJar : add hash
2026-03-10 09:11:59,324 [INFO] IPUIPlugin:80 - create IPUIPlugin
2026-03-10 09:11:59,324 [INFO] PluginManager:220 - loadIPPluginJar : add tim
2026-03-10 09:11:59,326 [INFO] IPUIPlugin:80 - create IPUIPlugin
2026-03-10 09:11:59,326 [INFO] PluginManager:220 - loadIPPluginJar : add tsc
2026-03-10 09:11:59,328 [INFO] IPUIPlugin:80 - create IPUIPlugin
2026-03-10 09:11:59,328 [INFO] PluginManager:220 - loadIPPluginJar : add extmemmanager
2026-03-10 09:11:59,330 [INFO] IPUIPlugin:80 - create IPUIPlugin
2026-03-10 09:11:59,330 [INFO] PluginManager:220 - loadIPPluginJar : add ts
2026-03-10 09:11:59,331 [INFO] IPUIPlugin:80 - create IPUIPlugin
2026-03-10 09:11:59,331 [INFO] PluginManager:220 - loadIPPluginJar : add radio
2026-03-10 09:11:59,332 [INFO] IPUIPlugin:80 - create IPUIPlugin
2026-03-10 09:11:59,332 [INFO] PluginManager:220 - loadIPPluginJar : add can
2026-03-10 09:11:59,333 [INFO] IPUIPlugin:80 - create IPUIPlugin
2026-03-10 09:11:59,333 [INFO] PluginManager:220 - loadIPPluginJar : add dma3
2026-03-10 09:11:59,336 [INFO] IPUIPlugin:80 - create IPUIPlugin
2026-03-10 09:11:59,336 [INFO] PluginManager:220 - loadIPPluginJar : add dfsdm
2026-03-10 09:11:59,337 [INFO] IPUIPlugin:80 - create IPUIPlugin
2026-03-10 09:11:59,338 [INFO] PluginManager:220 - loadIPPluginJar : add spi
2026-03-10 09:11:59,339 [INFO] IPUIPlugin:80 - create IPUIPlugin
2026-03-10 09:11:59,339 [INFO] PluginManager:220 - loadIPPluginJar : add gfxmmu
2026-03-10 09:11:59,339 [INFO] IPUIPlugin:80 - create IPUIPlugin
2026-03-10 09:11:59,339 [INFO] PluginManager:220 - loadIPPluginJar : add genericplugin
2026-03-10 09:11:59,341 [INFO] IPUIPlugin:80 - create IPUIPlugin
2026-03-10 09:11:59,341 [INFO] PluginManager:220 - loadIPPluginJar : add cryp
2026-03-10 09:11:59,344 [INFO] IPUIPlugin:80 - create IPUIPlugin
2026-03-10 09:11:59,344 [INFO] PluginManager:220 - loadIPPluginJar : add gpio
2026-03-10 09:11:59,346 [INFO] IPUIPlugin:80 - create IPUIPlugin
2026-03-10 09:11:59,346 [INFO] PluginManager:220 - loadIPPluginJar : add ddr_ctrl_phy
2026-03-10 09:11:59,347 [INFO] IPUIPlugin:80 - create IPUIPlugin
2026-03-10 09:11:59,348 [INFO] PluginManager:220 - loadIPPluginJar : add comp
2026-03-10 09:11:59,349 [INFO] IPUIPlugin:80 - create IPUIPlugin
2026-03-10 09:11:59,350 [INFO] PluginManager:220 - loadIPPluginJar : add tracer_emb
2026-03-10 09:11:59,351 [INFO] IPUIPlugin:80 - create IPUIPlugin
2026-03-10 09:11:59,351 [INFO] PluginManager:220 - loadIPPluginJar : add openamp
2026-03-10 09:11:59,354 [INFO] IPUIPlugin:80 - create IPUIPlugin
2026-03-10 09:11:59,354 [INFO] PluginManager:220 - loadIPPluginJar : add stm32_wpan
2026-03-10 09:11:59,357 [INFO] IPUIPlugin:80 - create IPUIPlugin
2026-03-10 09:11:59,359 [INFO] PluginManager:220 - loadIPPluginJar : add plateformsettings
2026-03-10 09:11:59,362 [INFO] IPUIPlugin:80 - create IPUIPlugin
2026-03-10 09:11:59,362 [INFO] PluginManager:220 - loadIPPluginJar : add ipddr
2026-03-10 09:11:59,364 [INFO] IPUIPlugin:80 - create IPUIPlugin
2026-03-10 09:11:59,364 [INFO] PluginManager:220 - loadIPPluginJar : add usart
2026-03-10 09:11:59,364 [INFO] IPUIPlugin:80 - create IPUIPlugin
2026-03-10 09:11:59,364 [INFO] PluginManager:220 - loadIPPluginJar : add ltdc
2026-03-10 09:11:59,366 [INFO] IPUIPlugin:80 - create IPUIPlugin
2026-03-10 09:11:59,366 [INFO] PluginManager:220 - loadIPPluginJar : add nvic
2026-03-10 09:11:59,367 [INFO] IPUIPlugin:80 - create IPUIPlugin
2026-03-10 09:11:59,367 [INFO] PluginManager:220 - loadIPPluginJar : add fatfs
2026-03-10 09:11:59,371 [INFO] IPUIPlugin:80 - create IPUIPlugin
2026-03-10 09:11:59,371 [INFO] PluginManager:220 - loadIPPluginJar : add linkedlist
2026-03-10 09:11:59,374 [INFO] IPUIPlugin:80 - create IPUIPlugin
2026-03-10 09:11:59,374 [INFO] PluginManager:220 - loadIPPluginJar : add dma
2026-03-10 09:11:59,375 [INFO] IPUIPlugin:80 - create IPUIPlugin
2026-03-10 09:11:59,375 [INFO] PluginManager:220 - loadIPPluginJar : add fmc
2026-03-10 09:11:59,376 [INFO] IPUIPlugin:80 - create IPUIPlugin
2026-03-10 09:11:59,376 [INFO] PluginManager:220 - loadIPPluginJar : add i2s
2026-03-10 09:11:59,377 [INFO] IPUIPlugin:80 - create IPUIPlugin
2026-03-10 09:11:59,377 [INFO] PluginManager:220 - loadIPPluginJar : add ucpd
2026-03-10 09:11:59,379 [INFO] IPUIPlugin:80 - create IPUIPlugin
2026-03-10 09:11:59,379 [INFO] PluginManager:220 - loadIPPluginJar : add lorawan
2026-03-10 09:11:59,380 [INFO] IPUIPlugin:80 - create IPUIPlugin
2026-03-10 09:11:59,380 [INFO] PluginManager:220 - loadIPPluginJar : add opamp
2026-03-10 09:11:59,381 [INFO] IPUIPlugin:80 - create IPUIPlugin
2026-03-10 09:11:59,381 [INFO] PluginManager:220 - loadIPPluginJar : add i3c
2026-03-10 09:11:59,383 [INFO] IPUIPlugin:80 - create IPUIPlugin
2026-03-10 09:11:59,383 [INFO] PluginManager:220 - loadIPPluginJar : add touchsensing
2026-03-10 09:11:59,384 [INFO] IPUIPlugin:80 - create IPUIPlugin
2026-03-10 09:11:59,384 [INFO] PluginManager:220 - loadIPPluginJar : add i2c
2026-03-10 09:11:59,387 [INFO] IPUIPlugin:80 - create IPUIPlugin
2026-03-10 09:11:59,387 [INFO] PluginManager:220 - loadIPPluginJar : add resmgrutility
2026-03-10 09:11:59,388 [INFO] IPUIPlugin:80 - create IPUIPlugin
2026-03-10 09:11:59,388 [INFO] PluginManager:220 - loadIPPluginJar : add sai
2026-03-10 09:11:59,389 [INFO] IPUIPlugin:80 - create IPUIPlugin
2026-03-10 09:11:59,389 [INFO] PluginManager:220 - loadIPPluginJar : add usbx
2026-03-10 09:11:59,509 [FATAL] Updater:351 - Updater called before beeing initialized
2026-03-10 09:11:59,572 [INFO] RulesReader:64 - Compatibility file has been processed (317 Rules)
2026-03-10 09:11:59,603 [INFO] RulesReader:64 - Compatibility file has been processed (317 Rules)
2026-03-10 09:11:59,620 [INFO] CADModel:165 - CPN selected for project level
2026-03-10 09:11:59,620 [INFO] CADModel:114 - Register for checkConnection events
2026-03-10 09:11:59,620 [FATAL] Updater:351 - Updater called before beeing initialized
2026-03-10 09:11:59,620 [ERROR] CADModel:125 - Updater not yet initialized, retry later 
2026-03-10 09:11:59,872 [FATAL] Updater:351 - Updater called before beeing initialized
2026-03-10 09:11:59,875 [INFO] CADModel:165 - CPN selected for project level
2026-03-10 09:11:59,875 [INFO] CADModel:114 - Register for checkConnection events
2026-03-10 09:11:59,875 [FATAL] Updater:351 - Updater called before beeing initialized
2026-03-10 09:11:59,875 [ERROR] CADModel:125 - Updater not yet initialized, retry later 
2026-03-10 09:11:59,877 [FATAL] Updater:351 - Updater called before beeing initialized
2026-03-10 09:12:00,030 [FATAL] Updater:351 - Updater called before beeing initialized
2026-03-10 09:12:00,034 [INFO] DbMcusAds:53 - JSON generation date=Thu Sep 30 08:55:09 CEST 2021 (1632984909247)
2026-03-10 09:12:00,035 [FATAL] Updater:351 - Updater called before beeing initialized
2026-03-10 09:12:00,079 [WARN] DetailPanel:346 - Failed to get advertising image, set to default
2026-03-10 09:12:00,149 [FATAL] Updater:351 - Updater called before beeing initialized
2026-03-10 09:12:00,151 [FATAL] Updater:351 - Updater called before beeing initialized
2026-03-10 09:12:00,152 [FATAL] Updater:351 - Updater called before beeing initialized
2026-03-10 09:12:00,152 [WARN] DetailPanel:346 - Failed to get advertising image, set to default
2026-03-10 09:12:00,153 [FATAL] Updater:351 - Updater called before beeing initialized
2026-03-10 09:12:00,233 [ERROR] Updater:1198 - MainUpdater not yet initialized. External WinMGr cannot be set.
2026-03-10 09:12:00,241 [INFO] Updater:1134 - Updater Version found : 6.15.0
2026-03-10 09:12:00,253 [INFO] ApplicationProperties:184 - Using Application install path: /Applications/STM32CubeIDE.app/Contents/Eclipse/plugins/com.st.stm32cube.common.mx_6.15.0.202507011659
2026-03-10 09:12:00,604 [INFO] MainUpdater:2872 - connection check result : 10
2026-03-10 09:12:00,605 [INFO] MainUpdater:289 - Updater Check For Update Now.
2026-03-10 09:12:00,605 [INFO] MicroXplorer:498 - Change Database Version : DB.6.0.150
2026-03-10 09:12:00,611 [INFO] McuFinderGlobals:63 - Set McuFinder mode to 2 (CubeIDE integrated)
2026-03-10 09:12:00,612 [INFO] UserAuth:171 - activating auth plugin
2026-03-10 09:12:00,630 [INFO] UserAuth:487 - Internet connection configuration mode: 1
2026-03-10 09:12:00,645 [INFO] JxBrowserEngine:152 - Initiate JxBrowser Engine with user profile folder
2026-03-10 09:12:00,939 [INFO] CheckServerUpdateThread:120 - End of CheckServer Thread
2026-03-10 09:12:01,938 [WARN] PackLoader:240 - Cannot read IP mode file for STMicroelectronics.X-CUBE-AZRTOS-H7.3.5.0
2026-03-10 09:12:01,985 [WARN] PackLoader:240 - Cannot read IP mode file for STMicroelectronics.FP-ATR-ASTRA1.2.0.2
2026-03-10 09:12:02,005 [WARN] PackLoader:240 - Cannot read IP mode file for STMicroelectronics.X-CUBE-SMBUS.2.1.0
2026-03-10 09:12:02,043 [WARN] PackLoader:240 - Cannot read IP mode file for STMicroelectronics.X-CUBE-AZRTOS-F7.1.1.0
2026-03-10 09:12:02,061 [WARN] PackLoader:240 - Cannot read IP mode file for STMicroelectronics.FP-SNS-MOTENV1.5.1.0
2026-03-10 09:12:02,081 [WARN] PackLoader:240 - Cannot read IP mode file for WES.I-CUBE-Cesium.1.4.0
2026-03-10 09:12:02,094 [WARN] PackLoader:240 - Cannot read IP mode file for STMicroelectronics.X-CUBE-DISPLAY.3.0.0
2026-03-10 09:12:02,109 [WARN] PackLoader:240 - Cannot read IP mode file for STMicroelectronics.FP-SNS-MOTENVWB1.1.5.0
2026-03-10 09:12:02,123 [WARN] PackLoader:240 - Cannot read IP mode file for STMicroelectronics.X-CUBE-NFC10.1.0.0
2026-03-10 09:12:02,133 [WARN] PackLoader:240 - Cannot read IP mode file for STMicroelectronics.X-CUBE-ST60.1.1.0
2026-03-10 09:12:02,149 [WARN] PackLoader:240 - Cannot read IP mode file for emotas.I-CUBE-CANOPEN.1.3.0
2026-03-10 09:12:02,167 [WARN] PackLoader:240 - Cannot read IP mode file for STMicroelectronics.X-CUBE-GNSS1.7.1.0
2026-03-10 09:12:02,181 [WARN] PackLoader:240 - Cannot read IP mode file for STMicroelectronics.FP-SNS-STBOX1.2.1.0
2026-03-10 09:12:02,196 [WARN] PackLoader:240 - Cannot read IP mode file for STMicroelectronics.FP-SNS-SMARTAG2.1.2.0
2026-03-10 09:12:02,201 [WARN] PackLoader:240 - Cannot read IP mode file for STMicroelectronics.FP-SNS-FLIGHT1.5.1.0
2026-03-10 09:12:02,239 [INFO] LogOutputStream:77 - [STDOUT_REDIRECT] 1 : Invalid condition id : UX_CORESTACK_Condition cause : null
2026-03-10 09:12:02,241 [INFO] LogOutputStream:77 - [STDOUT_REDIRECT] 1 : Invalid condition id : UX_CORESTACK_Condition cause : null
2026-03-10 09:12:02,241 [INFO] LogOutputStream:77 - [STDOUT_REDIRECT] 1 : Invalid condition id : UX_CORESTACK_Condition cause : null
2026-03-10 09:12:02,241 [INFO] LogOutputStream:77 - [STDOUT_REDIRECT] 1 : Invalid condition id : UX_CORESTACK_Condition cause : null
2026-03-10 09:12:02,241 [INFO] LogOutputStream:77 - [STDOUT_REDIRECT] 1 : Invalid condition id : UX_CORESTACK_Condition cause : null
2026-03-10 09:12:02,252 [WARN] PackLoader:240 - Cannot read IP mode file for STMicroelectronics.X-CUBE-AZRTOS-WL.2.0.0
2026-03-10 09:12:02,299 [WARN] PackLoader:240 - Cannot read IP mode file for STMicroelectronics.X-CUBE-AZRTOS-H7RS.1.2.0
2026-03-10 09:12:02,323 [WARN] PackLoader:240 - Cannot read IP mode file for STMicroelectronics.X-CUBE-BLE2.3.3.0
2026-03-10 09:12:02,378 [WARN] PackLoader:240 - Cannot read IP mode file for Infineon.AIROC-Wi-Fi-Bluetooth-STM32.1.8.0
2026-03-10 09:12:02,404 [WARN] PackLoader:240 - Cannot read IP mode file for STMicroelectronics.X-CUBE-NFC9.1.0.0
2026-03-10 09:12:02,412 [WARN] PackLoader:240 - Cannot read IP mode file for STMicroelectronics.X-CUBE-BLE1.7.1.0
2026-03-10 09:12:02,417 [WARN] PackLoader:240 - Cannot read IP mode file for wolfSSL.I-CUBE-wolfMQTT.1.19.2
2026-03-10 09:12:02,430 [WARN] PackLoader:240 - Cannot read IP mode file for STMicroelectronics.X-CUBE-EEPRMA1.5.2.0
2026-03-10 09:12:02,440 [WARN] PackLoader:240 - Cannot read IP mode file for wolfSSL.I-CUBE-wolfSSL.5.8.4
2026-03-10 09:12:02,443 [WARN] PackLoader:240 - Cannot read IP mode file for Cesanta.I-CUBE-Mongoose.7.20.0
2026-03-10 09:12:02,512 [WARN] PackLoader:240 - Cannot read IP mode file for STMicroelectronics.X-CUBE-MEMS1.12.0.0
2026-03-10 09:12:02,789 [WARN] PackLoader:240 - Cannot read IP mode file for STMicroelectronics.X-CUBE-AZRTOS-G0.1.1.0
2026-03-10 09:12:02,909 [WARN] PackLoader:240 - Cannot read IP mode file for STMicroelectronics.X-CUBE-NFC4.3.0.0
2026-03-10 09:12:02,936 [WARN] PackLoader:240 - Cannot read IP mode file for EmbeddedOffice.I-CUBE-FS-RTOS.1.0.1
2026-03-10 09:12:02,949 [WARN] PackLoader:240 - Cannot read IP mode file for STMicroelectronics.X-CUBE-WB05N.2.0.0
2026-03-10 09:12:02,954 [WARN] PackLoader:240 - Cannot read IP mode file for wolfSSL.I-CUBE-wolfTPM.3.8.0
2026-03-10 09:12:02,961 [WARN] PackLoader:240 - Cannot read IP mode file for STMicroelectronics.X-CUBE-TCPP.4.2.0
2026-03-10 09:12:02,969 [WARN] PackLoader:240 - Cannot read IP mode file for RealThread.X-CUBE-RT-Thread_Nano.4.1.1
2026-03-10 09:12:02,972 [WARN] PackLoader:240 - Cannot read IP mode file for STMicroelectronics.FP-ATR-SIGFOX1.3.2.0
2026-03-10 09:12:02,976 [WARN] PackLoader:240 - Cannot read IP mode file for STMicroelectronics.X-CUBE-FREERTOS.1.5.0
2026-03-10 09:12:02,982 [WARN] PackLoader:240 - Cannot read IP mode file for ITTIA_DB.I-CUBE-ITTIADB.8.9.0
2026-03-10 09:12:02,991 [WARN] PackLoader:240 - Cannot read IP mode file for STMicroelectronics.X-CUBE-NFC6.3.2.0
2026-03-10 09:12:03,008 [WARN] PackLoader:240 - Cannot read IP mode file for STMicroelectronics.X-CUBE-AI.10.2.0
2026-03-10 09:12:03,124 [WARN] PackLoader:240 - Cannot read IP mode file for SEGGER.I-CUBE-embOS.1.3.1
2026-03-10 09:12:03,156 [WARN] PackLoader:240 - Cannot read IP mode file for STMicroelectronics.X-CUBE-ALGOBUILD.1.4.0
2026-03-10 09:12:03,161 [WARN] PackLoader:240 - Cannot read IP mode file for STMicroelectronics.X-CUBE-PM33A1.1.0.0
2026-03-10 09:12:03,183 [WARN] PackLoader:240 - Cannot read IP mode file for STMicroelectronics.X-CUBE-AZRTOS-F4.1.1.0
2026-03-10 09:12:03,201 [WARN] PackLoader:240 - Cannot read IP mode file for STMicroelectronics.X-CUBE-ISPU.2.1.0
2026-03-10 09:12:03,213 [WARN] PackLoader:240 - Cannot read IP mode file for STMicroelectronics.X-CUBE-IPS.3.2.0
2026-03-10 09:12:03,230 [WARN] PackLoader:240 - Cannot read IP mode file for STMicroelectronics.X-CUBE-NFC12.1.0.0
2026-03-10 09:12:03,250 [WARN] PackLoader:240 - Cannot read IP mode file for STMicroelectronics.X-CUBE-AZRTOS-L5.2.0.0
2026-03-10 09:12:03,260 [WARN] PackLoader:240 - Cannot read IP mode file for STMicroelectronics.X-CUBE-TOUCHGFX.4.26.1
2026-03-10 09:12:03,264 [WARN] PackLoader:240 - Cannot read IP mode file for STMicroelectronics.FP-SNS-STAIOTCFT.1.0.0
2026-03-10 09:12:03,271 [WARN] PackLoader:240 - Cannot read IP mode file for STMicroelectronics.X-CUBE-DPower.1.3.0
2026-03-10 09:12:03,290 [WARN] ConditionMgr:438 - getConditionDescription Invalid condition id : LAN8742 Phy interface Condition cause : null
2026-03-10 09:12:03,292 [WARN] PackLoader:240 - Cannot read IP mode file for STMicroelectronics.X-CUBE-AZRTOS-L4.2.0.0
2026-03-10 09:12:03,296 [WARN] ConditionMgr:1044 - genDependencies : Invalid condition id : LAN8742 Phy interface Condition cause : null
2026-03-10 09:12:03,296 [WARN] ConditionMgr:1044 - genDependencies : Invalid condition id : LAN8742 Phy interface Condition cause : null
2026-03-10 09:12:03,298 [WARN] ConditionMgr:1044 - genDependencies : Invalid condition id : LAN8742 Phy interface Condition cause : null
2026-03-10 09:12:03,304 [WARN] PackLoader:240 - Cannot read IP mode file for STMicroelectronics.X-CUBE-SFXS2LP1.4.0.0
2026-03-10 09:12:03,318 [WARN] PackLoader:240 - Cannot read IP mode file for STMicroelectronics.X-CUBE-ST67W61.1.2.0
2026-03-10 09:12:03,338 [WARN] PackLoader:240 - Cannot read IP mode file for STMicroelectronics.X-CUBE-BLEMGR.4.1.0
2026-03-10 09:12:03,377 [WARN] ConditionMgr:438 - getConditionDescription Invalid condition id : UX DEVICE CLASS RTOS Condition cause : null
2026-03-10 09:12:03,377 [WARN] ConditionMgr:438 - getConditionDescription Invalid condition id : UX DEVICE CLASS RTOS Condition cause : null
2026-03-10 09:12:03,381 [WARN] PackLoader:240 - Cannot read IP mode file for STMicroelectronics.X-CUBE-AZRTOS-WB.2.0.0
2026-03-10 09:12:03,382 [WARN] ConditionMgr:1044 - genDependencies : Invalid condition id : UX DEVICE CLASS RTOS Condition cause : null
2026-03-10 09:12:03,382 [WARN] ConditionMgr:1044 - genDependencies : Invalid condition id : UX DEVICE CLASS RTOS Condition cause : null
2026-03-10 09:12:03,382 [WARN] ConditionMgr:1044 - genDependencies : Invalid condition id : UX DEVICE CLASS RTOS Condition cause : null
2026-03-10 09:12:03,383 [WARN] ConditionMgr:1044 - genDependencies : Invalid condition id : UX DEVICE CLASS RTOS Condition cause : null
2026-03-10 09:12:03,383 [WARN] ConditionMgr:1044 - genDependencies : Invalid condition id : UX DEVICE CLASS RTOS Condition cause : null
2026-03-10 09:12:03,392 [WARN] ConditionMgr:438 - getConditionDescription Invalid condition id : Cortex-A Device cause : null
2026-03-10 09:12:03,419 [WARN] ConditionMgr:1044 - genDependencies : Invalid condition id : Cortex-A Device cause : null
2026-03-10 09:12:03,419 [WARN] ConditionMgr:1044 - genDependencies : Invalid condition id : Cortex-A Device cause : null
2026-03-10 09:12:03,420 [WARN] ConditionMgr:1044 - genDependencies : Invalid condition id : Cortex-A Device cause : null
2026-03-10 09:12:03,427 [WARN] PackLoader:240 - Cannot read IP mode file for STMicroelectronics.X-CUBE-STSE01.2.0.0
2026-03-10 09:12:03,442 [WARN] PackLoader:240 - Cannot read IP mode file for STMicroelectronics.X-CUBE-SUBG2.5.0.0
2026-03-10 09:12:03,471 [WARN] PackLoader:240 - Cannot read IP mode file for STMicroelectronics.X-CUBE-AZRTOS-G4.2.0.0
2026-03-10 09:12:03,478 [WARN] PackLoader:240 - Cannot read IP mode file for wolfSSL.I-CUBE-wolfSSH.1.4.20
2026-03-10 09:12:03,481 [WARN] PackLoader:240 - Cannot read IP mode file for STMicroelectronics.X-CUBE-NFC7.2.0.0
2026-03-10 09:12:03,484 [WARN] PackLoader:240 - Cannot read IP mode file for STMicroelectronics.X-CUBE-ALS.1.0.2
2026-03-10 09:12:03,494 [WARN] PackLoader:240 - Cannot read IP mode file for STMicroelectronics.X-CUBE-TOF1.3.4.3
2026-03-10 09:12:03,520 [INFO] ThirdParty:978 - Integrity check success = true
2026-03-10 09:12:03,521 [INFO] IntegrityCheckThread:100 - exiting critical section [integrity check]
2026-03-10 09:12:03,521 [INFO] IntegrityCheckThread:103 - End integrity checks thread
2026-03-10 09:12:04,743 [INFO] WebApp:169 - Instantiating new browser for Auth
2026-03-10 09:12:05,872 [INFO] WebApp:463 - Apply proxy settings
2026-03-10 09:12:05,889 [INFO] WebApp:508 - Chromium authenticates against Manually configured proxy
2026-03-10 09:12:05,902 [INFO] WebApp:516 - Username used for proxy authentication: 
2026-03-10 09:12:05,935 [INFO] WebApp:900 - Register for checkConnection events
2026-03-10 09:12:05,935 [INFO] WebApp:463 - Apply proxy settings
2026-03-10 09:12:05,940 [INFO] WebApp:508 - Chromium authenticates against Manually configured proxy
2026-03-10 09:12:05,941 [INFO] WebApp:516 - Username used for proxy authentication: 
2026-03-10 09:12:06,065 [INFO] WebApp:225 - Starting web application
2026-03-10 09:12:06,065 [INFO] WebApp:593 - Web application path used /Applications/STM32CubeIDE.app/Contents/Eclipse/plugins/com.st.stm32cube.common.mx_6.15.0.202507011659/db/plugins/mcufinder/reactClient1/index.html
2026-03-10 09:12:06,519 [INFO] WebApp:191 - Connection restablished
2026-03-10 09:12:22,550 [INFO] WebApp:194 - Connection lost
2026-03-10 09:12:23,112 [INFO] WebApp:191 - Connection restablished
2026-03-10 09:27:05,751 [INFO] WebApp:194 - Connection lost
2026-03-10 09:27:06,439 [INFO] WebApp:191 - Connection restablished
2026-03-10 09:31:41,777 [INFO] WebApp:194 - Connection lost
2026-03-10 09:31:42,152 [INFO] WebApp:191 - Connection restablished
2026-03-10 09:31:46,074 [INFO] WebApp:194 - Connection lost
2026-03-10 09:31:46,946 [INFO] WebApp:191 - Connection restablished
2026-03-10 10:39:52,122 [INFO] WebApp:194 - Connection lost
2026-03-10 10:39:52,995 [INFO] WebApp:191 - Connection restablished
2026-03-10 10:47:39,033 [INFO] WebApp:194 - Connection lost
2026-03-10 10:47:39,364 [INFO] WebApp:191 - Connection restablished
2026-03-10 11:04:37,276 [INFO] WebApp:194 - Connection lost
2026-03-10 11:04:37,549 [INFO] WebApp:191 - Connection restablished
2026-03-10 11:04:44,459 [INFO] WebApp:194 - Connection lost
2026-03-10 11:04:45,214 [INFO] WebApp:191 - Connection restablished
2026-03-10 11:10:24,498 [INFO] WebApp:194 - Connection lost
2026-03-10 11:10:24,872 [INFO] WebApp:191 - Connection restablished
2026-03-10 11:28:08,150 [INFO] WebApp:194 - Connection lost
2026-03-10 11:28:08,589 [INFO] WebApp:191 - Connection restablished
2026-03-10 11:43:26,088 [INFO] WebApp:194 - Connection lost
2026-03-10 11:43:27,254 [INFO] WebApp:191 - Connection restablished
2026-03-10 11:59:08,016 [INFO] WebApp:194 - Connection lost
2026-03-10 11:59:09,860 [INFO] WebApp:191 - Connection restablished
2026-03-10 11:59:16,349 [INFO] WebApp:194 - Connection lost
2026-03-10 11:59:18,308 [INFO] WebApp:191 - Connection restablished
2026-03-10 12:17:18,111 [INFO] WebApp:194 - Connection lost
2026-03-10 12:17:18,671 [INFO] WebApp:191 - Connection restablished
2026-03-10 12:26:51,932 [INFO] WebApp:194 - Connection lost
2026-03-10 12:26:53,585 [INFO] WebApp:191 - Connection restablished
2026-03-10 12:26:56,154 [INFO] WebApp:194 - Connection lost
2026-03-10 12:26:58,005 [INFO] WebApp:191 - Connection restablished
2026-03-10 12:43:54,137 [INFO] WebApp:194 - Connection lost
2026-03-10 12:43:54,621 [INFO] WebApp:191 - Connection restablished
2026-03-10 13:00:13,078 [INFO] WebApp:194 - Connection lost
2026-03-10 13:00:14,510 [INFO] WebApp:191 - Connection restablished
2026-03-10 13:02:05,590 [INFO] WebApp:194 - Connection lost
2026-03-10 13:02:07,950 [INFO] WebApp:191 - Connection restablished
2026-03-10 13:20:42,094 [INFO] WebApp:194 - Connection lost
2026-03-10 13:20:43,785 [INFO] WebApp:191 - Connection restablished
2026-03-10 13:27:53,001 [INFO] WebApp:194 - Connection lost
2026-03-10 13:27:56,144 [INFO] WebApp:191 - Connection restablished
2026-03-10 13:45:24,036 [INFO] WebApp:194 - Connection lost
2026-03-10 13:45:24,291 [INFO] WebApp:191 - Connection restablished
2026-03-10 14:01:16,154 [INFO] WebApp:194 - Connection lost
2026-03-10 14:01:17,083 [INFO] WebApp:191 - Connection restablished
2026-03-10 14:02:47,293 [INFO] WebApp:194 - Connection lost
2026-03-10 14:02:49,102 [INFO] WebApp:191 - Connection restablished
2026-03-10 14:19:03,070 [INFO] WebApp:194 - Connection lost
2026-03-10 14:19:03,389 [INFO] WebApp:191 - Connection restablished
2026-03-10 14:24:17,840 [INFO] WebApp:194 - Connection lost
2026-03-10 14:24:19,494 [INFO] WebApp:191 - Connection restablished
2026-03-10 14:28:54,034 [INFO] WebApp:194 - Connection lost
2026-03-10 14:28:54,732 [INFO] WebApp:191 - Connection restablished
2026-03-10 14:45:56,076 [INFO] WebApp:194 - Connection lost
2026-03-10 14:45:56,814 [INFO] WebApp:191 - Connection restablished
2026-03-10 15:04:24,007 [INFO] WebApp:194 - Connection lost
2026-03-10 15:04:25,149 [INFO] WebApp:191 - Connection restablished
2026-03-10 15:04:32,416 [INFO] WebApp:194 - Connection lost
2026-03-10 15:04:33,838 [INFO] WebApp:191 - Connection restablished
2026-03-10 15:21:30,129 [INFO] WebApp:194 - Connection lost
2026-03-10 15:21:30,872 [INFO] WebApp:191 - Connection restablished
2026-03-10 15:29:54,042 [INFO] WebApp:194 - Connection lost
2026-03-10 15:29:55,959 [INFO] WebApp:191 - Connection restablished
2026-03-10 15:46:43,103 [INFO] WebApp:194 - Connection lost
2026-03-10 15:46:43,536 [INFO] WebApp:191 - Connection restablished
2026-03-10 16:02:28,458 [INFO] WebApp:194 - Connection lost
2026-03-10 16:02:32,984 [INFO] WebApp:191 - Connection restablished
2026-03-10 16:20:16,090 [INFO] WebApp:194 - Connection lost
2026-03-10 16:20:16,543 [INFO] WebApp:191 - Connection restablished
2026-03-10 16:30:53,968 [INFO] WebApp:194 - Connection lost
2026-03-10 16:30:54,955 [INFO] WebApp:191 - Connection restablished
2026-03-10 16:30:58,390 [INFO] WebApp:194 - Connection lost
2026-03-10 16:30:59,366 [INFO] WebApp:191 - Connection restablished
2026-03-10 16:32:40,752 [INFO] WebApp:194 - Connection lost
2026-03-10 16:32:41,133 [INFO] WebApp:191 - Connection restablished
2026-03-10 16:51:13,101 [INFO] WebApp:194 - Connection lost
2026-03-10 16:51:13,376 [INFO] WebApp:191 - Connection restablished
2026-03-10 16:51:25,926 [INFO] WebApp:194 - Connection lost
2026-03-10 16:51:27,093 [INFO] WebApp:191 - Connection restablished
2026-03-10 16:52:20,409 [INFO] WebApp:194 - Connection lost
2026-03-10 16:52:20,686 [INFO] WebApp:191 - Connection restablished
2026-03-10 16:53:14,703 [INFO] WebApp:194 - Connection lost
2026-03-10 16:53:15,506 [INFO] WebApp:191 - Connection restablished
2026-03-10 16:54:09,575 [INFO] WebApp:194 - Connection lost
2026-03-10 16:54:10,443 [INFO] WebApp:191 - Connection restablished
2026-03-10 16:54:59,944 [INFO] WebApp:194 - Connection lost
2026-03-10 16:55:00,781 [INFO] WebApp:191 - Connection restablished
2026-03-10 16:55:26,394 [INFO] WebApp:194 - Connection lost
2026-03-10 16:55:27,450 [INFO] WebApp:191 - Connection restablished
2026-03-10 16:55:30,761 [INFO] WebApp:194 - Connection lost
2026-03-10 16:55:33,832 [INFO] WebApp:191 - Connection restablished
2026-03-10 17:49:21,251 [INFO] WebApp:194 - Connection lost
2026-03-10 17:49:21,826 [INFO] WebApp:191 - Connection restablished
2026-03-10 18:05:34,219 [INFO] WebApp:194 - Connection lost
2026-03-10 18:05:36,923 [INFO] WebApp:191 - Connection restablished
2026-03-10 18:05:44,737 [INFO] WebApp:194 - Connection lost
2026-03-10 18:05:44,910 [INFO] WebApp:191 - Connection restablished
2026-03-10 18:23:41,144 [INFO] WebApp:194 - Connection lost
2026-03-10 18:23:41,857 [INFO] WebApp:191 - Connection restablished
2026-03-10 18:39:43,279 [INFO] WebApp:194 - Connection lost
2026-03-10 18:39:45,488 [INFO] WebApp:191 - Connection restablished
2026-03-10 18:55:23,141 [INFO] WebApp:194 - Connection lost
2026-03-10 18:55:23,485 [INFO] WebApp:191 - Connection restablished
2026-03-10 19:11:15,082 [INFO] WebApp:194 - Connection lost
2026-03-10 19:11:17,221 [INFO] WebApp:191 - Connection restablished
2026-03-10 19:11:24,117 [INFO] WebApp:194 - Connection lost
2026-03-10 19:11:27,452 [INFO] WebApp:191 - Connection restablished
2026-03-10 19:28:28,105 [INFO] WebApp:194 - Connection lost
2026-03-10 19:28:28,984 [INFO] WebApp:191 - Connection restablished
2026-03-10 19:32:35,036 [INFO] WebApp:194 - Connection lost
2026-03-10 19:32:37,364 [INFO] WebApp:191 - Connection restablished
2026-03-10 19:50:17,127 [INFO] WebApp:194 - Connection lost
2026-03-10 19:50:17,887 [INFO] WebApp:191 - Connection restablished
2026-03-10 20:07:02,171 [INFO] WebApp:194 - Connection lost
2026-03-10 20:07:04,227 [INFO] WebApp:191 - Connection restablished
2026-03-10 20:07:10,284 [INFO] WebApp:194 - Connection lost
2026-03-10 20:07:14,955 [INFO] WebApp:191 - Connection restablished
2026-03-10 20:24:03,244 [INFO] WebApp:194 - Connection lost
2026-03-10 20:24:03,595 [INFO] WebApp:191 - Connection restablished
2026-03-10 20:33:36,060 [INFO] WebApp:194 - Connection lost
2026-03-10 20:33:38,204 [INFO] WebApp:191 - Connection restablished
2026-03-10 20:51:15,293 [INFO] WebApp:194 - Connection lost
2026-03-10 20:51:16,127 [INFO] WebApp:191 - Connection restablished
2026-03-10 21:07:35,151 [INFO] WebApp:194 - Connection lost
2026-03-10 21:07:37,458 [INFO] WebApp:191 - Connection restablished
2026-03-10 21:07:44,482 [INFO] WebApp:194 - Connection lost
2026-03-10 21:07:44,749 [INFO] WebApp:191 - Connection restablished
2026-03-10 21:23:36,208 [INFO] WebApp:194 - Connection lost
2026-03-10 21:23:36,992 [INFO] WebApp:191 - Connection restablished
2026-03-10 21:34:36,069 [INFO] WebApp:194 - Connection lost
2026-03-10 21:34:38,520 [INFO] WebApp:191 - Connection restablished
2026-03-10 21:50:28,078 [INFO] WebApp:194 - Connection lost
2026-03-10 21:50:28,824 [INFO] WebApp:191 - Connection restablished
2026-03-10 22:07:22,571 [INFO] WebApp:194 - Connection lost
2026-03-10 22:07:24,599 [INFO] WebApp:191 - Connection restablished
2026-03-10 22:14:19,199 [INFO] WebApp:194 - Connection lost
2026-03-10 22:14:19,493 [INFO] WebApp:191 - Connection restablished
2026-03-10 22:31:01,311 [INFO] WebApp:194 - Connection lost
2026-03-10 22:31:02,101 [INFO] WebApp:191 - Connection restablished
2026-03-10 22:47:34,355 [INFO] WebApp:194 - Connection lost
2026-03-10 22:47:36,752 [INFO] WebApp:191 - Connection restablished
2026-03-10 22:58:56,123 [INFO] WebApp:194 - Connection lost
2026-03-10 22:58:56,780 [INFO] WebApp:191 - Connection restablished
2026-03-10 22:59:45,359 [INFO] WebApp:194 - Connection lost
2026-03-10 22:59:46,098 [INFO] WebApp:191 - Connection restablished
2026-03-10 22:59:50,178 [INFO] WebApp:194 - Connection lost
2026-03-10 22:59:51,197 [INFO] WebApp:191 - Connection restablished
2026-03-10 23:15:55,202 [INFO] WebApp:194 - Connection lost
2026-03-10 23:15:56,217 [INFO] WebApp:191 - Connection restablished
2026-03-10 23:31:47,531 [INFO] WebApp:194 - Connection lost
2026-03-10 23:31:49,956 [INFO] WebApp:191 - Connection restablished
2026-03-10 23:47:52,138 [INFO] WebApp:194 - Connection lost
2026-03-10 23:47:52,857 [INFO] WebApp:191 - Connection restablished
