2026-03-11 00:02:38,725 [INFO] WebApp:194 - Connection lost
2026-03-11 00:02:41,017 [INFO] WebApp:191 - Connection restablished
2026-03-11 00:20:03,090 [INFO] WebApp:194 - Connection lost
2026-03-11 00:20:03,406 [INFO] WebApp:191 - Connection restablished
2026-03-11 00:37:28,106 [INFO] WebApp:194 - Connection lost
2026-03-11 00:37:30,174 [INFO] WebApp:191 - Connection restablished
2026-03-11 00:55:20,261 [INFO] WebApp:194 - Connection lost
2026-03-11 00:55:20,625 [INFO] WebApp:191 - Connection restablished
2026-03-11 01:12:56,215 [INFO] WebApp:194 - Connection lost
2026-03-11 01:12:58,556 [INFO] WebApp:191 - Connection restablished
2026-03-11 01:29:58,181 [INFO] WebApp:194 - Connection lost
2026-03-11 01:29:58,543 [INFO] WebApp:191 - Connection restablished
2026-03-11 01:46:12,201 [INFO] WebApp:194 - Connection lost
2026-03-11 01:46:14,175 [INFO] WebApp:191 - Connection restablished
2026-03-11 02:01:48,566 [INFO] WebApp:194 - Connection lost
2026-03-11 02:01:49,412 [INFO] WebApp:191 - Connection restablished
2026-03-11 02:19:36,190 [INFO] WebApp:194 - Connection lost
2026-03-11 02:19:39,060 [INFO] WebApp:191 - Connection restablished
2026-03-11 02:36:53,299 [INFO] WebApp:194 - Connection lost
2026-03-11 02:36:53,649 [INFO] WebApp:191 - Connection restablished
2026-03-11 02:53:57,115 [INFO] WebApp:194 - Connection lost
2026-03-11 02:53:59,262 [INFO] WebApp:191 - Connection restablished
2026-03-11 03:09:01,189 [INFO] WebApp:194 - Connection lost
2026-03-11 03:09:01,733 [INFO] WebApp:191 - Connection restablished
2026-03-11 03:25:27,421 [INFO] WebApp:194 - Connection lost
2026-03-11 03:25:29,698 [INFO] WebApp:191 - Connection restablished
2026-03-11 03:42:46,192 [INFO] WebApp:194 - Connection lost
2026-03-11 03:42:46,786 [INFO] WebApp:191 - Connection restablished
2026-03-11 04:00:16,206 [INFO] WebApp:194 - Connection lost
2026-03-11 04:00:18,428 [INFO] WebApp:191 - Connection restablished
2026-03-11 04:17:17,236 [INFO] WebApp:194 - Connection lost
2026-03-11 04:17:18,111 [INFO] WebApp:191 - Connection restablished
2026-03-11 04:33:28,303 [INFO] WebApp:194 - Connection lost
2026-03-11 04:33:29,956 [INFO] WebApp:191 - Connection restablished
2026-03-11 04:33:38,964 [INFO] WebApp:194 - Connection lost
2026-03-11 04:33:43,295 [INFO] WebApp:191 - Connection restablished
2026-03-11 04:50:52,183 [INFO] WebApp:194 - Connection lost
2026-03-11 04:50:53,213 [INFO] WebApp:191 - Connection restablished
2026-03-11 05:06:15,220 [INFO] WebApp:194 - Connection lost
2026-03-11 05:06:17,905 [INFO] WebApp:191 - Connection restablished
2026-03-11 05:21:43,179 [INFO] WebApp:194 - Connection lost
2026-03-11 05:21:43,465 [INFO] WebApp:191 - Connection restablished
2026-03-11 05:21:49,123 [INFO] WebApp:194 - Connection lost
2026-03-11 05:21:51,767 [INFO] WebApp:191 - Connection restablished
2026-03-11 05:37:49,282 [INFO] WebApp:194 - Connection lost
2026-03-11 05:37:49,982 [INFO] WebApp:191 - Connection restablished
2026-03-11 05:53:33,243 [INFO] WebApp:194 - Connection lost
2026-03-11 05:53:35,755 [INFO] WebApp:191 - Connection restablished
2026-03-11 06:11:23,120 [INFO] WebApp:194 - Connection lost
2026-03-11 06:11:23,968 [INFO] WebApp:191 - Connection restablished
2026-03-11 06:29:01,347 [INFO] WebApp:194 - Connection lost
2026-03-11 06:29:04,555 [INFO] WebApp:191 - Connection restablished
2026-03-11 06:45:57,269 [INFO] WebApp:194 - Connection lost
2026-03-11 06:45:58,259 [INFO] WebApp:191 - Connection restablished
2026-03-11 07:01:17,219 [INFO] WebApp:194 - Connection lost
2026-03-11 07:01:19,116 [INFO] WebApp:191 - Connection restablished
2026-03-11 07:11:55,031 [INFO] WebApp:194 - Connection lost
2026-03-11 07:11:57,349 [INFO] WebApp:191 - Connection restablished
2026-03-11 07:22:50,213 [INFO] WebApp:194 - Connection lost
2026-03-11 07:22:50,687 [INFO] WebApp:191 - Connection restablished
2026-03-11 07:39:37,366 [INFO] WebApp:194 - Connection lost
2026-03-11 07:39:37,820 [INFO] WebApp:191 - Connection restablished
2026-03-11 07:55:46,289 [INFO] WebApp:194 - Connection lost
2026-03-11 07:55:47,006 [INFO] WebApp:191 - Connection restablished
2026-03-11 07:55:54,499 [INFO] WebApp:194 - Connection lost
2026-03-11 07:55:55,020 [INFO] WebApp:191 - Connection restablished
2026-03-11 08:11:56,229 [INFO] WebApp:194 - Connection lost
2026-03-11 08:11:56,729 [INFO] WebApp:191 - Connection restablished
2026-03-11 08:23:51,189 [INFO] WebApp:194 - Connection lost
2026-03-11 08:23:51,769 [INFO] WebApp:191 - Connection restablished
2026-03-11 08:40:44,346 [INFO] WebApp:194 - Connection lost
2026-03-11 08:40:44,906 [INFO] WebApp:191 - Connection restablished
2026-03-11 08:58:30,224 [INFO] WebApp:194 - Connection lost
2026-03-11 08:58:31,508 [INFO] WebApp:191 - Connection restablished
2026-03-11 08:58:37,914 [INFO] WebApp:194 - Connection lost
2026-03-11 08:58:39,122 [INFO] WebApp:191 - Connection restablished
2026-03-11 09:14:25,328 [INFO] WebApp:194 - Connection lost
2026-03-11 09:14:25,644 [INFO] WebApp:191 - Connection restablished
2026-03-11 09:24:52,228 [INFO] WebApp:194 - Connection lost
2026-03-11 09:24:53,577 [INFO] WebApp:191 - Connection restablished
2026-03-11 09:41:55,320 [INFO] WebApp:194 - Connection lost
2026-03-11 09:41:55,547 [INFO] WebApp:191 - Connection restablished
2026-03-11 09:59:42,234 [INFO] WebApp:194 - Connection lost
2026-03-11 09:59:43,945 [INFO] WebApp:191 - Connection restablished
2026-03-11 10:03:00,475 [INFO] WebApp:194 - Connection lost
2026-03-11 10:03:02,634 [INFO] WebApp:191 - Connection restablished
2026-03-11 10:19:34,376 [INFO] WebApp:194 - Connection lost
2026-03-11 10:19:35,004 [INFO] WebApp:191 - Connection restablished
2026-03-11 10:25:53,265 [INFO] WebApp:194 - Connection lost
2026-03-11 10:25:54,443 [INFO] WebApp:191 - Connection restablished
2026-03-11 10:43:48,259 [INFO] WebApp:194 - Connection lost
2026-03-11 10:43:48,610 [INFO] WebApp:191 - Connection restablished
2026-03-11 10:59:17,488 [INFO] WebApp:194 - Connection lost
2026-03-11 10:59:18,526 [INFO] WebApp:191 - Connection restablished
2026-03-11 11:16:01,605 [INFO] WebApp:194 - Connection lost
2026-03-11 11:16:03,008 [INFO] WebApp:191 - Connection restablished
2026-03-11 11:20:04,488 [INFO] WebApp:194 - Connection lost
2026-03-11 11:20:06,483 [INFO] WebApp:191 - Connection restablished
2026-03-11 11:26:53,273 [INFO] WebApp:194 - Connection lost
2026-03-11 11:26:53,713 [INFO] WebApp:191 - Connection restablished
2026-03-11 11:43:49,294 [INFO] WebApp:194 - Connection lost
2026-03-11 11:43:49,935 [INFO] WebApp:191 - Connection restablished
2026-03-11 12:01:06,205 [INFO] WebApp:194 - Connection lost
2026-03-11 12:01:07,522 [INFO] WebApp:191 - Connection restablished
2026-03-11 12:19:00,274 [INFO] WebApp:194 - Connection lost
2026-03-11 12:19:01,432 [INFO] WebApp:191 - Connection restablished
2026-03-11 12:27:53,276 [INFO] WebApp:194 - Connection lost
2026-03-11 12:27:54,919 [INFO] WebApp:191 - Connection restablished
2026-03-11 12:44:13,259 [INFO] WebApp:194 - Connection lost
2026-03-11 12:44:13,582 [INFO] WebApp:191 - Connection restablished
2026-03-11 12:59:19,298 [INFO] WebApp:194 - Connection lost
2026-03-11 12:59:20,118 [INFO] WebApp:191 - Connection restablished
2026-03-11 12:59:27,522 [INFO] WebApp:194 - Connection lost
2026-03-11 12:59:28,691 [INFO] WebApp:191 - Connection restablished
2026-03-11 13:00:24,677 [INFO] WebApp:194 - Connection lost
2026-03-11 13:00:24,989 [INFO] WebApp:191 - Connection restablished
2026-03-11 13:02:09,694 [INFO] WebApp:194 - Connection lost
2026-03-11 13:02:10,433 [INFO] WebApp:191 - Connection restablished
2026-03-11 13:03:01,519 [INFO] WebApp:194 - Connection lost
2026-03-11 13:03:02,234 [INFO] WebApp:191 - Connection restablished
2026-03-11 13:03:51,590 [INFO] WebApp:194 - Connection lost
2026-03-11 13:03:52,630 [INFO] WebApp:191 - Connection restablished
2026-03-11 13:06:06,037 [INFO] WebApp:194 - Connection lost
2026-03-11 13:06:06,667 [INFO] WebApp:191 - Connection restablished
2026-03-11 13:07:06,054 [INFO] WebApp:194 - Connection lost
2026-03-11 13:07:06,751 [INFO] WebApp:191 - Connection restablished
2026-03-11 13:09:19,367 [INFO] WebApp:194 - Connection lost
2026-03-11 13:09:19,702 [INFO] WebApp:191 - Connection restablished
2026-03-11 13:10:19,374 [INFO] WebApp:194 - Connection lost
2026-03-11 13:10:19,849 [INFO] WebApp:191 - Connection restablished
2026-03-11 13:12:32,704 [INFO] WebApp:194 - Connection lost
2026-03-11 13:12:33,386 [INFO] WebApp:191 - Connection restablished
2026-03-11 13:13:23,698 [INFO] WebApp:194 - Connection lost
2026-03-11 13:13:24,352 [INFO] WebApp:191 - Connection restablished
2026-03-11 13:15:44,611 [INFO] WebApp:194 - Connection lost
2026-03-11 13:15:45,515 [INFO] WebApp:191 - Connection restablished
2026-03-11 13:16:44,610 [INFO] WebApp:194 - Connection lost
2026-03-11 13:16:45,320 [INFO] WebApp:191 - Connection restablished
2026-03-11 13:18:56,500 [INFO] WebApp:194 - Connection lost
2026-03-11 13:18:57,286 [INFO] WebApp:191 - Connection restablished
2026-03-11 13:19:37,584 [INFO] WebApp:194 - Connection lost
2026-03-11 13:19:38,305 [INFO] WebApp:191 - Connection restablished
2026-03-11 13:20:24,990 [INFO] WebApp:194 - Connection lost
2026-03-11 13:20:25,616 [INFO] WebApp:191 - Connection restablished
2026-03-11 13:22:07,992 [INFO] WebApp:194 - Connection lost
2026-03-11 13:22:08,365 [INFO] WebApp:191 - Connection restablished
2026-03-11 13:22:38,909 [INFO] WebApp:194 - Connection lost
2026-03-11 13:22:39,653 [INFO] WebApp:191 - Connection restablished
2026-03-11 13:23:12,508 [INFO] WebApp:194 - Connection lost
2026-03-11 13:23:12,965 [INFO] WebApp:191 - Connection restablished
2026-03-11 13:28:53,373 [INFO] WebApp:194 - Connection lost
2026-03-11 13:28:53,631 [INFO] WebApp:191 - Connection restablished
2026-03-11 13:47:23,316 [INFO] WebApp:194 - Connection lost
2026-03-11 13:47:24,120 [INFO] WebApp:191 - Connection restablished
2026-03-11 13:52:54,476 [INFO] WebApp:194 - Connection lost
2026-03-11 13:52:56,228 [INFO] WebApp:191 - Connection restablished
2026-03-11 14:02:52,136 [INFO] WebApp:194 - Connection lost
2026-03-11 14:02:52,834 [INFO] WebApp:191 - Connection restablished
2026-03-11 14:20:54,465 [INFO] WebApp:194 - Connection lost
2026-03-11 14:20:55,169 [INFO] WebApp:191 - Connection restablished
2026-03-11 14:29:53,305 [INFO] WebApp:194 - Connection lost
2026-03-11 14:29:54,895 [INFO] WebApp:191 - Connection restablished
2026-03-11 14:48:28,272 [INFO] WebApp:194 - Connection lost
2026-03-11 14:48:29,067 [INFO] WebApp:191 - Connection restablished
2026-03-11 15:03:34,281 [INFO] WebApp:194 - Connection lost
2026-03-11 15:03:35,863 [INFO] WebApp:191 - Connection restablished
2026-03-11 15:03:44,148 [INFO] WebApp:194 - Connection lost
2026-03-11 15:03:46,632 [INFO] WebApp:191 - Connection restablished
2026-03-11 15:20:59,412 [INFO] WebApp:194 - Connection lost
2026-03-11 15:21:00,379 [INFO] WebApp:191 - Connection restablished
2026-03-11 15:24:56,147 [INFO] WebApp:194 - Connection lost
2026-03-11 15:24:58,305 [INFO] WebApp:191 - Connection restablished
2026-03-11 15:25:00,880 [INFO] WebApp:194 - Connection lost
2026-03-11 15:25:03,166 [INFO] WebApp:191 - Connection restablished
2026-03-11 15:30:53,145 [INFO] WebApp:194 - Connection lost
2026-03-11 15:30:53,817 [INFO] WebApp:191 - Connection restablished
2026-03-11 15:30:57,667 [INFO] WebApp:194 - Connection lost
2026-03-11 15:30:58,751 [INFO] WebApp:191 - Connection restablished
2026-03-11 15:49:28,297 [INFO] WebApp:194 - Connection lost
2026-03-11 15:49:29,027 [INFO] WebApp:191 - Connection restablished
2026-03-11 16:02:34,283 [INFO] WebApp:194 - Connection lost
2026-03-11 16:02:35,884 [INFO] WebApp:191 - Connection restablished
2026-03-11 16:20:15,373 [INFO] WebApp:194 - Connection lost
2026-03-11 16:20:16,161 [INFO] WebApp:191 - Connection restablished
2026-03-11 16:31:53,323 [INFO] WebApp:194 - Connection lost
2026-03-11 16:31:55,112 [INFO] WebApp:191 - Connection restablished
2026-03-11 16:33:58,165 [INFO] WebApp:194 - Connection lost
2026-03-11 16:33:59,657 [INFO] WebApp:191 - Connection restablished
2026-03-11 16:34:02,959 [INFO] WebApp:194 - Connection lost
2026-03-11 16:34:05,039 [INFO] WebApp:191 - Connection restablished
2026-03-11 17:36:33,340 [INFO] WebApp:194 - Connection lost
2026-03-11 17:36:34,701 [INFO] WebApp:191 - Connection restablished
2026-03-11 17:53:56,354 [INFO] WebApp:194 - Connection lost
2026-03-11 17:53:58,859 [INFO] WebApp:191 - Connection restablished
2026-03-11 18:11:41,309 [INFO] WebApp:194 - Connection lost
2026-03-11 18:11:41,616 [INFO] WebApp:191 - Connection restablished
2026-03-11 18:11:50,520 [INFO] WebApp:194 - Connection lost
2026-03-11 18:11:51,583 [INFO] WebApp:191 - Connection restablished
2026-03-11 18:27:58,416 [INFO] WebApp:194 - Connection lost
2026-03-11 18:27:59,160 [INFO] WebApp:191 - Connection restablished
2026-03-11 18:44:53,324 [INFO] WebApp:194 - Connection lost
2026-03-11 18:44:55,046 [INFO] WebApp:191 - Connection restablished
2026-03-11 19:00:47,580 [INFO] WebApp:194 - Connection lost
2026-03-11 19:00:50,073 [INFO] WebApp:191 - Connection restablished
2026-03-11 19:00:55,594 [INFO] WebApp:194 - Connection lost
2026-03-11 19:00:55,985 [INFO] WebApp:191 - Connection restablished
2026-03-11 19:06:38,120 [INFO] WebApp:194 - Connection lost
2026-03-11 19:06:39,334 [INFO] WebApp:191 - Connection restablished
2026-03-11 19:06:43,122 [INFO] WebApp:194 - Connection lost
2026-03-11 19:06:43,569 [INFO] WebApp:191 - Connection restablished
2026-03-11 19:06:50,085 [INFO] WebApp:194 - Connection lost
2026-03-11 19:06:53,816 [INFO] WebApp:191 - Connection restablished
2026-03-11 19:40:31,839 [INFO] Activator:176 - 


2026-03-11 19:40:31,841 [INFO] Activator:177 - !SESSION log4j initialized
2026-03-11 19:40:33,281 [INFO] LogOutputStream:77 - [STDOUT_REDIRECT] 
2026-03-11 19:40:34,256 [ERROR] LogOutputStream:75 - [STDERR_REDIRECT] 
2026-03-11 19:40:36,015 [INFO] LogOutputStream:77 - [STDOUT_REDIRECT] 
2026-03-11 19:40:37,580 [INFO] ApplicationProperties:184 - Using Application install path: /Applications/STM32CubeIDE.app/Contents/Eclipse/plugins/com.st.stm32cube.common.mx_6.15.0.202507011659
2026-03-11 19:40:37,590 [INFO] DbMcusXml:78 - Set database path to: /Applications/STM32CubeIDE.app/Contents/Eclipse/plugins/com.st.stm32cube.common.mx_6.15.0.202507011659//db//mcu/
2026-03-11 19:40:37,590 [INFO] ApiDb:274 - Set plugin database path to: /Applications/STM32CubeIDE.app/Contents/Eclipse/plugins/com.st.stm32cube.common.mx_6.15.0.202507011659//db//plugins/boardmanager/
2026-03-11 19:40:37,591 [WARN] ApiDb:259 - Overriding images path with different value:  => /Applications/STM32CubeIDE.app/Contents/Eclipse/plugins/com.st.stm32cube.common.mx_6.15.0.202507011659//db//plugins/mcufinder/images/
2026-03-11 19:40:37,594 [INFO] ApiDb:250 - Set database path to: /Users/lschloegel/.stmcufinder/plugins/mcufinder//mcu/
2026-03-11 19:40:37,595 [INFO] DbMcusAds:125 - Set database path to: /Users/lschloegel/.stmcufinder/plugins/mcufinder//mcu/
2026-03-11 19:40:37,596 [INFO] CrossReferenceDbSqlite:203 - Set database path to: /Users/lschloegel/.stmcufinder/plugins/mcufinder//mcu/cs/
2026-03-11 19:40:37,716 [INFO] RulesReader:64 - Compatibility file has been processed (317 Rules)
2026-03-11 19:40:37,755 [INFO] DbMcusXml:78 - Set database path to: /Applications/STM32CubeIDE.app/Contents/Eclipse/plugins/com.st.stm32cube.common.mx_6.15.0.202507011659//db//mcu/
2026-03-11 19:40:37,755 [INFO] ApiDb:274 - Set plugin database path to: /Applications/STM32CubeIDE.app/Contents/Eclipse/plugins/com.st.stm32cube.common.mx_6.15.0.202507011659//db//plugins/boardmanager/
2026-03-11 19:40:37,755 [INFO] ApiDb:261 - Set plugin images path to: /Applications/STM32CubeIDE.app/Contents/Eclipse/plugins/com.st.stm32cube.common.mx_6.15.0.202507011659//db//plugins/mcufinder/images/
2026-03-11 19:40:37,755 [WARN] DbFile:41 - Overriding database path with different value: /Users/lschloegel/.stmcufinder/plugins/mcufinder/ => /Users/lschloegel/.stmcufinder/plugins/mcufinder
2026-03-11 19:40:37,756 [INFO] ApiDb:250 - Set database path to: /Users/lschloegel/.stmcufinder/plugins/mcufinder//mcu/
2026-03-11 19:40:37,756 [WARN] DbFile:41 - Overriding database path with different value: /Users/lschloegel/.stmcufinder/plugins/mcufinder/ => /Users/lschloegel/.stmcufinder/plugins/mcufinder
2026-03-11 19:40:37,756 [INFO] DbMcusAds:125 - Set database path to: /Users/lschloegel/.stmcufinder/plugins/mcufinder//mcu/
2026-03-11 19:40:37,756 [WARN] DbFile:41 - Overriding database path with different value: /Users/lschloegel/.stmcufinder/plugins/mcufinder/ => /Users/lschloegel/.stmcufinder/plugins/mcufinder
2026-03-11 19:40:37,756 [WARN] DbFile:41 - Overriding database path with different value: /Users/lschloegel/.stmcufinder/plugins/mcufinder/ => /Users/lschloegel/.stmcufinder/plugins/mcufinder
2026-03-11 19:40:37,756 [INFO] CrossReferenceDbSqlite:203 - Set database path to: /Users/lschloegel/.stmcufinder/plugins/mcufinder//mcu/cs/
2026-03-11 19:40:37,808 [INFO] MainPanel:274 - HeapMemory: 268435456
2026-03-11 19:40:37,986 [INFO] DbMcusXml:78 - Set database path to: /Applications/STM32CubeIDE.app/Contents/Eclipse/plugins/com.st.stm32cube.common.mx_6.15.0.202507011659//db//mcu/
2026-03-11 19:40:37,987 [INFO] ApiDb:274 - Set plugin database path to: /Applications/STM32CubeIDE.app/Contents/Eclipse/plugins/com.st.stm32cube.common.mx_6.15.0.202507011659//db//plugins/boardmanager/
2026-03-11 19:40:37,987 [INFO] ApiDb:261 - Set plugin images path to: /Applications/STM32CubeIDE.app/Contents/Eclipse/plugins/com.st.stm32cube.common.mx_6.15.0.202507011659//db//plugins/mcufinder/images/
2026-03-11 19:40:37,987 [WARN] DbFile:41 - Overriding database path with different value: /Users/lschloegel/.stmcufinder/plugins/mcufinder/ => /Users/lschloegel/.stmcufinder/plugins/mcufinder
2026-03-11 19:40:37,987 [INFO] ApiDb:250 - Set database path to: /Users/lschloegel/.stmcufinder/plugins/mcufinder//mcu/
2026-03-11 19:40:37,987 [WARN] DbFile:41 - Overriding database path with different value: /Users/lschloegel/.stmcufinder/plugins/mcufinder/ => /Users/lschloegel/.stmcufinder/plugins/mcufinder
2026-03-11 19:40:37,987 [INFO] DbMcusAds:125 - Set database path to: /Users/lschloegel/.stmcufinder/plugins/mcufinder//mcu/
2026-03-11 19:40:37,987 [WARN] DbFile:41 - Overriding database path with different value: /Users/lschloegel/.stmcufinder/plugins/mcufinder/ => /Users/lschloegel/.stmcufinder/plugins/mcufinder
2026-03-11 19:40:37,987 [WARN] DbFile:41 - Overriding database path with different value: /Users/lschloegel/.stmcufinder/plugins/mcufinder/ => /Users/lschloegel/.stmcufinder/plugins/mcufinder
2026-03-11 19:40:37,987 [INFO] CrossReferenceDbSqlite:203 - Set database path to: /Users/lschloegel/.stmcufinder/plugins/mcufinder//mcu/cs/
2026-03-11 19:40:37,999 [INFO] ApplicationProperties:184 - Using Application install path: /Applications/STM32CubeIDE.app/Contents/Eclipse/plugins/com.st.stm32cube.common.mx_6.15.0.202507011659
2026-03-11 19:40:38,000 [INFO] PluginManage:196 - Search for loadable plugins [exclusion list=, ]
2026-03-11 19:40:38,001 [INFO] PluginManage:310 - Check plugin analytics
2026-03-11 19:40:38,200 [INFO] AnalyticsPlugin:253 - Accepted Software Licenses: 
2026-03-11 19:40:38,200 [INFO] AnalyticsPlugin:255 - Accepted CMSIS Pack Licenses: 
2026-03-11 19:40:38,200 [INFO] AnalyticsPlugin:257 - Accepted Firmware Licenses: 
2026-03-11 19:40:38,205 [INFO] PluginManage:359 - Loaded plugin analytics (category:tool,tabindex:-1)
2026-03-11 19:40:38,206 [INFO] PluginManage:310 - Check plugin cadmodel
2026-03-11 19:40:38,217 [INFO] CADModel:105 - Init CAD model plugin
2026-03-11 19:40:38,217 [INFO] PluginManage:359 - Loaded plugin cadmodel (category:power,tabindex:5)
2026-03-11 19:40:38,217 [INFO] PluginManage:310 - Check plugin clock
2026-03-11 19:40:38,228 [INFO] PluginManage:359 - Loaded plugin clock (category:base,tabindex:2)
2026-03-11 19:40:38,228 [INFO] PluginManage:310 - Check plugin ddr
2026-03-11 19:40:38,231 [INFO] PluginManage:359 - Loaded plugin ddr (category:tool,tabindex:6)
2026-03-11 19:40:38,231 [INFO] PluginManage:310 - Check plugin filemanager
2026-03-11 19:40:38,355 [INFO] PluginManage:359 - Loaded plugin filemanager (category:base,tabindex:10)
2026-03-11 19:40:38,356 [INFO] PluginManage:310 - Check plugin ipmanager
2026-03-11 19:40:38,362 [INFO] PluginManage:359 - Loaded plugin ipmanager (category:base,tabindex:5)
2026-03-11 19:40:38,362 [INFO] PluginManage:310 - Check plugin lpbam
2026-03-11 19:40:38,398 [INFO] PluginManage:359 - Loaded plugin lpbam (category:base,tabindex:0)
2026-03-11 19:40:38,398 [INFO] PluginManage:310 - Check plugin memorymap
2026-03-11 19:40:38,413 [INFO] PluginManage:359 - Loaded plugin memorymap (category:base,tabindex:4)
2026-03-11 19:40:38,413 [INFO] PluginManage:310 - Check plugin pinoutandconfiguration
2026-03-11 19:40:38,556 [INFO] PluginManage:359 - Loaded plugin pinoutandconfiguration (category:base,tabindex:1)
2026-03-11 19:40:38,561 [INFO] PluginManage:310 - Check plugin pinoutconfig
2026-03-11 19:40:38,820 [WARN] SupportedApi:132 - Cannot load RTOS API schema: s4s-elt-must-match.1: The content of 'definitions' must match (annotation?, (simpleType | complexType)?, (unique | key | keyref)*)). A problem was found starting at: attribute.
2026-03-11 19:40:38,969 [INFO] PluginManage:359 - Loaded plugin pinoutconfig (category:base,tabindex:0)
2026-03-11 19:40:38,970 [INFO] PluginManage:310 - Check plugin power
2026-03-11 19:40:38,980 [INFO] PluginManage:359 - Loaded plugin power (category:power,tabindex:4)
2026-03-11 19:40:38,981 [INFO] PluginManage:310 - Check plugin projectmanager
2026-03-11 19:40:39,010 [INFO] PluginManage:359 - Loaded plugin projectmanager (category:projectmanager,tabindex:4)
2026-03-11 19:40:39,010 [INFO] PluginManage:310 - Check plugin rif
2026-03-11 19:40:39,016 [INFO] PluginManage:359 - Loaded plugin rif (category:base,tabindex:3)
2026-03-11 19:40:39,016 [INFO] PluginManage:310 - Check plugin thirdparty
2026-03-11 19:40:39,152 [INFO] PluginManage:359 - Loaded plugin thirdparty (category:base,tabindex:-1)
2026-03-11 19:40:39,152 [INFO] PluginManage:310 - Check plugin tools
2026-03-11 19:40:39,155 [INFO] PluginManage:359 - Loaded plugin tools (category:base,tabindex:7)
2026-03-11 19:40:39,155 [INFO] PluginManage:310 - Check plugin tutovideos
2026-03-11 19:40:39,152 [WARN] IntegrityCheckThread:84 - waiting for thirdparty lock release [integrity check]
2026-03-11 19:40:39,156 [INFO] IntegrityCheckThread:86 - entering critical section [integrity check]
2026-03-11 19:40:39,157 [INFO] ThirdPartyUpdaterWithRetryManager:70 - Updater plugin not ready yet. [1/15]
2026-03-11 19:40:39,296 [INFO] PluginManage:359 - Loaded plugin tutovideos (category:base,tabindex:-1)
2026-03-11 19:40:39,296 [INFO] PluginManage:310 - Check plugin updater
2026-03-11 19:40:39,319 [INFO] PluginManage:359 - Loaded plugin updater (category:base,tabindex:12)
2026-03-11 19:40:39,319 [INFO] PluginManage:310 - Check plugin userauth
2026-03-11 19:40:39,322 [INFO] UserAuth:118 - Init User Auth plugin
2026-03-11 19:40:39,323 [INFO] PluginManage:359 - Loaded plugin userauth (category:base,tabindex:14)
2026-03-11 19:40:39,324 [INFO] PluginManage:283 - PluginManage : Loaded plugins [18]
2026-03-11 19:40:39,513 [INFO] PinOutPanel:1589 - setPackage(No Configuration,No Configuration)
2026-03-11 19:40:39,574 [INFO] CADModel:165 - CPN selected for project level
2026-03-11 19:40:39,574 [INFO] CADModel:114 - Register for checkConnection events
2026-03-11 19:40:39,584 [INFO] IPUIPlugin:80 - create IPUIPlugin
2026-03-11 19:40:39,584 [INFO] PluginManager:220 - loadIPPluginJar : add mdma
2026-03-11 19:40:39,588 [INFO] IPUIPlugin:80 - create IPUIPlugin
2026-03-11 19:40:39,589 [INFO] PluginManager:220 - loadIPPluginJar : add freertos
2026-03-11 19:40:39,591 [INFO] IPUIPlugin:80 - create IPUIPlugin
2026-03-11 19:40:39,591 [INFO] PluginManager:220 - loadIPPluginJar : add gic
2026-03-11 19:40:39,595 [INFO] IPUIPlugin:80 - create IPUIPlugin
2026-03-11 19:40:39,595 [INFO] PluginManager:220 - loadIPPluginJar : add adc
2026-03-11 19:40:39,596 [INFO] IPUIPlugin:80 - create IPUIPlugin
2026-03-11 19:40:39,597 [INFO] PluginManager:220 - loadIPPluginJar : add gtzc
2026-03-11 19:40:39,597 [INFO] IPUIPlugin:80 - create IPUIPlugin
2026-03-11 19:40:39,597 [INFO] PluginManager:220 - loadIPPluginJar : add quadspi
2026-03-11 19:40:39,598 [INFO] IPUIPlugin:80 - create IPUIPlugin
2026-03-11 19:40:39,598 [INFO] PluginManager:220 - loadIPPluginJar : add aes
2026-03-11 19:40:39,599 [INFO] IPUIPlugin:80 - create IPUIPlugin
2026-03-11 19:40:39,599 [INFO] PluginManager:220 - loadIPPluginJar : add pdm2pcm
2026-03-11 19:40:39,599 [INFO] IPUIPlugin:80 - create IPUIPlugin
2026-03-11 19:40:39,599 [INFO] PluginManager:220 - loadIPPluginJar : add hash
2026-03-11 19:40:39,600 [INFO] IPUIPlugin:80 - create IPUIPlugin
2026-03-11 19:40:39,600 [INFO] PluginManager:220 - loadIPPluginJar : add tim
2026-03-11 19:40:39,600 [INFO] IPUIPlugin:80 - create IPUIPlugin
2026-03-11 19:40:39,600 [INFO] PluginManager:220 - loadIPPluginJar : add tsc
2026-03-11 19:40:39,601 [INFO] IPUIPlugin:80 - create IPUIPlugin
2026-03-11 19:40:39,602 [INFO] PluginManager:220 - loadIPPluginJar : add extmemmanager
2026-03-11 19:40:39,603 [INFO] IPUIPlugin:80 - create IPUIPlugin
2026-03-11 19:40:39,603 [INFO] PluginManager:220 - loadIPPluginJar : add ts
2026-03-11 19:40:39,603 [INFO] IPUIPlugin:80 - create IPUIPlugin
2026-03-11 19:40:39,603 [INFO] PluginManager:220 - loadIPPluginJar : add radio
2026-03-11 19:40:39,604 [INFO] IPUIPlugin:80 - create IPUIPlugin
2026-03-11 19:40:39,604 [INFO] PluginManager:220 - loadIPPluginJar : add can
2026-03-11 19:40:39,605 [INFO] IPUIPlugin:80 - create IPUIPlugin
2026-03-11 19:40:39,605 [INFO] PluginManager:220 - loadIPPluginJar : add dma3
2026-03-11 19:40:39,605 [INFO] IPUIPlugin:80 - create IPUIPlugin
2026-03-11 19:40:39,605 [INFO] PluginManager:220 - loadIPPluginJar : add dfsdm
2026-03-11 19:40:39,606 [INFO] IPUIPlugin:80 - create IPUIPlugin
2026-03-11 19:40:39,606 [INFO] PluginManager:220 - loadIPPluginJar : add spi
2026-03-11 19:40:39,607 [INFO] IPUIPlugin:80 - create IPUIPlugin
2026-03-11 19:40:39,608 [INFO] PluginManager:220 - loadIPPluginJar : add gfxmmu
2026-03-11 19:40:39,608 [INFO] IPUIPlugin:80 - create IPUIPlugin
2026-03-11 19:40:39,608 [INFO] PluginManager:220 - loadIPPluginJar : add genericplugin
2026-03-11 19:40:39,609 [INFO] IPUIPlugin:80 - create IPUIPlugin
2026-03-11 19:40:39,609 [INFO] PluginManager:220 - loadIPPluginJar : add cryp
2026-03-11 19:40:39,611 [INFO] IPUIPlugin:80 - create IPUIPlugin
2026-03-11 19:40:39,611 [INFO] PluginManager:220 - loadIPPluginJar : add gpio
2026-03-11 19:40:39,613 [INFO] IPUIPlugin:80 - create IPUIPlugin
2026-03-11 19:40:39,613 [INFO] PluginManager:220 - loadIPPluginJar : add ddr_ctrl_phy
2026-03-11 19:40:39,614 [INFO] IPUIPlugin:80 - create IPUIPlugin
2026-03-11 19:40:39,614 [INFO] PluginManager:220 - loadIPPluginJar : add comp
2026-03-11 19:40:39,615 [INFO] IPUIPlugin:80 - create IPUIPlugin
2026-03-11 19:40:39,616 [INFO] PluginManager:220 - loadIPPluginJar : add tracer_emb
2026-03-11 19:40:39,617 [INFO] IPUIPlugin:80 - create IPUIPlugin
2026-03-11 19:40:39,617 [INFO] PluginManager:220 - loadIPPluginJar : add openamp
2026-03-11 19:40:39,619 [INFO] IPUIPlugin:80 - create IPUIPlugin
2026-03-11 19:40:39,619 [INFO] PluginManager:220 - loadIPPluginJar : add stm32_wpan
2026-03-11 19:40:39,622 [INFO] IPUIPlugin:80 - create IPUIPlugin
2026-03-11 19:40:39,624 [INFO] PluginManager:220 - loadIPPluginJar : add plateformsettings
2026-03-11 19:40:39,626 [INFO] IPUIPlugin:80 - create IPUIPlugin
2026-03-11 19:40:39,626 [INFO] PluginManager:220 - loadIPPluginJar : add ipddr
2026-03-11 19:40:39,627 [INFO] IPUIPlugin:80 - create IPUIPlugin
2026-03-11 19:40:39,627 [INFO] PluginManager:220 - loadIPPluginJar : add usart
2026-03-11 19:40:39,627 [INFO] IPUIPlugin:80 - create IPUIPlugin
2026-03-11 19:40:39,627 [INFO] PluginManager:220 - loadIPPluginJar : add ltdc
2026-03-11 19:40:39,628 [INFO] IPUIPlugin:80 - create IPUIPlugin
2026-03-11 19:40:39,628 [INFO] PluginManager:220 - loadIPPluginJar : add nvic
2026-03-11 19:40:39,629 [INFO] IPUIPlugin:80 - create IPUIPlugin
2026-03-11 19:40:39,629 [INFO] PluginManager:220 - loadIPPluginJar : add fatfs
2026-03-11 19:40:39,632 [INFO] IPUIPlugin:80 - create IPUIPlugin
2026-03-11 19:40:39,632 [INFO] PluginManager:220 - loadIPPluginJar : add linkedlist
2026-03-11 19:40:39,635 [INFO] IPUIPlugin:80 - create IPUIPlugin
2026-03-11 19:40:39,636 [INFO] PluginManager:220 - loadIPPluginJar : add dma
2026-03-11 19:40:39,637 [INFO] IPUIPlugin:80 - create IPUIPlugin
2026-03-11 19:40:39,638 [INFO] PluginManager:220 - loadIPPluginJar : add fmc
2026-03-11 19:40:39,638 [INFO] IPUIPlugin:80 - create IPUIPlugin
2026-03-11 19:40:39,639 [INFO] PluginManager:220 - loadIPPluginJar : add i2s
2026-03-11 19:40:39,639 [INFO] IPUIPlugin:80 - create IPUIPlugin
2026-03-11 19:40:39,639 [INFO] PluginManager:220 - loadIPPluginJar : add ucpd
2026-03-11 19:40:39,640 [INFO] IPUIPlugin:80 - create IPUIPlugin
2026-03-11 19:40:39,640 [INFO] PluginManager:220 - loadIPPluginJar : add lorawan
2026-03-11 19:40:39,641 [INFO] IPUIPlugin:80 - create IPUIPlugin
2026-03-11 19:40:39,641 [INFO] PluginManager:220 - loadIPPluginJar : add opamp
2026-03-11 19:40:39,642 [INFO] IPUIPlugin:80 - create IPUIPlugin
2026-03-11 19:40:39,642 [INFO] PluginManager:220 - loadIPPluginJar : add i3c
2026-03-11 19:40:39,643 [INFO] IPUIPlugin:80 - create IPUIPlugin
2026-03-11 19:40:39,643 [INFO] PluginManager:220 - loadIPPluginJar : add touchsensing
2026-03-11 19:40:39,644 [INFO] IPUIPlugin:80 - create IPUIPlugin
2026-03-11 19:40:39,644 [INFO] PluginManager:220 - loadIPPluginJar : add i2c
2026-03-11 19:40:39,646 [INFO] IPUIPlugin:80 - create IPUIPlugin
2026-03-11 19:40:39,646 [INFO] PluginManager:220 - loadIPPluginJar : add resmgrutility
2026-03-11 19:40:39,646 [INFO] IPUIPlugin:80 - create IPUIPlugin
2026-03-11 19:40:39,646 [INFO] PluginManager:220 - loadIPPluginJar : add sai
2026-03-11 19:40:39,647 [INFO] IPUIPlugin:80 - create IPUIPlugin
2026-03-11 19:40:39,647 [INFO] PluginManager:220 - loadIPPluginJar : add usbx
2026-03-11 19:40:39,757 [FATAL] Updater:351 - Updater called before beeing initialized
2026-03-11 19:40:39,800 [INFO] RulesReader:64 - Compatibility file has been processed (317 Rules)
2026-03-11 19:40:39,817 [INFO] RulesReader:64 - Compatibility file has been processed (317 Rules)
2026-03-11 19:40:39,825 [INFO] CADModel:165 - CPN selected for project level
2026-03-11 19:40:39,825 [INFO] CADModel:114 - Register for checkConnection events
2026-03-11 19:40:39,825 [FATAL] Updater:351 - Updater called before beeing initialized
2026-03-11 19:40:39,825 [ERROR] CADModel:125 - Updater not yet initialized, retry later 
2026-03-11 19:40:40,027 [FATAL] Updater:351 - Updater called before beeing initialized
2026-03-11 19:40:40,028 [INFO] CADModel:165 - CPN selected for project level
2026-03-11 19:40:40,028 [INFO] CADModel:114 - Register for checkConnection events
2026-03-11 19:40:40,028 [FATAL] Updater:351 - Updater called before beeing initialized
2026-03-11 19:40:40,028 [ERROR] CADModel:125 - Updater not yet initialized, retry later 
2026-03-11 19:40:40,030 [FATAL] Updater:351 - Updater called before beeing initialized
2026-03-11 19:40:40,148 [FATAL] Updater:351 - Updater called before beeing initialized
2026-03-11 19:40:40,153 [INFO] DbMcusAds:53 - JSON generation date=Thu Sep 30 08:55:09 CEST 2021 (1632984909247)
2026-03-11 19:40:40,153 [FATAL] Updater:351 - Updater called before beeing initialized
2026-03-11 19:40:40,191 [WARN] DetailPanel:346 - Failed to get advertising image, set to default
2026-03-11 19:40:40,249 [FATAL] Updater:351 - Updater called before beeing initialized
2026-03-11 19:40:40,252 [FATAL] Updater:351 - Updater called before beeing initialized
2026-03-11 19:40:40,252 [FATAL] Updater:351 - Updater called before beeing initialized
2026-03-11 19:40:40,253 [WARN] DetailPanel:346 - Failed to get advertising image, set to default
2026-03-11 19:40:40,254 [FATAL] Updater:351 - Updater called before beeing initialized
2026-03-11 19:40:40,316 [ERROR] Updater:1198 - MainUpdater not yet initialized. External WinMGr cannot be set.
2026-03-11 19:40:40,324 [INFO] Updater:1134 - Updater Version found : 6.15.0
2026-03-11 19:40:40,334 [INFO] ApplicationProperties:184 - Using Application install path: /Applications/STM32CubeIDE.app/Contents/Eclipse/plugins/com.st.stm32cube.common.mx_6.15.0.202507011659
2026-03-11 19:40:40,650 [INFO] MainUpdater:2872 - connection check result : 10
2026-03-11 19:40:40,651 [INFO] MainUpdater:289 - Updater Check For Update Now.
2026-03-11 19:40:40,651 [INFO] MicroXplorer:498 - Change Database Version : DB.6.0.150
2026-03-11 19:40:40,657 [INFO] McuFinderGlobals:63 - Set McuFinder mode to 2 (CubeIDE integrated)
2026-03-11 19:40:40,657 [INFO] UserAuth:171 - activating auth plugin
2026-03-11 19:40:40,671 [INFO] UserAuth:487 - Internet connection configuration mode: 1
2026-03-11 19:40:40,689 [INFO] JxBrowserEngine:152 - Initiate JxBrowser Engine with user profile folder
2026-03-11 19:40:40,938 [INFO] CheckServerUpdateThread:120 - End of CheckServer Thread
2026-03-11 19:40:41,321 [INFO] McuFinderGlobals:63 - Set McuFinder mode to 2 (CubeIDE integrated)
2026-03-11 19:40:41,323 [INFO] MainUpdater:2872 - connection check result : 10
2026-03-11 19:40:41,326 [INFO] McuFinderGlobals:76 - Set McuFinderConnectedMode to true
2026-03-11 19:40:41,829 [INFO] ServerAccessManage:452 - Complete download http(s) 200
2026-03-11 19:40:41,834 [INFO] ServerAccessManage:509 - Download File mcusAds.json._tmp_
2026-03-11 19:40:41,946 [INFO] LoadUrlFilesThread:156 - End of LoadUrlFiles Thread
2026-03-11 19:40:42,118 [INFO] ServerAccessManage:452 - Complete download http(s) 200
2026-03-11 19:40:42,121 [INFO] ServerAccessManage:509 - Download File cube-finder-db.zip
2026-03-11 19:40:42,163 [WARN] MainUpdater:1193 - Updater busy. Cannot search thirdparties
2026-03-11 19:40:42,163 [INFO] ThirdPartyUpdaterWithRetryManager:96 - Updater plugin is busy. [1/15]
2026-03-11 19:40:44,691 [INFO] WebApp:169 - Instantiating new browser for Auth
2026-03-11 19:40:45,165 [WARN] MainUpdater:1193 - Updater busy. Cannot search thirdparties
2026-03-11 19:40:45,165 [INFO] ThirdPartyUpdaterWithRetryManager:96 - Updater plugin is busy. [2/15]
2026-03-11 19:40:45,825 [INFO] WebApp:463 - Apply proxy settings
2026-03-11 19:40:45,831 [INFO] WebApp:508 - Chromium authenticates against Manually configured proxy
2026-03-11 19:40:45,846 [INFO] WebApp:516 - Username used for proxy authentication: 
2026-03-11 19:40:45,880 [INFO] WebApp:900 - Register for checkConnection events
2026-03-11 19:40:45,880 [INFO] WebApp:463 - Apply proxy settings
2026-03-11 19:40:45,882 [INFO] WebApp:508 - Chromium authenticates against Manually configured proxy
2026-03-11 19:40:45,882 [INFO] WebApp:516 - Username used for proxy authentication: 
2026-03-11 19:40:45,986 [INFO] WebApp:225 - Starting web application
2026-03-11 19:40:45,986 [INFO] WebApp:593 - Web application path used /Applications/STM32CubeIDE.app/Contents/Eclipse/plugins/com.st.stm32cube.common.mx_6.15.0.202507011659/db/plugins/mcufinder/reactClient1/index.html
2026-03-11 19:40:46,721 [INFO] WebApp:191 - Connection restablished
2026-03-11 19:40:48,171 [WARN] MainUpdater:1193 - Updater busy. Cannot search thirdparties
2026-03-11 19:40:48,171 [INFO] ThirdPartyUpdaterWithRetryManager:96 - Updater plugin is busy. [3/15]
2026-03-11 19:40:51,176 [WARN] MainUpdater:1193 - Updater busy. Cannot search thirdparties
2026-03-11 19:40:51,176 [INFO] ThirdPartyUpdaterWithRetryManager:96 - Updater plugin is busy. [4/15]
2026-03-11 19:40:54,182 [WARN] MainUpdater:1193 - Updater busy. Cannot search thirdparties
2026-03-11 19:40:54,183 [INFO] ThirdPartyUpdaterWithRetryManager:96 - Updater plugin is busy. [5/15]
2026-03-11 19:40:57,188 [WARN] MainUpdater:1193 - Updater busy. Cannot search thirdparties
2026-03-11 19:40:57,189 [INFO] ThirdPartyUpdaterWithRetryManager:96 - Updater plugin is busy. [6/15]
2026-03-11 19:41:00,194 [WARN] MainUpdater:1193 - Updater busy. Cannot search thirdparties
2026-03-11 19:41:00,195 [INFO] ThirdPartyUpdaterWithRetryManager:96 - Updater plugin is busy. [7/15]
2026-03-11 19:41:03,200 [WARN] MainUpdater:1193 - Updater busy. Cannot search thirdparties
2026-03-11 19:41:03,201 [INFO] ThirdPartyUpdaterWithRetryManager:96 - Updater plugin is busy. [8/15]
2026-03-11 19:41:06,207 [WARN] MainUpdater:1193 - Updater busy. Cannot search thirdparties
2026-03-11 19:41:06,207 [INFO] ThirdPartyUpdaterWithRetryManager:96 - Updater plugin is busy. [9/15]
2026-03-11 19:41:08,942 [INFO] FileExtend:248 - Unzip File : cube-finder-db.zip
2026-03-11 19:41:08,952 [INFO] FileExtend:263 - Standard Zip Deflate
2026-03-11 19:41:09,213 [WARN] MainUpdater:1193 - Updater busy. Cannot search thirdparties
2026-03-11 19:41:09,213 [INFO] ThirdPartyUpdaterWithRetryManager:96 - Updater plugin is busy. [10/15]
2026-03-11 19:41:09,513 [INFO] LoadUrlFilesThread:156 - End of LoadUrlFiles Thread
2026-03-11 19:41:09,945 [INFO] ServerAccessManage:452 - Complete download http(s) 200
2026-03-11 19:41:09,953 [INFO] ServerAccessManage:509 - Download File crdb.zip
2026-03-11 19:41:10,681 [INFO] FileExtend:248 - Unzip File : crdb.zip
2026-03-11 19:41:10,695 [INFO] FileExtend:263 - Standard Zip Deflate
2026-03-11 19:41:10,840 [INFO] LoadUrlFilesThread:156 - End of LoadUrlFiles Thread
2026-03-11 19:41:11,113 [INFO] ServerAccessManage:452 - Complete download http(s) 200
2026-03-11 19:41:11,118 [INFO] ServerAccessManage:509 - Download File tutoVideoDB.zip
2026-03-11 19:41:11,207 [INFO] FileExtend:248 - Unzip File : tutoVideoDB.zip
2026-03-11 19:41:11,208 [INFO] FileExtend:263 - Standard Zip Deflate
2026-03-11 19:41:11,320 [INFO] LoadUrlFilesThread:156 - End of LoadUrlFiles Thread
2026-03-11 19:41:11,334 [WARN] DbFile:41 - Overriding database path with different value: /Users/lschloegel/.stmcufinder/plugins/mcufinder/ => /Users/lschloegel/.stmcufinder/plugins/mcufinder
2026-03-11 19:41:11,494 [INFO] ServerAccessManage:452 - Complete download http(s) 200
2026-03-11 19:41:11,495 [INFO] ServerAccessManage:509 - Download File api_config.json
2026-03-11 19:41:11,604 [INFO] LoadUrlFilesThread:156 - End of LoadUrlFiles Thread
2026-03-11 19:41:11,607 [INFO] DbMcusAds:53 - JSON generation date=Thu Mar 05 15:32:53 CET 2026 (1772721173050)
2026-03-11 19:41:11,873 [INFO] ServerAccessManage:452 - Complete download http(s) 200
2026-03-11 19:41:11,874 [INFO] ServerAccessManage:509 - Download File 
2026-03-11 19:41:11,898 [INFO] LoadUrlFilesThread:185 - End of LoadServerUrlFiles without Thread
2026-03-11 19:41:11,904 [INFO] TargetSelectorAdapter:259 - Refresh data is successful
2026-03-11 19:41:12,462 [WARN] PackLoader:240 - Cannot read IP mode file for STMicroelectronics.X-CUBE-AZRTOS-H7.3.5.0
2026-03-11 19:41:12,508 [WARN] PackLoader:240 - Cannot read IP mode file for STMicroelectronics.FP-ATR-ASTRA1.2.0.2
2026-03-11 19:41:12,521 [WARN] PackLoader:240 - Cannot read IP mode file for STMicroelectronics.X-CUBE-SMBUS.2.1.0
2026-03-11 19:41:12,557 [WARN] PackLoader:240 - Cannot read IP mode file for STMicroelectronics.X-CUBE-AZRTOS-F7.1.1.0
2026-03-11 19:41:12,599 [WARN] PackLoader:240 - Cannot read IP mode file for STMicroelectronics.FP-SNS-MOTENV1.5.1.0
2026-03-11 19:41:12,629 [WARN] PackLoader:240 - Cannot read IP mode file for WES.I-CUBE-Cesium.1.4.0
2026-03-11 19:41:12,648 [WARN] PackLoader:240 - Cannot read IP mode file for STMicroelectronics.X-CUBE-DISPLAY.3.0.0
2026-03-11 19:41:12,667 [WARN] PackLoader:240 - Cannot read IP mode file for STMicroelectronics.FP-SNS-MOTENVWB1.1.5.0
2026-03-11 19:41:12,706 [INFO] ApiDb:581 - Connected to CubeFinder SQLite database (/Users/lschloegel/.stmcufinder/plugins/mcufinder/mcu/cube-finder-db.db)
2026-03-11 19:41:12,709 [WARN] PackLoader:240 - Cannot read IP mode file for STMicroelectronics.X-CUBE-NFC10.1.0.0
2026-03-11 19:41:12,730 [WARN] PackLoader:240 - Cannot read IP mode file for STMicroelectronics.X-CUBE-ST60.1.1.0
2026-03-11 19:41:12,745 [WARN] PackLoader:240 - Cannot read IP mode file for emotas.I-CUBE-CANOPEN.1.3.0
2026-03-11 19:41:12,765 [INFO] ApiDb:668 - CubeFinder database Data Model version=2.1
2026-03-11 19:41:12,766 [INFO] ApiDb:669 - CubeFinder database Configuration version=3.0.42
2026-03-11 19:41:12,767 [INFO] ApiDb:670 - CubeFinder database generation date=2026-02-13 (1770995876)
2026-03-11 19:41:12,767 [INFO] ApiDb:671 - CubeFinder database FW Pack versions=[FP-ATR-ASTRA1_V2.0.0, FP-SNS-FLIGHT1_V5.1.0, FP-SNS-MOTENV1_V5.1.0, FP-SNS-MOTENVWB1_V1.4.0, FP-SNS-SMARTAG2_V1.2.0, FP-SNS-STBOX1_V2.1.0, STM32Cube_FW_C0_V1.4.0, STM32Cube_FW_F4_V1.28.3, STM32Cube_FW_F7_V1.17.4, STM32Cube_FW_G0_V1.6.2, STM32Cube_FW_G4_V1.6.1, STM32Cube_FW_H5_V1.6.0, STM32Cube_FW_H7RS_V1.3.0, STM32Cube_FW_H7_V1.13.0, STM32Cube_FW_L0_V1.12.2, STM32Cube_FW_L4_V1.18.2, STM32Cube_FW_L5_V1.6.0, STM32Cube_FW_N6_V1.3.0, STM32Cube_FW_U0_V1.3.0, STM32Cube_FW_U3_V1.3.0, STM32Cube_FW_U5_V1.8.0, STM32Cube_FW_WB0_V1.4.0, STM32Cube_FW_WBA_V1.9.0, STM32Cube_FW_WB_V1.24.0, STM32Cube_FW_WL3_V1.4.0, STM32Cube_FW_WL_V1.5.0, X-CUBE-ALGOBUILD_V1.4.0, X-CUBE-ALS_V1.0.2, X-CUBE-AZRTOS-F4_V1.1.0, X-CUBE-AZRTOS-F7_V1.1.0, X-CUBE-AZRTOS-G0_V1.1.0, X-CUBE-AZRTOS-G4_V2.0.0, X-CUBE-AZRTOS-H7RS_V1.1.0, X-CUBE-AZRTOS-H7_V3.4.0, X-CUBE-AZRTOS-L4_V2.0.0, X-CUBE-AZRTOS-L5_V2.0.0, X-CUBE-AZRTOS-WB_V2.0.0, X-CUBE-AZRTOS-WL_V2.0.0, X-CUBE-BLE1_V7.1.0, X-CUBE-BLE2_V3.3.0, X-CUBE-BLEMGR_V4.1.0, X-CUBE-EEPRMA1_V5.2.0, X-CUBE-FREERTOS_V1.3.1, X-CUBE-GNSS1_V6.0.0, X-CUBE-MEMS1_V12.0.0, X-CUBE-NFC4_V3.0.0, X-CUBE-NFC7_V2.0.0, X-CUBE-SFXS2LP1_V4.0.0, X-CUBE-ST67W61_V1.1.0, X-CUBE-SUBG2_V5.0.0, X-CUBE-TOF1_V3.4.3]
2026-03-11 19:41:12,780 [WARN] PackLoader:240 - Cannot read IP mode file for STMicroelectronics.X-CUBE-GNSS1.7.1.0
2026-03-11 19:41:12,842 [WARN] PackLoader:240 - Cannot read IP mode file for STMicroelectronics.FP-SNS-STBOX1.2.1.0
2026-03-11 19:41:12,873 [WARN] PackLoader:240 - Cannot read IP mode file for STMicroelectronics.FP-SNS-SMARTAG2.1.2.0
2026-03-11 19:41:12,878 [WARN] PackLoader:240 - Cannot read IP mode file for STMicroelectronics.FP-SNS-FLIGHT1.5.1.0
2026-03-11 19:41:12,888 [INFO] LogOutputStream:77 - [STDOUT_REDIRECT] 1 : Invalid condition id : UX_CORESTACK_Condition cause : null
2026-03-11 19:41:12,890 [INFO] LogOutputStream:77 - [STDOUT_REDIRECT] 1 : Invalid condition id : UX_CORESTACK_Condition cause : null
2026-03-11 19:41:12,890 [INFO] LogOutputStream:77 - [STDOUT_REDIRECT] 1 : Invalid condition id : UX_CORESTACK_Condition cause : null
2026-03-11 19:41:12,890 [INFO] LogOutputStream:77 - [STDOUT_REDIRECT] 1 : Invalid condition id : UX_CORESTACK_Condition cause : null
2026-03-11 19:41:12,892 [INFO] LogOutputStream:77 - [STDOUT_REDIRECT] 1 : Invalid condition id : UX_CORESTACK_Condition cause : null
2026-03-11 19:41:12,906 [WARN] PackLoader:240 - Cannot read IP mode file for STMicroelectronics.X-CUBE-AZRTOS-WL.2.0.0
2026-03-11 19:41:12,944 [WARN] PackLoader:240 - Cannot read IP mode file for STMicroelectronics.X-CUBE-AZRTOS-H7RS.1.2.0
2026-03-11 19:41:12,967 [WARN] PackLoader:240 - Cannot read IP mode file for STMicroelectronics.X-CUBE-BLE2.3.3.0
2026-03-11 19:41:13,074 [WARN] PackLoader:240 - Cannot read IP mode file for Infineon.AIROC-Wi-Fi-Bluetooth-STM32.1.8.0
2026-03-11 19:41:13,101 [WARN] PackLoader:240 - Cannot read IP mode file for STMicroelectronics.X-CUBE-NFC9.1.0.0
2026-03-11 19:41:13,109 [WARN] PackLoader:240 - Cannot read IP mode file for STMicroelectronics.X-CUBE-BLE1.7.1.0
2026-03-11 19:41:13,112 [WARN] PackLoader:240 - Cannot read IP mode file for wolfSSL.I-CUBE-wolfMQTT.1.19.2
2026-03-11 19:41:13,121 [WARN] PackLoader:240 - Cannot read IP mode file for STMicroelectronics.X-CUBE-EEPRMA1.5.2.0
2026-03-11 19:41:13,128 [WARN] PackLoader:240 - Cannot read IP mode file for wolfSSL.I-CUBE-wolfSSL.5.8.4
2026-03-11 19:41:13,136 [WARN] PackLoader:240 - Cannot read IP mode file for Cesanta.I-CUBE-Mongoose.7.20.0
2026-03-11 19:41:13,198 [WARN] PackLoader:240 - Cannot read IP mode file for STMicroelectronics.X-CUBE-MEMS1.12.0.0
2026-03-11 19:41:13,287 [WARN] PackLoader:240 - Cannot read IP mode file for STMicroelectronics.X-CUBE-AZRTOS-G0.1.1.0
2026-03-11 19:41:13,297 [WARN] PackLoader:240 - Cannot read IP mode file for STMicroelectronics.X-CUBE-NFC4.3.0.0
2026-03-11 19:41:13,313 [WARN] PackLoader:240 - Cannot read IP mode file for EmbeddedOffice.I-CUBE-FS-RTOS.1.0.1
2026-03-11 19:41:13,323 [WARN] PackLoader:240 - Cannot read IP mode file for STMicroelectronics.X-CUBE-WB05N.2.0.0
2026-03-11 19:41:13,329 [WARN] PackLoader:240 - Cannot read IP mode file for wolfSSL.I-CUBE-wolfTPM.3.8.0
2026-03-11 19:41:13,336 [WARN] PackLoader:240 - Cannot read IP mode file for STMicroelectronics.X-CUBE-TCPP.4.2.0
2026-03-11 19:41:13,343 [WARN] PackLoader:240 - Cannot read IP mode file for RealThread.X-CUBE-RT-Thread_Nano.4.1.1
2026-03-11 19:41:13,345 [WARN] PackLoader:240 - Cannot read IP mode file for STMicroelectronics.FP-ATR-SIGFOX1.3.2.0
2026-03-11 19:41:13,351 [WARN] PackLoader:240 - Cannot read IP mode file for STMicroelectronics.X-CUBE-FREERTOS.1.5.0
2026-03-11 19:41:13,357 [WARN] PackLoader:240 - Cannot read IP mode file for ITTIA_DB.I-CUBE-ITTIADB.8.9.0
2026-03-11 19:41:13,365 [WARN] PackLoader:240 - Cannot read IP mode file for STMicroelectronics.X-CUBE-NFC6.3.2.0
2026-03-11 19:41:13,375 [WARN] PackLoader:240 - Cannot read IP mode file for STMicroelectronics.X-CUBE-AI.10.2.0
2026-03-11 19:41:13,668 [WARN] PackLoader:240 - Cannot read IP mode file for SEGGER.I-CUBE-embOS.1.3.1
2026-03-11 19:41:13,964 [WARN] PackLoader:240 - Cannot read IP mode file for STMicroelectronics.X-CUBE-ALGOBUILD.1.4.0
2026-03-11 19:41:13,999 [WARN] PackLoader:240 - Cannot read IP mode file for STMicroelectronics.X-CUBE-PM33A1.1.0.0
2026-03-11 19:41:14,021 [WARN] PackLoader:240 - Cannot read IP mode file for STMicroelectronics.X-CUBE-AZRTOS-F4.1.1.0
2026-03-11 19:41:14,033 [WARN] PackLoader:240 - Cannot read IP mode file for STMicroelectronics.X-CUBE-ISPU.2.1.0
2026-03-11 19:41:14,047 [WARN] PackLoader:240 - Cannot read IP mode file for STMicroelectronics.X-CUBE-IPS.3.2.0
2026-03-11 19:41:14,063 [WARN] PackLoader:240 - Cannot read IP mode file for STMicroelectronics.X-CUBE-NFC12.1.0.0
2026-03-11 19:41:14,086 [WARN] PackLoader:240 - Cannot read IP mode file for STMicroelectronics.X-CUBE-AZRTOS-L5.2.0.0
2026-03-11 19:41:14,123 [WARN] PackLoader:240 - Cannot read IP mode file for STMicroelectronics.X-CUBE-TOUCHGFX.4.26.1
2026-03-11 19:41:14,137 [WARN] PackLoader:240 - Cannot read IP mode file for STMicroelectronics.FP-SNS-STAIOTCFT.1.0.0
2026-03-11 19:41:14,146 [WARN] PackLoader:240 - Cannot read IP mode file for STMicroelectronics.X-CUBE-DPower.1.3.0
2026-03-11 19:41:14,168 [WARN] ConditionMgr:438 - getConditionDescription Invalid condition id : LAN8742 Phy interface Condition cause : null
2026-03-11 19:41:14,170 [WARN] PackLoader:240 - Cannot read IP mode file for STMicroelectronics.X-CUBE-AZRTOS-L4.2.0.0
2026-03-11 19:41:14,172 [WARN] ConditionMgr:1044 - genDependencies : Invalid condition id : LAN8742 Phy interface Condition cause : null
2026-03-11 19:41:14,173 [WARN] ConditionMgr:1044 - genDependencies : Invalid condition id : LAN8742 Phy interface Condition cause : null
2026-03-11 19:41:14,174 [WARN] ConditionMgr:1044 - genDependencies : Invalid condition id : LAN8742 Phy interface Condition cause : null
2026-03-11 19:41:14,180 [WARN] PackLoader:240 - Cannot read IP mode file for STMicroelectronics.X-CUBE-SFXS2LP1.4.0.0
2026-03-11 19:41:14,188 [WARN] PackLoader:240 - Cannot read IP mode file for STMicroelectronics.X-CUBE-ST67W61.1.2.0
2026-03-11 19:41:14,205 [WARN] PackLoader:240 - Cannot read IP mode file for STMicroelectronics.X-CUBE-BLEMGR.4.1.0
2026-03-11 19:41:14,229 [WARN] ConditionMgr:438 - getConditionDescription Invalid condition id : UX DEVICE CLASS RTOS Condition cause : null
2026-03-11 19:41:14,229 [WARN] ConditionMgr:438 - getConditionDescription Invalid condition id : UX DEVICE CLASS RTOS Condition cause : null
2026-03-11 19:41:14,233 [WARN] PackLoader:240 - Cannot read IP mode file for STMicroelectronics.X-CUBE-AZRTOS-WB.2.0.0
2026-03-11 19:41:14,235 [WARN] ConditionMgr:1044 - genDependencies : Invalid condition id : UX DEVICE CLASS RTOS Condition cause : null
2026-03-11 19:41:14,235 [WARN] ConditionMgr:1044 - genDependencies : Invalid condition id : UX DEVICE CLASS RTOS Condition cause : null
2026-03-11 19:41:14,236 [WARN] ConditionMgr:1044 - genDependencies : Invalid condition id : UX DEVICE CLASS RTOS Condition cause : null
2026-03-11 19:41:14,239 [WARN] ConditionMgr:1044 - genDependencies : Invalid condition id : UX DEVICE CLASS RTOS Condition cause : null
2026-03-11 19:41:14,239 [WARN] ConditionMgr:1044 - genDependencies : Invalid condition id : UX DEVICE CLASS RTOS Condition cause : null
2026-03-11 19:41:14,249 [WARN] ConditionMgr:438 - getConditionDescription Invalid condition id : Cortex-A Device cause : null
2026-03-11 19:41:14,273 [WARN] ConditionMgr:1044 - genDependencies : Invalid condition id : Cortex-A Device cause : null
2026-03-11 19:41:14,273 [WARN] ConditionMgr:1044 - genDependencies : Invalid condition id : Cortex-A Device cause : null
2026-03-11 19:41:14,273 [WARN] ConditionMgr:1044 - genDependencies : Invalid condition id : Cortex-A Device cause : null
2026-03-11 19:41:14,278 [WARN] PackLoader:240 - Cannot read IP mode file for STMicroelectronics.X-CUBE-STSE01.2.0.0
2026-03-11 19:41:14,292 [WARN] PackLoader:240 - Cannot read IP mode file for STMicroelectronics.X-CUBE-SUBG2.5.0.0
2026-03-11 19:41:14,325 [WARN] PackLoader:240 - Cannot read IP mode file for STMicroelectronics.X-CUBE-AZRTOS-G4.2.0.0
2026-03-11 19:41:14,332 [WARN] PackLoader:240 - Cannot read IP mode file for wolfSSL.I-CUBE-wolfSSH.1.4.20
2026-03-11 19:41:14,339 [WARN] PackLoader:240 - Cannot read IP mode file for STMicroelectronics.X-CUBE-NFC7.2.0.0
2026-03-11 19:41:14,342 [WARN] PackLoader:240 - Cannot read IP mode file for STMicroelectronics.X-CUBE-ALS.1.0.2
2026-03-11 19:41:14,353 [WARN] PackLoader:240 - Cannot read IP mode file for STMicroelectronics.X-CUBE-TOF1.3.4.3
2026-03-11 19:41:14,402 [INFO] ThirdParty:978 - Integrity check success = true
2026-03-11 19:41:14,403 [INFO] IntegrityCheckThread:100 - exiting critical section [integrity check]
2026-03-11 19:41:14,403 [INFO] IntegrityCheckThread:103 - End integrity checks thread
2026-03-11 19:41:14,568 [INFO] ApiDb:240 - Found 880 in-development CPN: [B-G473E-ZEST1S, B-WB1M-WPAN1, B-WBA5M-WPAN, B-WL5M-SUBG1, NUCLEO-C031C6, NUCLEO-C051C8, NUCLEO-C071RB, NUCLEO-C092RC, NUCLEO-H503RB, NUCLEO-H533RE, NUCLEO-H563ZI, NUCLEO-H7S3L8, NUCLEO-N657X0-Q, NUCLEO-U031R8, NUCLEO-U083RC, NUCLEO-U385RG-Q, NUCLEO-U545RE-Q, NUCLEO-U5A5ZJ-Q, NUCLEO-WB05KZ, NUCLEO-WB07CC, NUCLEO-WB09KE, NUCLEO-WBA52CG, NUCLEO-WBA55CG, NUCLEO-WL33CC1, NUCLEO-WL33CC2, STEVAL-PROTEUS1, STEVAL-SMARTAG2, STEVAL-STWINBX1, STM320518-EVAL, STM32C0116-DK, STM32C011D6Y3TR, STM32C011D6Y6TR, STM32C011F4P3, STM32C011F4P6, STM32C011F4U3, STM32C011F4U6TR, STM32C011F6P3, STM32C011F6P6, STM32C011F6U3, STM32C011F6U6TR, STM32C011J4M3, STM32C011J4M6, STM32C011J6M3, STM32C011J6M6, STM32C0316-DK, STM32C031C4T3, STM32C031C4T6, STM32C031C4U3, STM32C031C4U6, STM32C031C6T3, STM32C031C6T6, STM32C031C6U3, STM32C031C6U6, STM32C031F4P3, STM32C031F4P6, STM32C031F6P3, STM32C031F6P6, STM32C031G4U3, STM32C031G4U6, STM32C031G6U3, STM32C031G6U6, STM32C031K4T3, STM32C031K4T6, STM32C031K4U3, STM32C031K4U6, STM32C031K6T3, STM32C031K6T6, STM32C031K6U3, STM32C031K6U6, STM32C051C6T6, STM32C051C6U6, STM32C051C8T6, STM32C051C8U6, STM32C051D8Y6TR, STM32C051F6P6, STM32C051F8P6, STM32C051G6U6, STM32C051G8U6, STM32C051K6T6, STM32C051K6U6, STM32C051K8T6, STM32C071C8T6, STM32C071C8T6N, STM32C071C8U6, STM32C071C8U6N, STM32C071CBT6, STM32C071CBT6N, STM32C071CBU6, STM32C071CBU6N, STM32C071F8P6, STM32C071F8P6N, STM32C071FBP6, STM32C071FBP6N, STM32C071FBY6TR, STM32C071G8U6, STM32C071G8U6N, STM32C071GBU6, STM32C071GBU6N, STM32C071K8T6, STM32C071K8T6N, STM32C071K8U6, STM32C071K8U6N, STM32C071KBT6, STM32C071KBT6N, STM32C071KBU6, STM32C071KBU6N, STM32C071R8T6, STM32C071R8T6N, STM32C071RBI6N, STM32C071RBT6, STM32C071RBT6N, STM32C091CBT6, STM32C091CBU6, STM32C091CCT6, STM32C091CCU6, STM32C091ECY6TR, STM32C091FBP6, STM32C091FCP6, STM32C091GBU6, STM32C091GCU6, STM32C091KBT6, STM32C091KBU6, STM32C091KCT6, STM32C091KCU6, STM32C091RBT6, STM32C091RCI6, STM32C091RCT6, STM32C092CBT6, STM32C092CBU6, STM32C092CCT6, STM32C092CCU6, STM32C092ECY6TR, STM32C092FBP6, STM32C092FCP6, STM32C092GBU6, STM32C092GCU6, STM32C092KBT6, STM32C092KBU6, STM32C092KCT6, STM32C092KCU6, STM32C092RBT6, STM32C092RCI6, STM32C092RCT6, STM32G071K8TXN, STM32G071K8UXN, STM32G081GBU6N, STM32G081KBT6N, STM32G081KBUXN, STM32G0B1CCT6N, STM32G0B1KCT6, STM32G0B1NEY6TR, STM32G0B1RCT6N, STM32G0C1CCT6, STM32G0C1CCT6N, STM32G0C1CCU6N, STM32G0C1CET6N, STM32G0C1CEU6N, STM32G0C1KCT6, STM32G0C1NEY6TR, STM32G0C1RCI6N, STM32G0C1RCT6N, STM32G0C1REI6N, STM32G0C1RET6N, STM32G0C1VCI6, STM32G0C1VEI6, STM32G411C6T3, STM32G411C6T6, STM32G411C6U3, STM32G411C6U6, STM32G411C8T3, STM32G411C8T6, STM32G411C8U3, STM32G411C8U6, STM32G411CBT3, STM32G411CBT6, STM32G411CBU3, STM32G411CBU6, STM32G411K6T3, STM32G411K6T6, STM32G411K6U3, STM32G411K6U6, STM32G411K8T3, STM32G411K8T6, STM32G411K8U3, STM32G411K8U6, STM32G411KBT3, STM32G411KBT6, STM32G411KBU3, STM32G411KBU6, STM32G411M6T3, STM32G411M6T6, STM32G411M8T3, STM32G411M8T6, STM32G411MBT3, STM32G411MBT6, STM32G411R6T3, STM32G411R6T6, STM32G411R8T3, STM32G411R8T6, STM32G411RBT3, STM32G411RBT6, STM32G414CBT3, STM32G414CBT6, STM32G414CBU3, STM32G414CBU6, STM32G414CCT3, STM32G414CCT6, STM32G414CCU3, STM32G414CCU6, STM32G414MBT3, STM32G414MBT6, STM32G414MCT3, STM32G414MCT6, STM32G414RBT3, STM32G414RBT6, STM32G414RCT3, STM32G414RCT6, STM32G414VBT3, STM32G414VBT6, STM32G414VCT3, STM32G414VCT6, STM32G431CBT3Z, STM32G431RBT3Z, STM32G471CCT6, STM32G471CCU6, STM32G471CET3, STM32G471CET6, STM32G471CEU3, STM32G471CEU6, STM32G471MCT6, STM32G471MET3, STM32G471MET6, STM32G471MEY6TR, STM32G471QCT6, STM32G471QET3, STM32G471RCT6, STM32G471RET3, STM32G471RET6, STM32G471VCH6, STM32G471VCI6, STM32G471VCT6, STM32G471VEH3, STM32G471VEH6, STM32G471VEI3, STM32G471VEI6, STM32G471VET3, STM32G471VET6, STM32G473QET3Z, STM32G473RET3Z, STM32G474CCT6, STM32G491RET3Z, STM32H503CBT6, STM32H503CBU6, STM32H503EBY6TR, STM32H503KBU6, STM32H503RBT6, STM32H523CCT6, STM32H523CCU6, STM32H523CET6, STM32H523CEU6, STM32H523HEY6TR, STM32H523RCT6, STM32H523RET6, STM32H523VCI6, STM32H523VCT6, STM32H523VEI6, STM32H523VET6, STM32H523ZCJ6, STM32H523ZCT6, STM32H523ZEJ6, STM32H523ZET6, STM32H533CET6, STM32H533CEU6, STM32H533HEY6TR, STM32H533RET6, STM32H533VEI6, STM32H533VET6, STM32H533ZEJ6, STM32H533ZET6, STM32H562AGI6, STM32H562AII6, STM32H562IGK6, STM32H562IGT6, STM32H562IIK6, STM32H562IIT6, STM32H562RGT6, STM32H562RGV6, STM32H562RIT6, STM32H562RIV6, STM32H562VGT6, STM32H562VIT6, STM32H562ZGT6, STM32H562ZIT6, STM32H563AGI6, STM32H563AII3Q, STM32H563AII6, STM32H563IGK6, STM32H563IGT6, STM32H563IIK3Q, STM32H563IIK6, STM32H563IIT3Q, STM32H563IIT6, STM32H563MIY3QTR, STM32H563RGT6, STM32H563RGV6, STM32H563RIT6, STM32H563RIV6, STM32H563VGT6, STM32H563VIT3Q, STM32H563VIT6, STM32H563ZGT6, STM32H563ZIT3Q, STM32H563ZIT6, STM32H573AII3Q, STM32H573AII6, STM32H573I-DK, STM32H573IIK3Q, STM32H573IIK6, STM32H573IIT3Q, STM32H573IIT6, STM32H573MIY3QTR, STM32H573RIT6, STM32H573RIV6, STM32H573VIT3Q, STM32H573VIT6, STM32H573ZIT3Q, STM32H573ZIT6, STM32H7R3A8I6, STM32H7R3I8K6, STM32H7R3I8T6, STM32H7R3L8H6, STM32H7R3L8H6H, STM32H7R3R8V6, STM32H7R3V8H6, STM32H7R3V8T6, STM32H7R3V8Y6TR, STM32H7R3Z8J6, STM32H7R3Z8T6, STM32H7R7A8I6, STM32H7R7I8K6, STM32H7R7I8T6, STM32H7R7L8H6, STM32H7R7L8H6H, STM32H7R7Z8J6, STM32H7S3A8I6, STM32H7S3I8K6, STM32H7S3I8T6, STM32H7S3L8H6, STM32H7S3L8H6H, STM32H7S3R8V6, STM32H7S3V8H6, STM32H7S3V8T6, STM32H7S3V8Y6TR, STM32H7S3Z8J6, STM32H7S3Z8T6, STM32H7S78-DK, STM32H7S7A8I6, STM32H7S7I8K6, STM32H7S7I8T6, STM32H7S7L8H6, STM32H7S7L8H6H, STM32H7S7Z8J6, STM32L4R5QGI6STR, STM32MP131AAE3, STM32MP131AAF3, STM32MP131AAG3, STM32MP131CAE3, STM32MP131CAF3, STM32MP131CAG3, STM32MP131DAE7, STM32MP131DAF7, STM32MP131DAG7, STM32MP131FAE7, STM32MP131FAF7, STM32MP131FAG7, STM32MP133AAE3, STM32MP133AAF3, STM32MP133AAG3, STM32MP133CAE3, STM32MP133CAF3, STM32MP133CAG3, STM32MP133DAE7, STM32MP133DAF7, STM32MP133DAG7, STM32MP133FAE7, STM32MP133FAF7, STM32MP133FAG7, STM32MP135AAE3, STM32MP135AAF3, STM32MP135AAG3, STM32MP135CAE3, STM32MP135CAF3, STM32MP135CAG3, STM32MP135DAE7, STM32MP135DAF7, STM32MP135DAG7, STM32MP135F-DK, STM32MP135FAE7, STM32MP135FAF7, STM32MP135FAF7T, STM32MP135FAF7U, STM32MP135FAG7, STM32MP211AAL3, STM32MP211AAM3, STM32MP211AAN3, STM32MP211AAO3, STM32MP211CAL3, STM32MP211CAM3, STM32MP211CAN3, STM32MP211CAO3, STM32MP211DAL3, STM32MP211DAM3, STM32MP211DAN3, STM32MP211DAO3, STM32MP211FAL3, STM32MP211FAM3, STM32MP211FAN3, STM32MP211FAO3, STM32MP213AAL3, STM32MP213AAM3, STM32MP213AAN3, STM32MP213AAO3, STM32MP213CAL3, STM32MP213CAM3, STM32MP213CAN3, STM32MP213CAO3, STM32MP213DAL3, STM32MP213DAM3, STM32MP213DAN3, STM32MP213DAO3, STM32MP213FAL3, STM32MP213FAM3, STM32MP213FAN3, STM32MP213FAO3, STM32MP215AAL3, STM32MP215AAM3, STM32MP215AAN3, STM32MP215AAO3, STM32MP215CAL3, STM32MP215CAM3, STM32MP215CAN3, STM32MP215CAO3, STM32MP215DAL3, STM32MP215DAM3, STM32MP215DAN3, STM32MP215DAO3, STM32MP215F-DK, STM32MP215FAL3, STM32MP215FAM3, STM32MP215FAN3, STM32MP215FAO3, STM32MP231AAJ3, STM32MP231AAK3, STM32MP231AAL3, STM32MP231CAJ3, STM32MP231CAK3, STM32MP231CAL3, STM32MP231DAJ3, STM32MP231DAK3, STM32MP231DAL3, STM32MP231FAJ3, STM32MP231FAK3, STM32MP231FAL3, STM32MP233AAJ3, STM32MP233AAK3, STM32MP233AAL3, STM32MP233CAJ3, STM32MP233CAK3, STM32MP233CAL3, STM32MP233DAJ3, STM32MP233DAK3, STM32MP233DAL3, STM32MP233FAJ3, STM32MP233FAK3, STM32MP233FAL3, STM32MP235AAJ3, STM32MP235AAK3, STM32MP235AAL3, STM32MP235CAJ3, STM32MP235CAK3, STM32MP235CAL3, STM32MP235DAJ3, STM32MP235DAK3, STM32MP235DAL3, STM32MP235FAJ3, STM32MP235FAK3, STM32MP235FAL3, STM32MP251AAI3, STM32MP251AAK3, STM32MP251AAL3, STM32MP251CAI3, STM32MP251CAK3, STM32MP251CAL3, STM32MP251DAI3, STM32MP251DAK3, STM32MP251DAL3, STM32MP251FAI3, STM32MP251FAK3, STM32MP251FAL3, STM32MP253AAI3, STM32MP253AAK3, STM32MP253AAL3, STM32MP253CAI3, STM32MP253CAK3, STM32MP253CAL3, STM32MP253DAI3, STM32MP253DAK3, STM32MP253DAL3, STM32MP253FAI3, STM32MP253FAK3, STM32MP253FAL3, STM32MP255AAI3, STM32MP255AAK3, STM32MP255AAL3, STM32MP255CAI3, STM32MP255CAK3, STM32MP255CAL3, STM32MP255DAI3, STM32MP255DAK3, STM32MP255DAL3, STM32MP255FAI3, STM32MP255FAK3, STM32MP255FAL3, STM32MP257AAI3, STM32MP257AAK3, STM32MP257AAL3, STM32MP257CAI3, STM32MP257CAK3, STM32MP257CAL3, STM32MP257DAI3, STM32MP257DAK3, STM32MP257DAL3, STM32MP257F-DK, STM32MP257F-EV1, STM32MP257FAI3, STM32MP257FAK3, STM32MP257FAL3, STM32N645A0H3Q, STM32N645B0H3Q, STM32N645I0H3Q, STM32N645L0H3Q, STM32N645X0H3Q, STM32N645Z0H3Q, STM32N647A0H3Q, STM32N647B0H3Q, STM32N647I0H3Q, STM32N647L0H3Q, STM32N647X0H3Q, STM32N647Z0H3Q, STM32N655A0H3Q, STM32N655B0H3Q, STM32N655I0H3Q, STM32N655L0H3Q, STM32N655X0H3Q, STM32N655Z0H3Q, STM32N6570-DK, STM32N657A0H3Q, STM32N657B0H3Q, STM32N657I0H3Q, STM32N657L0H3Q, STM32N657X0H3Q, STM32N657Z0H3Q, STM32U031C6T6, STM32U031C6U6, STM32U031C8T6, STM32U031C8U6, STM32U031F4P6, STM32U031F6P6, STM32U031F8P6, STM32U031G6Y6TR, STM32U031G8Y6TR, STM32U031K4U6, STM32U031K6U6, STM32U031K8U6, STM32U031R6I6, STM32U031R6T6, STM32U031R8I6, STM32U031R8T6, STM32U073C8T6, STM32U073C8U6, STM32U073CBT6, STM32U073CBU6, STM32U073CCT6, STM32U073CCU6, STM32U073H8Y6TR, STM32U073HBY6TR, STM32U073HCY6TR, STM32U073K8U6, STM32U073KBU6, STM32U073KCU6, STM32U073M8I6, STM32U073M8T6, STM32U073MBI6, STM32U073MBT6, STM32U073MCI6, STM32U073MCT6, STM32U073R8I6, STM32U073R8T6, STM32U073RBI6, STM32U073RBT6, STM32U073RCI6, STM32U073RCT6, STM32U083C-DK, STM32U083CCT6, STM32U083CCU6, STM32U083HCY6TR, STM32U083KCU6, STM32U083MCI6, STM32U083MCT6, STM32U083RCI6, STM32U083RCT6, STM32U375CET6, STM32U375CET6Q, STM32U375CEU6, STM32U375CEU6Q, STM32U375CEY6QTR, STM32U375CGT6, STM32U375CGT6Q, STM32U375CGU6, STM32U375CGU6Q, STM32U375CGY6QTR, STM32U375KEU6, STM32U375KGU6, STM32U375REI6, STM32U375REI6Q, STM32U375RET6, STM32U375RET6Q, STM32U375REY6GTR, STM32U375REY6QTR, STM32U375RGI6, STM32U375RGI6Q, STM32U375RGT6, STM32U375RGT6Q, STM32U375RGY6GTR, STM32U375RGY6QTR, STM32U375VEI6, STM32U375VEI6Q, STM32U375VET6, STM32U375VET6Q, STM32U375VGI6, STM32U375VGI6Q, STM32U375VGT6, STM32U375VGT6Q, STM32U385CGT6, STM32U385CGT6Q, STM32U385CGU6, STM32U385CGU6Q, STM32U385CGY6QTR, STM32U385KGU6, STM32U385RGI6, STM32U385RGI6Q, STM32U385RGT6, STM32U385RGT6Q, STM32U385RGY6GTR, STM32U385RGY6QTR, STM32U385VGI6, STM32U385VGI6Q, STM32U385VGT6, STM32U385VGT6Q, STM32U535CBT6, STM32U535CBT6Q, STM32U535CBU6, STM32U535CBU6Q, STM32U535CCT6, STM32U535CCT6Q, STM32U535CCU6, STM32U535CCU6Q, STM32U535CET6, STM32U535CET6Q, STM32U535CEU6, STM32U535CEU6Q, STM32U535JEY6QTR, STM32U535NCY6QTR, STM32U535NEY6QTR, STM32U535RBI6, STM32U535RBI6Q, STM32U535RBT6, STM32U535RBT6Q, STM32U535RCI6, STM32U535RCI6Q, STM32U535RCT6, STM32U535RCT6Q, STM32U535REI6, STM32U535REI6Q, STM32U535RET6, STM32U535RET6Q, STM32U535VCI6, STM32U535VCI6Q, STM32U535VCT6, STM32U535VCT6Q, STM32U535VEI6, STM32U535VEI6Q, STM32U535VET6, STM32U535VET6Q, STM32U545CET6, STM32U545CET6Q, STM32U545CEU6, STM32U545CEU6Q, STM32U545JEY6QTR, STM32U545NEY6QTR, STM32U545REI6, STM32U545REI6Q, STM32U545RET6, STM32U545RET6Q, STM32U545VEI6, STM32U545VEI6Q, STM32U545VET6, STM32U545VET6Q, STM32U595AIH6, STM32U595AIH6Q, STM32U595AJH6, STM32U595AJH6Q, STM32U595QII6, STM32U595QII6Q, STM32U595QJI6, STM32U595QJI6Q, STM32U595RIT6, STM32U595RIT6Q, STM32U595RJT6, STM32U595RJT6Q, STM32U595VIT6, STM32U595VIT6Q, STM32U595VJT6, STM32U595VJT6Q, STM32U595ZIT6, STM32U595ZIT6Q, STM32U595ZIY6QTR, STM32U595ZJT6, STM32U595ZJT6Q, STM32U595ZJY6QTR, STM32U599BJY6QTR, STM32U599NIH6Q, STM32U599NJH6Q, STM32U599VIT6Q, STM32U599VJT6, STM32U599VJT6Q, STM32U599ZIT6Q, STM32U599ZIY6QTR, STM32U599ZJT6Q, STM32U599ZJY6QTR, STM32U5A5AJH6, STM32U5A5AJH6Q, STM32U5A5QII3Q , STM32U5A5QJI6, STM32U5A5QJI6Q, STM32U5A5RJT6, STM32U5A5RJT6Q, STM32U5A5VJT6, STM32U5A5VJT6Q, STM32U5A5ZJT6, STM32U5A5ZJT6Q, STM32U5A5ZJY6QTR, STM32U5A9BJY6QTR, STM32U5A9J-DK, STM32U5A9NJH6Q, STM32U5A9VJT6Q, STM32U5A9ZJT6Q, STM32U5A9ZJY6QTR, STM32U5F7VIT6, STM32U5F7VIT6Q, STM32U5F7VJT6, STM32U5F7VJT6Q, STM32U5F9BJY6QTR, STM32U5F9NJH6Q, STM32U5F9VIT6Q, STM32U5F9VJT6Q, STM32U5F9ZIJ6QTR, STM32U5F9ZIT6Q, STM32U5F9ZJJ6QTR, STM32U5F9ZJT6Q, STM32U5G7VJT6, STM32U5G7VJT6Q, STM32U5G9BJY6QTR, STM32U5G9J-DK1, STM32U5G9J-DK2, STM32U5G9NJH6Q, STM32U5G9VJT6Q, STM32U5G9ZJJ6QTR, STM32U5G9ZJT6Q, STM32WB05KZV6TR, STM32WB05KZV7TR, STM32WB05TZF6TR, STM32WB05TZF7TR, STM32WB06CCF6TR, STM32WB06CCF7TR, STM32WB06CCV6TR, STM32WB06CCV7TR, STM32WB06KCV6TR, STM32WB06KCV7TR, STM32WB07CCF6TR, STM32WB07CCF7TR, STM32WB07CCV6TR, STM32WB07CCV7TR, STM32WB07KCV6TR, STM32WB07KCV7TR, STM32WB09KEV6TR, STM32WB09KEV7TR, STM32WB09TEF6TR, STM32WB09TEF7TR, STM32WB1MMCH6, STM32WBA50KGU6, STM32WBA50KGU6TR, STM32WBA52CEU6, STM32WBA52CEU6TR, STM32WBA52CEU7, STM32WBA52CEU7TR, STM32WBA52CGU6, STM32WBA52CGU6TR, STM32WBA52CGU6U, STM32WBA52CGU7, STM32WBA52CGU7TR, STM32WBA52KEU6, STM32WBA52KEU6TR, STM32WBA52KGU6, STM32WBA52KGU6TR, STM32WBA54CEU6, STM32WBA54CEU6TR, STM32WBA54CEU7, STM32WBA54CEU7TR, STM32WBA54CGU6, STM32WBA54CGU6TR, STM32WBA54CGU7, STM32WBA54CGU7TR, STM32WBA54KEU6, STM32WBA54KEU6TR, STM32WBA54KEU7, STM32WBA54KEU7TR, STM32WBA54KGU6, STM32WBA54KGU6TR, STM32WBA54KGU7, STM32WBA54KGU7TR, STM32WBA55CEU6, STM32WBA55CEU6TR, STM32WBA55CEU7, STM32WBA55CEU7TR, STM32WBA55CGU6, STM32WBA55CGU6TR, STM32WBA55CGU6U, STM32WBA55CGU7, STM32WBA55CGU7TR, STM32WBA55G-DK1, STM32WBA55HEF6, STM32WBA55HEF7, STM32WBA55HGF6, STM32WBA55HGF7, STM32WBA55UEI6, STM32WBA55UEI6TR, STM32WBA55UEI7, STM32WBA55UEI7TR, STM32WBA55UGI6, STM32WBA55UGI6TR, STM32WBA55UGI7, STM32WBA55UGI7TR, STM32WBA5MMGH6TR, STM32WBA62MGF6, STM32WBA62MIF6, STM32WBA65MGF7, STM32WBA65MIF6, STM32WBA65MIF7, STM32WL30K8V6, STM32WL30KBV6, STM32WL31C8V6, STM32WL31CBV6, STM32WL31K8V6, STM32WL31KBV6, STM32WL33C8V6, STM32WL33C8V6X, STM32WL33CBV6, STM32WL33CBV6X, STM32WL33CCV6, STM32WL33CCV6A, STM32WL33CCV6X, STM32WL33K8V7, STM32WL33K8V7X, STM32WL33KBV7 , STM32WL33KBV7X, STM32WL33KCV7, STM32WL33KCV7X, STM32WL5MOCH6, STM32WL5MOCH6TR]
2026-03-11 19:41:14,579 [INFO] DbMcus:218 - Found 4922 MCUs, 4922 are supported
2026-03-11 19:41:14,581 [INFO] ApiDb:414 - User favorites file not found: /Users/lschloegel/.stm32cubeide/favorites.mcus.txt
2026-03-11 19:41:14,581 [INFO] DbMcus:224 - Set 0 / 0 favorites MCUs
2026-03-11 19:41:14,867 [INFO] ApiDb:668 - CubeFinder database Data Model version=2.1
2026-03-11 19:41:14,867 [INFO] ApiDb:669 - CubeFinder database Configuration version=3.0.42
2026-03-11 19:41:14,867 [INFO] ApiDb:670 - CubeFinder database generation date=2026-02-13 (1770995876)
2026-03-11 19:41:14,867 [INFO] ApiDb:671 - CubeFinder database FW Pack versions=[FP-ATR-ASTRA1_V2.0.0, FP-SNS-FLIGHT1_V5.1.0, FP-SNS-MOTENV1_V5.1.0, FP-SNS-MOTENVWB1_V1.4.0, FP-SNS-SMARTAG2_V1.2.0, FP-SNS-STBOX1_V2.1.0, STM32Cube_FW_C0_V1.4.0, STM32Cube_FW_F4_V1.28.3, STM32Cube_FW_F7_V1.17.4, STM32Cube_FW_G0_V1.6.2, STM32Cube_FW_G4_V1.6.1, STM32Cube_FW_H5_V1.6.0, STM32Cube_FW_H7RS_V1.3.0, STM32Cube_FW_H7_V1.13.0, STM32Cube_FW_L0_V1.12.2, STM32Cube_FW_L4_V1.18.2, STM32Cube_FW_L5_V1.6.0, STM32Cube_FW_N6_V1.3.0, STM32Cube_FW_U0_V1.3.0, STM32Cube_FW_U3_V1.3.0, STM32Cube_FW_U5_V1.8.0, STM32Cube_FW_WB0_V1.4.0, STM32Cube_FW_WBA_V1.9.0, STM32Cube_FW_WB_V1.24.0, STM32Cube_FW_WL3_V1.4.0, STM32Cube_FW_WL_V1.5.0, X-CUBE-ALGOBUILD_V1.4.0, X-CUBE-ALS_V1.0.2, X-CUBE-AZRTOS-F4_V1.1.0, X-CUBE-AZRTOS-F7_V1.1.0, X-CUBE-AZRTOS-G0_V1.1.0, X-CUBE-AZRTOS-G4_V2.0.0, X-CUBE-AZRTOS-H7RS_V1.1.0, X-CUBE-AZRTOS-H7_V3.4.0, X-CUBE-AZRTOS-L4_V2.0.0, X-CUBE-AZRTOS-L5_V2.0.0, X-CUBE-AZRTOS-WB_V2.0.0, X-CUBE-AZRTOS-WL_V2.0.0, X-CUBE-BLE1_V7.1.0, X-CUBE-BLE2_V3.3.0, X-CUBE-BLEMGR_V4.1.0, X-CUBE-EEPRMA1_V5.2.0, X-CUBE-FREERTOS_V1.3.1, X-CUBE-GNSS1_V6.0.0, X-CUBE-MEMS1_V12.0.0, X-CUBE-NFC4_V3.0.0, X-CUBE-NFC7_V2.0.0, X-CUBE-SFXS2LP1_V4.0.0, X-CUBE-ST67W61_V1.1.0, X-CUBE-SUBG2_V5.0.0, X-CUBE-TOF1_V3.4.3]
2026-03-11 19:41:14,899 [INFO] DbBoardsSqlite:226 - include board P-NUCLEO-WB55-NUCLEO as a kit item of type 'Nucleo-64'
2026-03-11 19:41:14,899 [INFO] DbBoardsSqlite:226 - include board P-NUCLEO-WB55-USBDONGLE as a kit item of type 'Nucleo USB Dongle'
2026-03-11 19:41:14,899 [INFO] DbBoardsSqlite:226 - include board STEVAL-IDP005V1 as a kit item of type 'Evaluation Board'
2026-03-11 19:41:14,899 [INFO] DbBoardsSqlite:226 - include board STEVAL-IDP005V2 as a kit item of type 'Evaluation Board'
2026-03-11 19:41:14,927 [INFO] ApiDb:240 - Found 880 in-development CPN: [B-G473E-ZEST1S, B-WB1M-WPAN1, B-WBA5M-WPAN, B-WL5M-SUBG1, NUCLEO-C031C6, NUCLEO-C051C8, NUCLEO-C071RB, NUCLEO-C092RC, NUCLEO-H503RB, NUCLEO-H533RE, NUCLEO-H563ZI, NUCLEO-H7S3L8, NUCLEO-N657X0-Q, NUCLEO-U031R8, NUCLEO-U083RC, NUCLEO-U385RG-Q, NUCLEO-U545RE-Q, NUCLEO-U5A5ZJ-Q, NUCLEO-WB05KZ, NUCLEO-WB07CC, NUCLEO-WB09KE, NUCLEO-WBA52CG, NUCLEO-WBA55CG, NUCLEO-WL33CC1, NUCLEO-WL33CC2, STEVAL-PROTEUS1, STEVAL-SMARTAG2, STEVAL-STWINBX1, STM320518-EVAL, STM32C0116-DK, STM32C011D6Y3TR, STM32C011D6Y6TR, STM32C011F4P3, STM32C011F4P6, STM32C011F4U3, STM32C011F4U6TR, STM32C011F6P3, STM32C011F6P6, STM32C011F6U3, STM32C011F6U6TR, STM32C011J4M3, STM32C011J4M6, STM32C011J6M3, STM32C011J6M6, STM32C0316-DK, STM32C031C4T3, STM32C031C4T6, STM32C031C4U3, STM32C031C4U6, STM32C031C6T3, STM32C031C6T6, STM32C031C6U3, STM32C031C6U6, STM32C031F4P3, STM32C031F4P6, STM32C031F6P3, STM32C031F6P6, STM32C031G4U3, STM32C031G4U6, STM32C031G6U3, STM32C031G6U6, STM32C031K4T3, STM32C031K4T6, STM32C031K4U3, STM32C031K4U6, STM32C031K6T3, STM32C031K6T6, STM32C031K6U3, STM32C031K6U6, STM32C051C6T6, STM32C051C6U6, STM32C051C8T6, STM32C051C8U6, STM32C051D8Y6TR, STM32C051F6P6, STM32C051F8P6, STM32C051G6U6, STM32C051G8U6, STM32C051K6T6, STM32C051K6U6, STM32C051K8T6, STM32C071C8T6, STM32C071C8T6N, STM32C071C8U6, STM32C071C8U6N, STM32C071CBT6, STM32C071CBT6N, STM32C071CBU6, STM32C071CBU6N, STM32C071F8P6, STM32C071F8P6N, STM32C071FBP6, STM32C071FBP6N, STM32C071FBY6TR, STM32C071G8U6, STM32C071G8U6N, STM32C071GBU6, STM32C071GBU6N, STM32C071K8T6, STM32C071K8T6N, STM32C071K8U6, STM32C071K8U6N, STM32C071KBT6, STM32C071KBT6N, STM32C071KBU6, STM32C071KBU6N, STM32C071R8T6, STM32C071R8T6N, STM32C071RBI6N, STM32C071RBT6, STM32C071RBT6N, STM32C091CBT6, STM32C091CBU6, STM32C091CCT6, STM32C091CCU6, STM32C091ECY6TR, STM32C091FBP6, STM32C091FCP6, STM32C091GBU6, STM32C091GCU6, STM32C091KBT6, STM32C091KBU6, STM32C091KCT6, STM32C091KCU6, STM32C091RBT6, STM32C091RCI6, STM32C091RCT6, STM32C092CBT6, STM32C092CBU6, STM32C092CCT6, STM32C092CCU6, STM32C092ECY6TR, STM32C092FBP6, STM32C092FCP6, STM32C092GBU6, STM32C092GCU6, STM32C092KBT6, STM32C092KBU6, STM32C092KCT6, STM32C092KCU6, STM32C092RBT6, STM32C092RCI6, STM32C092RCT6, STM32G071K8TXN, STM32G071K8UXN, STM32G081GBU6N, STM32G081KBT6N, STM32G081KBUXN, STM32G0B1CCT6N, STM32G0B1KCT6, STM32G0B1NEY6TR, STM32G0B1RCT6N, STM32G0C1CCT6, STM32G0C1CCT6N, STM32G0C1CCU6N, STM32G0C1CET6N, STM32G0C1CEU6N, STM32G0C1KCT6, STM32G0C1NEY6TR, STM32G0C1RCI6N, STM32G0C1RCT6N, STM32G0C1REI6N, STM32G0C1RET6N, STM32G0C1VCI6, STM32G0C1VEI6, STM32G411C6T3, STM32G411C6T6, STM32G411C6U3, STM32G411C6U6, STM32G411C8T3, STM32G411C8T6, STM32G411C8U3, STM32G411C8U6, STM32G411CBT3, STM32G411CBT6, STM32G411CBU3, STM32G411CBU6, STM32G411K6T3, STM32G411K6T6, STM32G411K6U3, STM32G411K6U6, STM32G411K8T3, STM32G411K8T6, STM32G411K8U3, STM32G411K8U6, STM32G411KBT3, STM32G411KBT6, STM32G411KBU3, STM32G411KBU6, STM32G411M6T3, STM32G411M6T6, STM32G411M8T3, STM32G411M8T6, STM32G411MBT3, STM32G411MBT6, STM32G411R6T3, STM32G411R6T6, STM32G411R8T3, STM32G411R8T6, STM32G411RBT3, STM32G411RBT6, STM32G414CBT3, STM32G414CBT6, STM32G414CBU3, STM32G414CBU6, STM32G414CCT3, STM32G414CCT6, STM32G414CCU3, STM32G414CCU6, STM32G414MBT3, STM32G414MBT6, STM32G414MCT3, STM32G414MCT6, STM32G414RBT3, STM32G414RBT6, STM32G414RCT3, STM32G414RCT6, STM32G414VBT3, STM32G414VBT6, STM32G414VCT3, STM32G414VCT6, STM32G431CBT3Z, STM32G431RBT3Z, STM32G471CCT6, STM32G471CCU6, STM32G471CET3, STM32G471CET6, STM32G471CEU3, STM32G471CEU6, STM32G471MCT6, STM32G471MET3, STM32G471MET6, STM32G471MEY6TR, STM32G471QCT6, STM32G471QET3, STM32G471RCT6, STM32G471RET3, STM32G471RET6, STM32G471VCH6, STM32G471VCI6, STM32G471VCT6, STM32G471VEH3, STM32G471VEH6, STM32G471VEI3, STM32G471VEI6, STM32G471VET3, STM32G471VET6, STM32G473QET3Z, STM32G473RET3Z, STM32G474CCT6, STM32G491RET3Z, STM32H503CBT6, STM32H503CBU6, STM32H503EBY6TR, STM32H503KBU6, STM32H503RBT6, STM32H523CCT6, STM32H523CCU6, STM32H523CET6, STM32H523CEU6, STM32H523HEY6TR, STM32H523RCT6, STM32H523RET6, STM32H523VCI6, STM32H523VCT6, STM32H523VEI6, STM32H523VET6, STM32H523ZCJ6, STM32H523ZCT6, STM32H523ZEJ6, STM32H523ZET6, STM32H533CET6, STM32H533CEU6, STM32H533HEY6TR, STM32H533RET6, STM32H533VEI6, STM32H533VET6, STM32H533ZEJ6, STM32H533ZET6, STM32H562AGI6, STM32H562AII6, STM32H562IGK6, STM32H562IGT6, STM32H562IIK6, STM32H562IIT6, STM32H562RGT6, STM32H562RGV6, STM32H562RIT6, STM32H562RIV6, STM32H562VGT6, STM32H562VIT6, STM32H562ZGT6, STM32H562ZIT6, STM32H563AGI6, STM32H563AII3Q, STM32H563AII6, STM32H563IGK6, STM32H563IGT6, STM32H563IIK3Q, STM32H563IIK6, STM32H563IIT3Q, STM32H563IIT6, STM32H563MIY3QTR, STM32H563RGT6, STM32H563RGV6, STM32H563RIT6, STM32H563RIV6, STM32H563VGT6, STM32H563VIT3Q, STM32H563VIT6, STM32H563ZGT6, STM32H563ZIT3Q, STM32H563ZIT6, STM32H573AII3Q, STM32H573AII6, STM32H573I-DK, STM32H573IIK3Q, STM32H573IIK6, STM32H573IIT3Q, STM32H573IIT6, STM32H573MIY3QTR, STM32H573RIT6, STM32H573RIV6, STM32H573VIT3Q, STM32H573VIT6, STM32H573ZIT3Q, STM32H573ZIT6, STM32H7R3A8I6, STM32H7R3I8K6, STM32H7R3I8T6, STM32H7R3L8H6, STM32H7R3L8H6H, STM32H7R3R8V6, STM32H7R3V8H6, STM32H7R3V8T6, STM32H7R3V8Y6TR, STM32H7R3Z8J6, STM32H7R3Z8T6, STM32H7R7A8I6, STM32H7R7I8K6, STM32H7R7I8T6, STM32H7R7L8H6, STM32H7R7L8H6H, STM32H7R7Z8J6, STM32H7S3A8I6, STM32H7S3I8K6, STM32H7S3I8T6, STM32H7S3L8H6, STM32H7S3L8H6H, STM32H7S3R8V6, STM32H7S3V8H6, STM32H7S3V8T6, STM32H7S3V8Y6TR, STM32H7S3Z8J6, STM32H7S3Z8T6, STM32H7S78-DK, STM32H7S7A8I6, STM32H7S7I8K6, STM32H7S7I8T6, STM32H7S7L8H6, STM32H7S7L8H6H, STM32H7S7Z8J6, STM32L4R5QGI6STR, STM32MP131AAE3, STM32MP131AAF3, STM32MP131AAG3, STM32MP131CAE3, STM32MP131CAF3, STM32MP131CAG3, STM32MP131DAE7, STM32MP131DAF7, STM32MP131DAG7, STM32MP131FAE7, STM32MP131FAF7, STM32MP131FAG7, STM32MP133AAE3, STM32MP133AAF3, STM32MP133AAG3, STM32MP133CAE3, STM32MP133CAF3, STM32MP133CAG3, STM32MP133DAE7, STM32MP133DAF7, STM32MP133DAG7, STM32MP133FAE7, STM32MP133FAF7, STM32MP133FAG7, STM32MP135AAE3, STM32MP135AAF3, STM32MP135AAG3, STM32MP135CAE3, STM32MP135CAF3, STM32MP135CAG3, STM32MP135DAE7, STM32MP135DAF7, STM32MP135DAG7, STM32MP135F-DK, STM32MP135FAE7, STM32MP135FAF7, STM32MP135FAF7T, STM32MP135FAF7U, STM32MP135FAG7, STM32MP211AAL3, STM32MP211AAM3, STM32MP211AAN3, STM32MP211AAO3, STM32MP211CAL3, STM32MP211CAM3, STM32MP211CAN3, STM32MP211CAO3, STM32MP211DAL3, STM32MP211DAM3, STM32MP211DAN3, STM32MP211DAO3, STM32MP211FAL3, STM32MP211FAM3, STM32MP211FAN3, STM32MP211FAO3, STM32MP213AAL3, STM32MP213AAM3, STM32MP213AAN3, STM32MP213AAO3, STM32MP213CAL3, STM32MP213CAM3, STM32MP213CAN3, STM32MP213CAO3, STM32MP213DAL3, STM32MP213DAM3, STM32MP213DAN3, STM32MP213DAO3, STM32MP213FAL3, STM32MP213FAM3, STM32MP213FAN3, STM32MP213FAO3, STM32MP215AAL3, STM32MP215AAM3, STM32MP215AAN3, STM32MP215AAO3, STM32MP215CAL3, STM32MP215CAM3, STM32MP215CAN3, STM32MP215CAO3, STM32MP215DAL3, STM32MP215DAM3, STM32MP215DAN3, STM32MP215DAO3, STM32MP215F-DK, STM32MP215FAL3, STM32MP215FAM3, STM32MP215FAN3, STM32MP215FAO3, STM32MP231AAJ3, STM32MP231AAK3, STM32MP231AAL3, STM32MP231CAJ3, STM32MP231CAK3, STM32MP231CAL3, STM32MP231DAJ3, STM32MP231DAK3, STM32MP231DAL3, STM32MP231FAJ3, STM32MP231FAK3, STM32MP231FAL3, STM32MP233AAJ3, STM32MP233AAK3, STM32MP233AAL3, STM32MP233CAJ3, STM32MP233CAK3, STM32MP233CAL3, STM32MP233DAJ3, STM32MP233DAK3, STM32MP233DAL3, STM32MP233FAJ3, STM32MP233FAK3, STM32MP233FAL3, STM32MP235AAJ3, STM32MP235AAK3, STM32MP235AAL3, STM32MP235CAJ3, STM32MP235CAK3, STM32MP235CAL3, STM32MP235DAJ3, STM32MP235DAK3, STM32MP235DAL3, STM32MP235FAJ3, STM32MP235FAK3, STM32MP235FAL3, STM32MP251AAI3, STM32MP251AAK3, STM32MP251AAL3, STM32MP251CAI3, STM32MP251CAK3, STM32MP251CAL3, STM32MP251DAI3, STM32MP251DAK3, STM32MP251DAL3, STM32MP251FAI3, STM32MP251FAK3, STM32MP251FAL3, STM32MP253AAI3, STM32MP253AAK3, STM32MP253AAL3, STM32MP253CAI3, STM32MP253CAK3, STM32MP253CAL3, STM32MP253DAI3, STM32MP253DAK3, STM32MP253DAL3, STM32MP253FAI3, STM32MP253FAK3, STM32MP253FAL3, STM32MP255AAI3, STM32MP255AAK3, STM32MP255AAL3, STM32MP255CAI3, STM32MP255CAK3, STM32MP255CAL3, STM32MP255DAI3, STM32MP255DAK3, STM32MP255DAL3, STM32MP255FAI3, STM32MP255FAK3, STM32MP255FAL3, STM32MP257AAI3, STM32MP257AAK3, STM32MP257AAL3, STM32MP257CAI3, STM32MP257CAK3, STM32MP257CAL3, STM32MP257DAI3, STM32MP257DAK3, STM32MP257DAL3, STM32MP257F-DK, STM32MP257F-EV1, STM32MP257FAI3, STM32MP257FAK3, STM32MP257FAL3, STM32N645A0H3Q, STM32N645B0H3Q, STM32N645I0H3Q, STM32N645L0H3Q, STM32N645X0H3Q, STM32N645Z0H3Q, STM32N647A0H3Q, STM32N647B0H3Q, STM32N647I0H3Q, STM32N647L0H3Q, STM32N647X0H3Q, STM32N647Z0H3Q, STM32N655A0H3Q, STM32N655B0H3Q, STM32N655I0H3Q, STM32N655L0H3Q, STM32N655X0H3Q, STM32N655Z0H3Q, STM32N6570-DK, STM32N657A0H3Q, STM32N657B0H3Q, STM32N657I0H3Q, STM32N657L0H3Q, STM32N657X0H3Q, STM32N657Z0H3Q, STM32U031C6T6, STM32U031C6U6, STM32U031C8T6, STM32U031C8U6, STM32U031F4P6, STM32U031F6P6, STM32U031F8P6, STM32U031G6Y6TR, STM32U031G8Y6TR, STM32U031K4U6, STM32U031K6U6, STM32U031K8U6, STM32U031R6I6, STM32U031R6T6, STM32U031R8I6, STM32U031R8T6, STM32U073C8T6, STM32U073C8U6, STM32U073CBT6, STM32U073CBU6, STM32U073CCT6, STM32U073CCU6, STM32U073H8Y6TR, STM32U073HBY6TR, STM32U073HCY6TR, STM32U073K8U6, STM32U073KBU6, STM32U073KCU6, STM32U073M8I6, STM32U073M8T6, STM32U073MBI6, STM32U073MBT6, STM32U073MCI6, STM32U073MCT6, STM32U073R8I6, STM32U073R8T6, STM32U073RBI6, STM32U073RBT6, STM32U073RCI6, STM32U073RCT6, STM32U083C-DK, STM32U083CCT6, STM32U083CCU6, STM32U083HCY6TR, STM32U083KCU6, STM32U083MCI6, STM32U083MCT6, STM32U083RCI6, STM32U083RCT6, STM32U375CET6, STM32U375CET6Q, STM32U375CEU6, STM32U375CEU6Q, STM32U375CEY6QTR, STM32U375CGT6, STM32U375CGT6Q, STM32U375CGU6, STM32U375CGU6Q, STM32U375CGY6QTR, STM32U375KEU6, STM32U375KGU6, STM32U375REI6, STM32U375REI6Q, STM32U375RET6, STM32U375RET6Q, STM32U375REY6GTR, STM32U375REY6QTR, STM32U375RGI6, STM32U375RGI6Q, STM32U375RGT6, STM32U375RGT6Q, STM32U375RGY6GTR, STM32U375RGY6QTR, STM32U375VEI6, STM32U375VEI6Q, STM32U375VET6, STM32U375VET6Q, STM32U375VGI6, STM32U375VGI6Q, STM32U375VGT6, STM32U375VGT6Q, STM32U385CGT6, STM32U385CGT6Q, STM32U385CGU6, STM32U385CGU6Q, STM32U385CGY6QTR, STM32U385KGU6, STM32U385RGI6, STM32U385RGI6Q, STM32U385RGT6, STM32U385RGT6Q, STM32U385RGY6GTR, STM32U385RGY6QTR, STM32U385VGI6, STM32U385VGI6Q, STM32U385VGT6, STM32U385VGT6Q, STM32U535CBT6, STM32U535CBT6Q, STM32U535CBU6, STM32U535CBU6Q, STM32U535CCT6, STM32U535CCT6Q, STM32U535CCU6, STM32U535CCU6Q, STM32U535CET6, STM32U535CET6Q, STM32U535CEU6, STM32U535CEU6Q, STM32U535JEY6QTR, STM32U535NCY6QTR, STM32U535NEY6QTR, STM32U535RBI6, STM32U535RBI6Q, STM32U535RBT6, STM32U535RBT6Q, STM32U535RCI6, STM32U535RCI6Q, STM32U535RCT6, STM32U535RCT6Q, STM32U535REI6, STM32U535REI6Q, STM32U535RET6, STM32U535RET6Q, STM32U535VCI6, STM32U535VCI6Q, STM32U535VCT6, STM32U535VCT6Q, STM32U535VEI6, STM32U535VEI6Q, STM32U535VET6, STM32U535VET6Q, STM32U545CET6, STM32U545CET6Q, STM32U545CEU6, STM32U545CEU6Q, STM32U545JEY6QTR, STM32U545NEY6QTR, STM32U545REI6, STM32U545REI6Q, STM32U545RET6, STM32U545RET6Q, STM32U545VEI6, STM32U545VEI6Q, STM32U545VET6, STM32U545VET6Q, STM32U595AIH6, STM32U595AIH6Q, STM32U595AJH6, STM32U595AJH6Q, STM32U595QII6, STM32U595QII6Q, STM32U595QJI6, STM32U595QJI6Q, STM32U595RIT6, STM32U595RIT6Q, STM32U595RJT6, STM32U595RJT6Q, STM32U595VIT6, STM32U595VIT6Q, STM32U595VJT6, STM32U595VJT6Q, STM32U595ZIT6, STM32U595ZIT6Q, STM32U595ZIY6QTR, STM32U595ZJT6, STM32U595ZJT6Q, STM32U595ZJY6QTR, STM32U599BJY6QTR, STM32U599NIH6Q, STM32U599NJH6Q, STM32U599VIT6Q, STM32U599VJT6, STM32U599VJT6Q, STM32U599ZIT6Q, STM32U599ZIY6QTR, STM32U599ZJT6Q, STM32U599ZJY6QTR, STM32U5A5AJH6, STM32U5A5AJH6Q, STM32U5A5QII3Q , STM32U5A5QJI6, STM32U5A5QJI6Q, STM32U5A5RJT6, STM32U5A5RJT6Q, STM32U5A5VJT6, STM32U5A5VJT6Q, STM32U5A5ZJT6, STM32U5A5ZJT6Q, STM32U5A5ZJY6QTR, STM32U5A9BJY6QTR, STM32U5A9J-DK, STM32U5A9NJH6Q, STM32U5A9VJT6Q, STM32U5A9ZJT6Q, STM32U5A9ZJY6QTR, STM32U5F7VIT6, STM32U5F7VIT6Q, STM32U5F7VJT6, STM32U5F7VJT6Q, STM32U5F9BJY6QTR, STM32U5F9NJH6Q, STM32U5F9VIT6Q, STM32U5F9VJT6Q, STM32U5F9ZIJ6QTR, STM32U5F9ZIT6Q, STM32U5F9ZJJ6QTR, STM32U5F9ZJT6Q, STM32U5G7VJT6, STM32U5G7VJT6Q, STM32U5G9BJY6QTR, STM32U5G9J-DK1, STM32U5G9J-DK2, STM32U5G9NJH6Q, STM32U5G9VJT6Q, STM32U5G9ZJJ6QTR, STM32U5G9ZJT6Q, STM32WB05KZV6TR, STM32WB05KZV7TR, STM32WB05TZF6TR, STM32WB05TZF7TR, STM32WB06CCF6TR, STM32WB06CCF7TR, STM32WB06CCV6TR, STM32WB06CCV7TR, STM32WB06KCV6TR, STM32WB06KCV7TR, STM32WB07CCF6TR, STM32WB07CCF7TR, STM32WB07CCV6TR, STM32WB07CCV7TR, STM32WB07KCV6TR, STM32WB07KCV7TR, STM32WB09KEV6TR, STM32WB09KEV7TR, STM32WB09TEF6TR, STM32WB09TEF7TR, STM32WB1MMCH6, STM32WBA50KGU6, STM32WBA50KGU6TR, STM32WBA52CEU6, STM32WBA52CEU6TR, STM32WBA52CEU7, STM32WBA52CEU7TR, STM32WBA52CGU6, STM32WBA52CGU6TR, STM32WBA52CGU6U, STM32WBA52CGU7, STM32WBA52CGU7TR, STM32WBA52KEU6, STM32WBA52KEU6TR, STM32WBA52KGU6, STM32WBA52KGU6TR, STM32WBA54CEU6, STM32WBA54CEU6TR, STM32WBA54CEU7, STM32WBA54CEU7TR, STM32WBA54CGU6, STM32WBA54CGU6TR, STM32WBA54CGU7, STM32WBA54CGU7TR, STM32WBA54KEU6, STM32WBA54KEU6TR, STM32WBA54KEU7, STM32WBA54KEU7TR, STM32WBA54KGU6, STM32WBA54KGU6TR, STM32WBA54KGU7, STM32WBA54KGU7TR, STM32WBA55CEU6, STM32WBA55CEU6TR, STM32WBA55CEU7, STM32WBA55CEU7TR, STM32WBA55CGU6, STM32WBA55CGU6TR, STM32WBA55CGU6U, STM32WBA55CGU7, STM32WBA55CGU7TR, STM32WBA55G-DK1, STM32WBA55HEF6, STM32WBA55HEF7, STM32WBA55HGF6, STM32WBA55HGF7, STM32WBA55UEI6, STM32WBA55UEI6TR, STM32WBA55UEI7, STM32WBA55UEI7TR, STM32WBA55UGI6, STM32WBA55UGI6TR, STM32WBA55UGI7, STM32WBA55UGI7TR, STM32WBA5MMGH6TR, STM32WBA62MGF6, STM32WBA62MIF6, STM32WBA65MGF7, STM32WBA65MIF6, STM32WBA65MIF7, STM32WL30K8V6, STM32WL30KBV6, STM32WL31C8V6, STM32WL31CBV6, STM32WL31K8V6, STM32WL31KBV6, STM32WL33C8V6, STM32WL33C8V6X, STM32WL33CBV6, STM32WL33CBV6X, STM32WL33CCV6, STM32WL33CCV6A, STM32WL33CCV6X, STM32WL33K8V7, STM32WL33K8V7X, STM32WL33KBV7 , STM32WL33KBV7X, STM32WL33KCV7, STM32WL33KCV7X, STM32WL5MOCH6, STM32WL5MOCH6TR]
2026-03-11 19:41:15,263 [INFO] BoardInfo:889 - No configuration file found for board P-NUCLEO-WB55
2026-03-11 19:41:15,283 [INFO] DbBoards:161 - Kit is not supported: P-NUCLEO-WB55
2026-03-11 19:41:15,289 [INFO] BoardInfo:889 - No configuration file found for board STEVAL-BFA001V1B
2026-03-11 19:41:15,289 [INFO] DbBoards:161 - Kit is not supported: STEVAL-BFA001V1B
2026-03-11 19:41:15,290 [INFO] BoardInfo:889 - No configuration file found for board STEVAL-BFA001V2B
2026-03-11 19:41:15,290 [INFO] DbBoards:161 - Kit is not supported: STEVAL-BFA001V2B
2026-03-11 19:41:15,397 [INFO] DbBoards:168 - Found 212 boards, 209 are supported
2026-03-11 19:41:15,399 [INFO] DbBoards:169 - Found 212 boards, 43 of them is supported for  Bsp
2026-03-11 19:41:15,403 [INFO] ApiDb:414 - User favorites file not found: /Users/lschloegel/.stm32cubeide/favorites.boards.txt
2026-03-11 19:41:15,403 [INFO] DbBoards:198 - Set 0 / 0 favorites Boards
2026-03-11 19:41:15,416 [INFO] ApiDb:668 - CubeFinder database Data Model version=2.1
2026-03-11 19:41:15,416 [INFO] ApiDb:669 - CubeFinder database Configuration version=3.0.42
2026-03-11 19:41:15,417 [INFO] ApiDb:670 - CubeFinder database generation date=2026-02-13 (1770995876)
2026-03-11 19:41:15,417 [INFO] ApiDb:671 - CubeFinder database FW Pack versions=[FP-ATR-ASTRA1_V2.0.0, FP-SNS-FLIGHT1_V5.1.0, FP-SNS-MOTENV1_V5.1.0, FP-SNS-MOTENVWB1_V1.4.0, FP-SNS-SMARTAG2_V1.2.0, FP-SNS-STBOX1_V2.1.0, STM32Cube_FW_C0_V1.4.0, STM32Cube_FW_F4_V1.28.3, STM32Cube_FW_F7_V1.17.4, STM32Cube_FW_G0_V1.6.2, STM32Cube_FW_G4_V1.6.1, STM32Cube_FW_H5_V1.6.0, STM32Cube_FW_H7RS_V1.3.0, STM32Cube_FW_H7_V1.13.0, STM32Cube_FW_L0_V1.12.2, STM32Cube_FW_L4_V1.18.2, STM32Cube_FW_L5_V1.6.0, STM32Cube_FW_N6_V1.3.0, STM32Cube_FW_U0_V1.3.0, STM32Cube_FW_U3_V1.3.0, STM32Cube_FW_U5_V1.8.0, STM32Cube_FW_WB0_V1.4.0, STM32Cube_FW_WBA_V1.9.0, STM32Cube_FW_WB_V1.24.0, STM32Cube_FW_WL3_V1.4.0, STM32Cube_FW_WL_V1.5.0, X-CUBE-ALGOBUILD_V1.4.0, X-CUBE-ALS_V1.0.2, X-CUBE-AZRTOS-F4_V1.1.0, X-CUBE-AZRTOS-F7_V1.1.0, X-CUBE-AZRTOS-G0_V1.1.0, X-CUBE-AZRTOS-G4_V2.0.0, X-CUBE-AZRTOS-H7RS_V1.1.0, X-CUBE-AZRTOS-H7_V3.4.0, X-CUBE-AZRTOS-L4_V2.0.0, X-CUBE-AZRTOS-L5_V2.0.0, X-CUBE-AZRTOS-WB_V2.0.0, X-CUBE-AZRTOS-WL_V2.0.0, X-CUBE-BLE1_V7.1.0, X-CUBE-BLE2_V3.3.0, X-CUBE-BLEMGR_V4.1.0, X-CUBE-EEPRMA1_V5.2.0, X-CUBE-FREERTOS_V1.3.1, X-CUBE-GNSS1_V6.0.0, X-CUBE-MEMS1_V12.0.0, X-CUBE-NFC4_V3.0.0, X-CUBE-NFC7_V2.0.0, X-CUBE-SFXS2LP1_V4.0.0, X-CUBE-ST67W61_V1.1.0, X-CUBE-SUBG2_V5.0.0, X-CUBE-TOF1_V3.4.3]
2026-03-11 19:41:16,058 [ERROR] DbExamplesSqlite:437 - Missing JSON key: board_cpn
2026-03-11 19:41:16,059 [ERROR] DbExamplesSqlite:437 - Missing JSON key: board_cpn
2026-03-11 19:41:16,059 [ERROR] DbExamplesSqlite:437 - Missing JSON key: board_cpn
2026-03-11 19:41:16,059 [ERROR] DbExamplesSqlite:437 - Missing JSON key: board_cpn
2026-03-11 19:41:16,644 [ERROR] DbExamplesSqlite:437 - Missing JSON key: board_cpn
2026-03-11 19:41:16,670 [ERROR] DbExamplesSqlite:437 - Missing JSON key: board_cpn
2026-03-11 19:41:16,728 [INFO] DbExamplesSqlite:395 - Ignored 41 examples not supported by CubeIDE
2026-03-11 19:41:16,738 [INFO] DbExamplesSqlite:396 - Found 11202 examples active
2026-03-11 19:41:16,741 [INFO] DbExamplesSqlite:397 - Found 0 examples obsolete
2026-03-11 19:41:16,743 [INFO] DbExamplesSqlite:398 - Found 0 examples under development
2026-03-11 19:41:16,745 [INFO] DbExamplesSqlite:399 - Found 76 examples not building
2026-03-11 19:41:16,767 [INFO] DbExamples:125 - Found 11237 examples
2026-03-11 19:41:16,851 [ERROR] DbExamples:208 - Found 712 examples with invalid data (board or MCU)
2026-03-11 19:41:16,852 [INFO] DbExamples:222 - Found 134 boards with related examples
2026-03-11 19:41:16,852 [INFO] DbExamples:235 - Found 112 MCUs with related examples
2026-03-11 19:41:16,872 [INFO] ApiDb:414 - User favorites file not found: /Users/lschloegel/.stm32cubeide/favorites.examples.txt
2026-03-11 19:41:16,873 [INFO] DbExamples:250 - Set 0 / 0 favorites Examples
2026-03-11 19:41:17,921 [INFO] McuFinderGlobals:76 - Set McuFinderConnectedMode to true
2026-03-11 19:41:17,933 [INFO] MultiScanPanel:200 - Auto-refresh data requested => check proxy status ongoing
2026-03-11 19:41:17,935 [INFO] FinderPluginLoader:96 - Searching for filters in installed packs
2026-03-11 19:41:19,709 [INFO] LoadUrlFilesThread:185 - End of LoadServerUrlFiles without Thread
2026-03-11 19:41:19,733 [INFO] DetailPanel:341 - Set advertising image to /Users/lschloegel/STM32Cube/Repository//en.prom-stm32c5-0326.jpg
2026-03-11 19:41:29,282 [INFO] MultiScanPanel:200 - Auto-refresh data requested => check proxy status ongoing
2026-03-11 19:41:29,722 [INFO] LoadUrlFilesThread:185 - End of LoadServerUrlFiles without Thread
2026-03-11 19:41:29,724 [INFO] DetailPanel:341 - Set advertising image to /Users/lschloegel/STM32Cube/Repository//en.prom-stm32c5-0326.jpg
2026-03-11 19:41:29,757 [INFO] DbBoards:642 - Loading board mini-images...
2026-03-11 19:41:31,888 [INFO] DbBoards:665 - Loaded 212 board mini-images
2026-03-11 19:42:06,390 [INFO] MetaSearchPanel:254 - search for filter with key=STM32F4
2026-03-11 19:42:06,400 [INFO] MetaSearchPanel:355 - search for filter component McuSeries
2026-03-11 19:42:06,402 [INFO] MetaSearchPanel:329 - Collapse all filters sections
2026-03-11 19:44:20,171 [INFO] ServerAccessManage:452 - Complete download http(s) 200
2026-03-11 19:44:20,179 [INFO] ServerAccessManage:509 - Download File DS8626.pdf
2026-03-11 19:44:21,978 [INFO] LoadUrlFilesThread:156 - End of LoadUrlFiles Thread
2026-03-11 19:44:22,038 [INFO] McuAction:142 - Datasheet
2026-03-11 19:44:32,568 [INFO] ServerAccessManage:452 - Complete download http(s) 200
2026-03-11 19:44:32,570 [INFO] ServerAccessManage:509 - Download File DB1421.pdf
2026-03-11 19:44:33,001 [INFO] LoadUrlFilesThread:156 - End of LoadUrlFiles Thread
2026-03-11 19:44:33,048 [INFO] BoardAction:139 - Datasheet
2026-03-11 19:44:44,804 [INFO] BoardAction:75 - Docs & Resources
2026-03-11 19:45:06,949 [INFO] ServerAccessManage:452 - Complete download http(s) 200
2026-03-11 19:45:06,951 [INFO] ServerAccessManage:509 - Download File UM1467.pdf
2026-03-11 19:45:08,221 [INFO] LoadUrlFilesThread:156 - End of LoadUrlFiles Thread
2026-03-11 19:45:51,671 [INFO] ServerAccessManage:452 - Complete download http(s) 200
2026-03-11 19:45:51,673 [INFO] ServerAccessManage:509 - Download File UM1472.pdf
2026-03-11 19:45:52,479 [INFO] LoadUrlFilesThread:156 - End of LoadUrlFiles Thread
2026-03-11 19:46:01,693 [INFO] ServerAccessManage:452 - Complete download http(s) 200
2026-03-11 19:46:01,694 [INFO] ServerAccessManage:509 - Download File UM2052.pdf
2026-03-11 19:46:02,610 [INFO] LoadUrlFilesThread:156 - End of LoadUrlFiles Thread
2026-03-11 19:48:58,286 [INFO] McuFinderGlobals:76 - Set McuFinderConnectedMode to true
2026-03-11 19:48:58,625 [INFO] ApiDb:448 - Save user favorites file /Users/lschloegel/.stm32cubeide/favorites.mcus.txt: 0 item(s)
2026-03-11 19:48:58,626 [INFO] ApiDb:452 - User favorites MCUs=[]
2026-03-11 19:48:58,633 [INFO] ApiDb:448 - Save user favorites file /Users/lschloegel/.stm32cubeide/favorites.boards.txt: 0 item(s)
2026-03-11 19:48:58,633 [INFO] ApiDb:452 - User favorites Boards=[]
2026-03-11 19:49:29,544 [INFO] MainUpdater:2872 - connection check result : 10
2026-03-11 19:49:29,829 [INFO] McuFinderGlobals:76 - Set McuFinderConnectedMode to true
2026-03-11 19:49:29,838 [INFO] MultiScanPanel:200 - Auto-refresh data requested => check proxy status ongoing
2026-03-11 19:49:29,843 [INFO] FinderPluginLoader:96 - Searching for filters in installed packs
2026-03-11 19:49:30,444 [INFO] LoadUrlFilesThread:185 - End of LoadServerUrlFiles without Thread
2026-03-11 19:49:30,446 [INFO] DetailPanel:341 - Set advertising image to /Users/lschloegel/STM32Cube/Repository//en.prom-stm32c5-0326.jpg
2026-03-11 19:49:41,147 [INFO] MultiScanPanel:200 - Auto-refresh data requested => check proxy status ongoing
2026-03-11 19:49:41,276 [INFO] LoadUrlFilesThread:185 - End of LoadServerUrlFiles without Thread
2026-03-11 19:49:41,279 [INFO] DetailPanel:341 - Set advertising image to /Users/lschloegel/STM32Cube/Repository//en.prom-stm32c5-0326.jpg
2026-03-11 19:49:52,093 [INFO] MetaSearchPanel:254 - search for filter with key=STM32F4
2026-03-11 19:49:52,094 [INFO] MetaSearchPanel:355 - search for filter component McuSeries
2026-03-11 19:49:52,094 [INFO] MetaSearchPanel:329 - Collapse all filters sections
2026-03-11 19:50:15,711 [INFO] ApiDb:581 - Connected to CubeFinder SQLite database (/Users/lschloegel/.stmcufinder/plugins/mcufinder/mcu/cube-finder-db.db)
2026-03-11 19:51:55,530 [INFO] McuFinderGlobals:76 - Set McuFinderConnectedMode to true
2026-03-11 19:51:55,551 [INFO] ApiDb:448 - Save user favorites file /Users/lschloegel/.stm32cubeide/favorites.mcus.txt: 0 item(s)
2026-03-11 19:51:55,553 [INFO] ApiDb:452 - User favorites MCUs=[]
2026-03-11 19:51:55,566 [INFO] ApiDb:448 - Save user favorites file /Users/lschloegel/.stm32cubeide/favorites.boards.txt: 0 item(s)
2026-03-11 19:51:55,566 [INFO] ApiDb:452 - User favorites Boards=[]
2026-03-11 20:21:40,076 [INFO] WebApp:194 - Connection lost
2026-03-11 20:21:40,500 [INFO] WebApp:191 - Connection restablished
2026-03-11 20:26:55,190 [INFO] WebApp:194 - Connection lost
2026-03-11 20:26:55,800 [INFO] WebApp:191 - Connection restablished
2026-03-11 20:31:55,223 [INFO] WebApp:194 - Connection lost
2026-03-11 20:31:55,463 [INFO] WebApp:191 - Connection restablished
2026-03-11 20:36:55,166 [INFO] WebApp:194 - Connection lost
2026-03-11 20:36:55,754 [INFO] WebApp:191 - Connection restablished
2026-03-11 20:41:55,195 [INFO] WebApp:194 - Connection lost
2026-03-11 20:41:55,586 [INFO] WebApp:191 - Connection restablished
2026-03-11 20:59:26,274 [INFO] WebApp:194 - Connection lost
2026-03-11 20:59:26,589 [INFO] WebApp:191 - Connection restablished
2026-03-11 21:15:59,368 [INFO] WebApp:194 - Connection lost
2026-03-11 21:15:59,656 [INFO] WebApp:191 - Connection restablished
2026-03-11 21:33:35,424 [INFO] WebApp:194 - Connection lost
2026-03-11 21:33:35,794 [INFO] WebApp:191 - Connection restablished
2026-03-11 21:57:18,261 [INFO] WebApp:194 - Connection lost
2026-03-11 21:57:18,929 [INFO] WebApp:191 - Connection restablished
2026-03-11 22:14:51,440 [INFO] WebApp:194 - Connection lost
2026-03-11 22:14:52,160 [INFO] WebApp:191 - Connection restablished
2026-03-11 22:22:32,310 [INFO] WebApp:194 - Connection lost
2026-03-11 22:22:32,663 [INFO] WebApp:191 - Connection restablished
2026-03-11 22:38:32,208 [INFO] WebApp:194 - Connection lost
2026-03-11 22:38:32,488 [INFO] WebApp:191 - Connection restablished
2026-03-11 23:13:05,232 [INFO] WebApp:194 - Connection lost
2026-03-11 23:13:05,691 [INFO] WebApp:191 - Connection restablished
2026-03-11 23:29:38,357 [INFO] WebApp:194 - Connection lost
2026-03-11 23:29:39,045 [INFO] WebApp:191 - Connection restablished
2026-03-11 23:37:56,192 [INFO] WebApp:194 - Connection lost
2026-03-11 23:37:56,583 [INFO] WebApp:191 - Connection restablished
2026-03-11 23:55:13,326 [INFO] WebApp:194 - Connection lost
2026-03-11 23:55:13,857 [INFO] WebApp:191 - Connection restablished
