2026-03-10 09:07:59,734 [INFO] Activator:176 - 


2026-03-10 09:07:59,735 [INFO] Activator:177 - !SESSION log4j initialized
2026-03-10 09:08:00,736 [ERROR] LogOutputStream:75 - [STDERR_REDIRECT] 
2026-03-10 09:08:02,432 [INFO] LogOutputStream:77 - [STDOUT_REDIRECT] 
2026-03-10 09:08:04,175 [INFO] ApplicationProperties:184 - Using Application install path: /Applications/STM32CubeIDE.app/Contents/Eclipse/plugins/com.st.stm32cube.common.mx_6.15.0.202507011659
2026-03-10 09:08:04,186 [INFO] DbMcusXml:78 - Set database path to: /Applications/STM32CubeIDE.app/Contents/Eclipse/plugins/com.st.stm32cube.common.mx_6.15.0.202507011659//db//mcu/
2026-03-10 09:08:04,186 [INFO] ApiDb:274 - Set plugin database path to: /Applications/STM32CubeIDE.app/Contents/Eclipse/plugins/com.st.stm32cube.common.mx_6.15.0.202507011659//db//plugins/boardmanager/
2026-03-10 09:08:04,186 [WARN] ApiDb:259 - Overriding images path with different value:  => /Applications/STM32CubeIDE.app/Contents/Eclipse/plugins/com.st.stm32cube.common.mx_6.15.0.202507011659//db//plugins/mcufinder/images/
2026-03-10 09:08:04,191 [INFO] ApiDb:250 - Set database path to: /Users/lschloegel/.stmcufinder/plugins/mcufinder//mcu/
2026-03-10 09:08:04,192 [INFO] DbMcusAds:125 - Set database path to: /Users/lschloegel/.stmcufinder/plugins/mcufinder//mcu/
2026-03-10 09:08:04,193 [INFO] CrossReferenceDbSqlite:203 - Set database path to: /Users/lschloegel/.stmcufinder/plugins/mcufinder//mcu/cs/
2026-03-10 09:08:04,309 [INFO] RulesReader:64 - Compatibility file has been processed (317 Rules)
2026-03-10 09:08:04,357 [INFO] DbMcusXml:78 - Set database path to: /Applications/STM32CubeIDE.app/Contents/Eclipse/plugins/com.st.stm32cube.common.mx_6.15.0.202507011659//db//mcu/
2026-03-10 09:08:04,357 [INFO] ApiDb:274 - Set plugin database path to: /Applications/STM32CubeIDE.app/Contents/Eclipse/plugins/com.st.stm32cube.common.mx_6.15.0.202507011659//db//plugins/boardmanager/
2026-03-10 09:08:04,357 [INFO] ApiDb:261 - Set plugin images path to: /Applications/STM32CubeIDE.app/Contents/Eclipse/plugins/com.st.stm32cube.common.mx_6.15.0.202507011659//db//plugins/mcufinder/images/
2026-03-10 09:08:04,358 [WARN] DbFile:41 - Overriding database path with different value: /Users/lschloegel/.stmcufinder/plugins/mcufinder/ => /Users/lschloegel/.stmcufinder/plugins/mcufinder
2026-03-10 09:08:04,358 [INFO] ApiDb:250 - Set database path to: /Users/lschloegel/.stmcufinder/plugins/mcufinder//mcu/
2026-03-10 09:08:04,358 [WARN] DbFile:41 - Overriding database path with different value: /Users/lschloegel/.stmcufinder/plugins/mcufinder/ => /Users/lschloegel/.stmcufinder/plugins/mcufinder
2026-03-10 09:08:04,358 [INFO] DbMcusAds:125 - Set database path to: /Users/lschloegel/.stmcufinder/plugins/mcufinder//mcu/
2026-03-10 09:08:04,358 [WARN] DbFile:41 - Overriding database path with different value: /Users/lschloegel/.stmcufinder/plugins/mcufinder/ => /Users/lschloegel/.stmcufinder/plugins/mcufinder
2026-03-10 09:08:04,358 [WARN] DbFile:41 - Overriding database path with different value: /Users/lschloegel/.stmcufinder/plugins/mcufinder/ => /Users/lschloegel/.stmcufinder/plugins/mcufinder
2026-03-10 09:08:04,358 [INFO] CrossReferenceDbSqlite:203 - Set database path to: /Users/lschloegel/.stmcufinder/plugins/mcufinder//mcu/cs/
2026-03-10 09:08:04,419 [INFO] MainPanel:274 - HeapMemory: 268435456
2026-03-10 09:08:04,627 [INFO] DbMcusXml:78 - Set database path to: /Applications/STM32CubeIDE.app/Contents/Eclipse/plugins/com.st.stm32cube.common.mx_6.15.0.202507011659//db//mcu/
2026-03-10 09:08:04,627 [INFO] ApiDb:274 - Set plugin database path to: /Applications/STM32CubeIDE.app/Contents/Eclipse/plugins/com.st.stm32cube.common.mx_6.15.0.202507011659//db//plugins/boardmanager/
2026-03-10 09:08:04,627 [INFO] ApiDb:261 - Set plugin images path to: /Applications/STM32CubeIDE.app/Contents/Eclipse/plugins/com.st.stm32cube.common.mx_6.15.0.202507011659//db//plugins/mcufinder/images/
2026-03-10 09:08:04,627 [WARN] DbFile:41 - Overriding database path with different value: /Users/lschloegel/.stmcufinder/plugins/mcufinder/ => /Users/lschloegel/.stmcufinder/plugins/mcufinder
2026-03-10 09:08:04,627 [INFO] ApiDb:250 - Set database path to: /Users/lschloegel/.stmcufinder/plugins/mcufinder//mcu/
2026-03-10 09:08:04,628 [WARN] DbFile:41 - Overriding database path with different value: /Users/lschloegel/.stmcufinder/plugins/mcufinder/ => /Users/lschloegel/.stmcufinder/plugins/mcufinder
2026-03-10 09:08:04,628 [INFO] DbMcusAds:125 - Set database path to: /Users/lschloegel/.stmcufinder/plugins/mcufinder//mcu/
2026-03-10 09:08:04,628 [WARN] DbFile:41 - Overriding database path with different value: /Users/lschloegel/.stmcufinder/plugins/mcufinder/ => /Users/lschloegel/.stmcufinder/plugins/mcufinder
2026-03-10 09:08:04,628 [WARN] DbFile:41 - Overriding database path with different value: /Users/lschloegel/.stmcufinder/plugins/mcufinder/ => /Users/lschloegel/.stmcufinder/plugins/mcufinder
2026-03-10 09:08:04,628 [INFO] CrossReferenceDbSqlite:203 - Set database path to: /Users/lschloegel/.stmcufinder/plugins/mcufinder//mcu/cs/
2026-03-10 09:08:04,642 [INFO] ApplicationProperties:184 - Using Application install path: /Applications/STM32CubeIDE.app/Contents/Eclipse/plugins/com.st.stm32cube.common.mx_6.15.0.202507011659
2026-03-10 09:08:04,643 [INFO] PluginManage:196 - Search for loadable plugins [exclusion list=, ]
2026-03-10 09:08:04,645 [INFO] PluginManage:310 - Check plugin analytics
2026-03-10 09:08:04,846 [INFO] AnalyticsPlugin:253 - Accepted Software Licenses: 
2026-03-10 09:08:04,846 [INFO] AnalyticsPlugin:255 - Accepted CMSIS Pack Licenses: 
2026-03-10 09:08:04,847 [INFO] AnalyticsPlugin:257 - Accepted Firmware Licenses: 
2026-03-10 09:08:04,859 [INFO] PluginManage:359 - Loaded plugin analytics (category:tool,tabindex:-1)
2026-03-10 09:08:04,860 [INFO] PluginManage:310 - Check plugin cadmodel
2026-03-10 09:08:04,870 [INFO] CADModel:105 - Init CAD model plugin
2026-03-10 09:08:04,870 [INFO] PluginManage:359 - Loaded plugin cadmodel (category:power,tabindex:5)
2026-03-10 09:08:04,870 [INFO] PluginManage:310 - Check plugin clock
2026-03-10 09:08:04,878 [INFO] PluginManage:359 - Loaded plugin clock (category:base,tabindex:2)
2026-03-10 09:08:04,878 [INFO] PluginManage:310 - Check plugin ddr
2026-03-10 09:08:04,880 [INFO] PluginManage:359 - Loaded plugin ddr (category:tool,tabindex:6)
2026-03-10 09:08:04,881 [INFO] PluginManage:310 - Check plugin filemanager
2026-03-10 09:08:05,442 [INFO] PluginManage:359 - Loaded plugin filemanager (category:base,tabindex:10)
2026-03-10 09:08:05,447 [INFO] PluginManage:310 - Check plugin ipmanager
2026-03-10 09:08:05,511 [INFO] PluginManage:359 - Loaded plugin ipmanager (category:base,tabindex:5)
2026-03-10 09:08:05,514 [INFO] PluginManage:310 - Check plugin lpbam
2026-03-10 09:08:05,545 [INFO] PluginManage:359 - Loaded plugin lpbam (category:base,tabindex:0)
2026-03-10 09:08:05,545 [INFO] PluginManage:310 - Check plugin memorymap
2026-03-10 09:08:05,561 [INFO] PluginManage:359 - Loaded plugin memorymap (category:base,tabindex:4)
2026-03-10 09:08:05,561 [INFO] PluginManage:310 - Check plugin pinoutandconfiguration
2026-03-10 09:08:05,572 [INFO] PluginManage:359 - Loaded plugin pinoutandconfiguration (category:base,tabindex:1)
2026-03-10 09:08:05,572 [INFO] PluginManage:310 - Check plugin pinoutconfig
2026-03-10 09:08:05,678 [WARN] SupportedApi:132 - Cannot load RTOS API schema: s4s-elt-must-match.1: The content of 'definitions' must match (annotation?, (simpleType | complexType)?, (unique | key | keyref)*)). A problem was found starting at: attribute.
2026-03-10 09:08:05,849 [INFO] PluginManage:359 - Loaded plugin pinoutconfig (category:base,tabindex:0)
2026-03-10 09:08:05,850 [INFO] PluginManage:310 - Check plugin power
2026-03-10 09:08:05,862 [INFO] PluginManage:359 - Loaded plugin power (category:power,tabindex:4)
2026-03-10 09:08:05,862 [INFO] PluginManage:310 - Check plugin projectmanager
2026-03-10 09:08:05,889 [INFO] PluginManage:359 - Loaded plugin projectmanager (category:projectmanager,tabindex:4)
2026-03-10 09:08:05,890 [INFO] PluginManage:310 - Check plugin rif
2026-03-10 09:08:05,896 [INFO] PluginManage:359 - Loaded plugin rif (category:base,tabindex:3)
2026-03-10 09:08:05,896 [INFO] PluginManage:310 - Check plugin thirdparty
2026-03-10 09:08:06,090 [INFO] PluginManage:359 - Loaded plugin thirdparty (category:base,tabindex:-1)
2026-03-10 09:08:06,090 [INFO] PluginManage:310 - Check plugin tools
2026-03-10 09:08:06,094 [INFO] PluginManage:359 - Loaded plugin tools (category:base,tabindex:7)
2026-03-10 09:08:06,096 [INFO] PluginManage:310 - Check plugin tutovideos
2026-03-10 09:08:06,090 [WARN] IntegrityCheckThread:84 - waiting for thirdparty lock release [integrity check]
2026-03-10 09:08:06,099 [INFO] IntegrityCheckThread:86 - entering critical section [integrity check]
2026-03-10 09:08:06,101 [INFO] ThirdPartyUpdaterWithRetryManager:70 - Updater plugin not ready yet. [1/15]
2026-03-10 09:08:06,283 [INFO] PluginManage:359 - Loaded plugin tutovideos (category:base,tabindex:-1)
2026-03-10 09:08:06,283 [INFO] PluginManage:310 - Check plugin updater
2026-03-10 09:08:06,311 [INFO] PluginManage:359 - Loaded plugin updater (category:base,tabindex:12)
2026-03-10 09:08:06,311 [INFO] PluginManage:310 - Check plugin userauth
2026-03-10 09:08:06,316 [INFO] UserAuth:118 - Init User Auth plugin
2026-03-10 09:08:06,318 [INFO] PluginManage:359 - Loaded plugin userauth (category:base,tabindex:14)
2026-03-10 09:08:06,319 [INFO] PluginManage:283 - PluginManage : Loaded plugins [18]
2026-03-10 09:08:06,646 [INFO] PinOutPanel:1589 - setPackage(No Configuration,No Configuration)
2026-03-10 09:08:06,723 [INFO] CADModel:165 - CPN selected for project level
2026-03-10 09:08:06,723 [INFO] CADModel:114 - Register for checkConnection events
2026-03-10 09:08:06,733 [INFO] IPUIPlugin:80 - create IPUIPlugin
2026-03-10 09:08:06,733 [INFO] PluginManager:220 - loadIPPluginJar : add mdma
2026-03-10 09:08:06,738 [INFO] IPUIPlugin:80 - create IPUIPlugin
2026-03-10 09:08:06,738 [INFO] PluginManager:220 - loadIPPluginJar : add freertos
2026-03-10 09:08:06,742 [INFO] IPUIPlugin:80 - create IPUIPlugin
2026-03-10 09:08:06,742 [INFO] PluginManager:220 - loadIPPluginJar : add gic
2026-03-10 09:08:06,748 [INFO] IPUIPlugin:80 - create IPUIPlugin
2026-03-10 09:08:06,748 [INFO] PluginManager:220 - loadIPPluginJar : add adc
2026-03-10 09:08:06,749 [INFO] IPUIPlugin:80 - create IPUIPlugin
2026-03-10 09:08:06,749 [INFO] PluginManager:220 - loadIPPluginJar : add gtzc
2026-03-10 09:08:06,751 [INFO] IPUIPlugin:80 - create IPUIPlugin
2026-03-10 09:08:06,751 [INFO] PluginManager:220 - loadIPPluginJar : add quadspi
2026-03-10 09:08:06,753 [INFO] IPUIPlugin:80 - create IPUIPlugin
2026-03-10 09:08:06,753 [INFO] PluginManager:220 - loadIPPluginJar : add aes
2026-03-10 09:08:06,754 [INFO] IPUIPlugin:80 - create IPUIPlugin
2026-03-10 09:08:06,754 [INFO] PluginManager:220 - loadIPPluginJar : add pdm2pcm
2026-03-10 09:08:06,755 [INFO] IPUIPlugin:80 - create IPUIPlugin
2026-03-10 09:08:06,755 [INFO] PluginManager:220 - loadIPPluginJar : add hash
2026-03-10 09:08:06,756 [INFO] IPUIPlugin:80 - create IPUIPlugin
2026-03-10 09:08:06,756 [INFO] PluginManager:220 - loadIPPluginJar : add tim
2026-03-10 09:08:06,758 [INFO] IPUIPlugin:80 - create IPUIPlugin
2026-03-10 09:08:06,758 [INFO] PluginManager:220 - loadIPPluginJar : add tsc
2026-03-10 09:08:06,759 [INFO] IPUIPlugin:80 - create IPUIPlugin
2026-03-10 09:08:06,759 [INFO] PluginManager:220 - loadIPPluginJar : add extmemmanager
2026-03-10 09:08:06,761 [INFO] IPUIPlugin:80 - create IPUIPlugin
2026-03-10 09:08:06,761 [INFO] PluginManager:220 - loadIPPluginJar : add ts
2026-03-10 09:08:06,762 [INFO] IPUIPlugin:80 - create IPUIPlugin
2026-03-10 09:08:06,762 [INFO] PluginManager:220 - loadIPPluginJar : add radio
2026-03-10 09:08:06,764 [INFO] IPUIPlugin:80 - create IPUIPlugin
2026-03-10 09:08:06,764 [INFO] PluginManager:220 - loadIPPluginJar : add can
2026-03-10 09:08:06,765 [INFO] IPUIPlugin:80 - create IPUIPlugin
2026-03-10 09:08:06,765 [INFO] PluginManager:220 - loadIPPluginJar : add dma3
2026-03-10 09:08:06,767 [INFO] IPUIPlugin:80 - create IPUIPlugin
2026-03-10 09:08:06,767 [INFO] PluginManager:220 - loadIPPluginJar : add dfsdm
2026-03-10 09:08:06,768 [INFO] IPUIPlugin:80 - create IPUIPlugin
2026-03-10 09:08:06,768 [INFO] PluginManager:220 - loadIPPluginJar : add spi
2026-03-10 09:08:06,769 [INFO] IPUIPlugin:80 - create IPUIPlugin
2026-03-10 09:08:06,769 [INFO] PluginManager:220 - loadIPPluginJar : add gfxmmu
2026-03-10 09:08:06,770 [INFO] IPUIPlugin:80 - create IPUIPlugin
2026-03-10 09:08:06,771 [INFO] PluginManager:220 - loadIPPluginJar : add genericplugin
2026-03-10 09:08:06,773 [INFO] IPUIPlugin:80 - create IPUIPlugin
2026-03-10 09:08:06,773 [INFO] PluginManager:220 - loadIPPluginJar : add cryp
2026-03-10 09:08:06,777 [INFO] IPUIPlugin:80 - create IPUIPlugin
2026-03-10 09:08:06,777 [INFO] PluginManager:220 - loadIPPluginJar : add gpio
2026-03-10 09:08:06,780 [INFO] IPUIPlugin:80 - create IPUIPlugin
2026-03-10 09:08:06,780 [INFO] PluginManager:220 - loadIPPluginJar : add ddr_ctrl_phy
2026-03-10 09:08:06,781 [INFO] IPUIPlugin:80 - create IPUIPlugin
2026-03-10 09:08:06,782 [INFO] PluginManager:220 - loadIPPluginJar : add comp
2026-03-10 09:08:06,784 [INFO] IPUIPlugin:80 - create IPUIPlugin
2026-03-10 09:08:06,784 [INFO] PluginManager:220 - loadIPPluginJar : add tracer_emb
2026-03-10 09:08:06,786 [INFO] IPUIPlugin:80 - create IPUIPlugin
2026-03-10 09:08:06,786 [INFO] PluginManager:220 - loadIPPluginJar : add openamp
2026-03-10 09:08:06,790 [INFO] IPUIPlugin:80 - create IPUIPlugin
2026-03-10 09:08:06,790 [INFO] PluginManager:220 - loadIPPluginJar : add stm32_wpan
2026-03-10 09:08:06,794 [INFO] IPUIPlugin:80 - create IPUIPlugin
2026-03-10 09:08:06,796 [INFO] PluginManager:220 - loadIPPluginJar : add plateformsettings
2026-03-10 09:08:06,799 [INFO] IPUIPlugin:80 - create IPUIPlugin
2026-03-10 09:08:06,799 [INFO] PluginManager:220 - loadIPPluginJar : add ipddr
2026-03-10 09:08:06,800 [INFO] IPUIPlugin:80 - create IPUIPlugin
2026-03-10 09:08:06,800 [INFO] PluginManager:220 - loadIPPluginJar : add usart
2026-03-10 09:08:06,801 [INFO] IPUIPlugin:80 - create IPUIPlugin
2026-03-10 09:08:06,801 [INFO] PluginManager:220 - loadIPPluginJar : add ltdc
2026-03-10 09:08:06,802 [INFO] IPUIPlugin:80 - create IPUIPlugin
2026-03-10 09:08:06,803 [INFO] PluginManager:220 - loadIPPluginJar : add nvic
2026-03-10 09:08:06,803 [INFO] IPUIPlugin:80 - create IPUIPlugin
2026-03-10 09:08:06,803 [INFO] PluginManager:220 - loadIPPluginJar : add fatfs
2026-03-10 09:08:06,807 [INFO] IPUIPlugin:80 - create IPUIPlugin
2026-03-10 09:08:06,807 [INFO] PluginManager:220 - loadIPPluginJar : add linkedlist
2026-03-10 09:08:06,812 [INFO] IPUIPlugin:80 - create IPUIPlugin
2026-03-10 09:08:06,812 [INFO] PluginManager:220 - loadIPPluginJar : add dma
2026-03-10 09:08:06,815 [INFO] IPUIPlugin:80 - create IPUIPlugin
2026-03-10 09:08:06,815 [INFO] PluginManager:220 - loadIPPluginJar : add fmc
2026-03-10 09:08:06,817 [INFO] IPUIPlugin:80 - create IPUIPlugin
2026-03-10 09:08:06,817 [INFO] PluginManager:220 - loadIPPluginJar : add i2s
2026-03-10 09:08:06,818 [INFO] IPUIPlugin:80 - create IPUIPlugin
2026-03-10 09:08:06,818 [INFO] PluginManager:220 - loadIPPluginJar : add ucpd
2026-03-10 09:08:06,819 [INFO] IPUIPlugin:80 - create IPUIPlugin
2026-03-10 09:08:06,819 [INFO] PluginManager:220 - loadIPPluginJar : add lorawan
2026-03-10 09:08:06,822 [INFO] IPUIPlugin:80 - create IPUIPlugin
2026-03-10 09:08:06,822 [INFO] PluginManager:220 - loadIPPluginJar : add opamp
2026-03-10 09:08:06,824 [INFO] IPUIPlugin:80 - create IPUIPlugin
2026-03-10 09:08:06,826 [INFO] PluginManager:220 - loadIPPluginJar : add i3c
2026-03-10 09:08:06,829 [INFO] IPUIPlugin:80 - create IPUIPlugin
2026-03-10 09:08:06,829 [INFO] PluginManager:220 - loadIPPluginJar : add touchsensing
2026-03-10 09:08:06,834 [INFO] IPUIPlugin:80 - create IPUIPlugin
2026-03-10 09:08:06,834 [INFO] PluginManager:220 - loadIPPluginJar : add i2c
2026-03-10 09:08:06,837 [INFO] IPUIPlugin:80 - create IPUIPlugin
2026-03-10 09:08:06,837 [INFO] PluginManager:220 - loadIPPluginJar : add resmgrutility
2026-03-10 09:08:06,839 [INFO] IPUIPlugin:80 - create IPUIPlugin
2026-03-10 09:08:06,839 [INFO] PluginManager:220 - loadIPPluginJar : add sai
2026-03-10 09:08:06,842 [INFO] IPUIPlugin:80 - create IPUIPlugin
2026-03-10 09:08:06,842 [INFO] PluginManager:220 - loadIPPluginJar : add usbx
2026-03-10 09:08:06,977 [FATAL] Updater:351 - Updater called before beeing initialized
2026-03-10 09:08:07,029 [INFO] RulesReader:64 - Compatibility file has been processed (317 Rules)
2026-03-10 09:08:07,040 [INFO] RulesReader:64 - Compatibility file has been processed (317 Rules)
2026-03-10 09:08:07,047 [INFO] CADModel:165 - CPN selected for project level
2026-03-10 09:08:07,047 [INFO] CADModel:114 - Register for checkConnection events
2026-03-10 09:08:07,047 [FATAL] Updater:351 - Updater called before beeing initialized
2026-03-10 09:08:07,048 [ERROR] CADModel:125 - Updater not yet initialized, retry later 
2026-03-10 09:08:07,274 [FATAL] Updater:351 - Updater called before beeing initialized
2026-03-10 09:08:07,276 [INFO] CADModel:165 - CPN selected for project level
2026-03-10 09:08:07,277 [INFO] CADModel:114 - Register for checkConnection events
2026-03-10 09:08:07,277 [FATAL] Updater:351 - Updater called before beeing initialized
2026-03-10 09:08:07,277 [ERROR] CADModel:125 - Updater not yet initialized, retry later 
2026-03-10 09:08:07,281 [FATAL] Updater:351 - Updater called before beeing initialized
2026-03-10 09:08:07,432 [FATAL] Updater:351 - Updater called before beeing initialized
2026-03-10 09:08:07,436 [INFO] DbMcusAds:53 - JSON generation date=Thu Sep 30 08:55:09 CEST 2021 (1632984909247)
2026-03-10 09:08:07,437 [FATAL] Updater:351 - Updater called before beeing initialized
2026-03-10 09:08:07,478 [WARN] DetailPanel:346 - Failed to get advertising image, set to default
2026-03-10 09:08:07,546 [FATAL] Updater:351 - Updater called before beeing initialized
2026-03-10 09:08:07,548 [FATAL] Updater:351 - Updater called before beeing initialized
2026-03-10 09:08:07,549 [FATAL] Updater:351 - Updater called before beeing initialized
2026-03-10 09:08:07,550 [WARN] DetailPanel:346 - Failed to get advertising image, set to default
2026-03-10 09:08:07,552 [FATAL] Updater:351 - Updater called before beeing initialized
2026-03-10 09:08:07,610 [ERROR] Updater:1198 - MainUpdater not yet initialized. External WinMGr cannot be set.
2026-03-10 09:08:07,618 [INFO] Updater:1134 - Updater Version found : 6.15.0
2026-03-10 09:08:07,627 [INFO] ApplicationProperties:184 - Using Application install path: /Applications/STM32CubeIDE.app/Contents/Eclipse/plugins/com.st.stm32cube.common.mx_6.15.0.202507011659
2026-03-10 09:08:07,913 [INFO] MainUpdater:2872 - connection check result : 10
2026-03-10 09:08:07,914 [INFO] MainUpdater:289 - Updater Check For Update Now.
2026-03-10 09:08:07,914 [INFO] MicroXplorer:498 - Change Database Version : DB.6.0.150
2026-03-10 09:08:07,920 [INFO] McuFinderGlobals:63 - Set McuFinder mode to 2 (CubeIDE integrated)
2026-03-10 09:08:07,920 [INFO] UserAuth:171 - activating auth plugin
2026-03-10 09:08:07,938 [INFO] UserAuth:487 - Internet connection configuration mode: 1
2026-03-10 09:08:08,005 [INFO] JxBrowserEngine:152 - Initiate JxBrowser Engine with user profile folder
2026-03-10 09:08:08,198 [INFO] CheckServerUpdateThread:120 - End of CheckServer Thread
2026-03-10 09:08:09,302 [WARN] PackLoader:240 - Cannot read IP mode file for STMicroelectronics.X-CUBE-AZRTOS-H7.3.5.0
2026-03-10 09:08:09,336 [WARN] PackLoader:240 - Cannot read IP mode file for STMicroelectronics.FP-ATR-ASTRA1.2.0.2
2026-03-10 09:08:09,356 [WARN] PackLoader:240 - Cannot read IP mode file for STMicroelectronics.X-CUBE-SMBUS.2.1.0
2026-03-10 09:08:09,406 [WARN] PackLoader:240 - Cannot read IP mode file for STMicroelectronics.X-CUBE-AZRTOS-F7.1.1.0
2026-03-10 09:08:09,434 [WARN] PackLoader:240 - Cannot read IP mode file for STMicroelectronics.FP-SNS-MOTENV1.5.1.0
2026-03-10 09:08:09,466 [WARN] PackLoader:240 - Cannot read IP mode file for WES.I-CUBE-Cesium.1.4.0
2026-03-10 09:08:09,488 [WARN] PackLoader:240 - Cannot read IP mode file for STMicroelectronics.X-CUBE-DISPLAY.3.0.0
2026-03-10 09:08:09,519 [WARN] PackLoader:240 - Cannot read IP mode file for STMicroelectronics.FP-SNS-MOTENVWB1.1.5.0
2026-03-10 09:08:09,545 [WARN] PackLoader:240 - Cannot read IP mode file for STMicroelectronics.X-CUBE-NFC10.1.0.0
2026-03-10 09:08:09,559 [WARN] PackLoader:240 - Cannot read IP mode file for STMicroelectronics.X-CUBE-ST60.1.1.0
2026-03-10 09:08:09,577 [WARN] PackLoader:240 - Cannot read IP mode file for emotas.I-CUBE-CANOPEN.1.3.0
2026-03-10 09:08:09,604 [WARN] PackLoader:240 - Cannot read IP mode file for STMicroelectronics.X-CUBE-GNSS1.7.1.0
2026-03-10 09:08:09,630 [WARN] PackLoader:240 - Cannot read IP mode file for STMicroelectronics.FP-SNS-STBOX1.2.1.0
2026-03-10 09:08:09,648 [WARN] PackLoader:240 - Cannot read IP mode file for STMicroelectronics.FP-SNS-SMARTAG2.1.2.0
2026-03-10 09:08:09,660 [WARN] PackLoader:240 - Cannot read IP mode file for STMicroelectronics.FP-SNS-FLIGHT1.5.1.0
2026-03-10 09:08:09,676 [INFO] LogOutputStream:77 - [STDOUT_REDIRECT] 1 : Invalid condition id : UX_CORESTACK_Condition cause : null
2026-03-10 09:08:09,677 [INFO] LogOutputStream:77 - [STDOUT_REDIRECT] 1 : Invalid condition id : UX_CORESTACK_Condition cause : null
2026-03-10 09:08:09,677 [INFO] LogOutputStream:77 - [STDOUT_REDIRECT] 1 : Invalid condition id : UX_CORESTACK_Condition cause : null
2026-03-10 09:08:09,678 [INFO] LogOutputStream:77 - [STDOUT_REDIRECT] 1 : Invalid condition id : UX_CORESTACK_Condition cause : null
2026-03-10 09:08:09,678 [INFO] LogOutputStream:77 - [STDOUT_REDIRECT] 1 : Invalid condition id : UX_CORESTACK_Condition cause : null
2026-03-10 09:08:09,687 [WARN] PackLoader:240 - Cannot read IP mode file for STMicroelectronics.X-CUBE-AZRTOS-WL.2.0.0
2026-03-10 09:08:09,728 [WARN] PackLoader:240 - Cannot read IP mode file for STMicroelectronics.X-CUBE-AZRTOS-H7RS.1.2.0
2026-03-10 09:08:09,753 [WARN] PackLoader:240 - Cannot read IP mode file for STMicroelectronics.X-CUBE-BLE2.3.3.0
2026-03-10 09:08:09,977 [WARN] PackLoader:240 - Cannot read IP mode file for Infineon.AIROC-Wi-Fi-Bluetooth-STM32.1.8.0
2026-03-10 09:08:10,112 [WARN] PackLoader:240 - Cannot read IP mode file for STMicroelectronics.X-CUBE-NFC9.1.0.0
2026-03-10 09:08:10,136 [WARN] PackLoader:240 - Cannot read IP mode file for STMicroelectronics.X-CUBE-BLE1.7.1.0
2026-03-10 09:08:10,139 [WARN] PackLoader:240 - Cannot read IP mode file for wolfSSL.I-CUBE-wolfMQTT.1.19.2
2026-03-10 09:08:10,148 [WARN] PackLoader:240 - Cannot read IP mode file for STMicroelectronics.X-CUBE-EEPRMA1.5.2.0
2026-03-10 09:08:10,155 [WARN] PackLoader:240 - Cannot read IP mode file for wolfSSL.I-CUBE-wolfSSL.5.8.4
2026-03-10 09:08:10,160 [WARN] PackLoader:240 - Cannot read IP mode file for Cesanta.I-CUBE-Mongoose.7.20.0
2026-03-10 09:08:10,222 [WARN] PackLoader:240 - Cannot read IP mode file for STMicroelectronics.X-CUBE-MEMS1.12.0.0
2026-03-10 09:08:10,309 [WARN] PackLoader:240 - Cannot read IP mode file for STMicroelectronics.X-CUBE-AZRTOS-G0.1.1.0
2026-03-10 09:08:10,332 [WARN] PackLoader:240 - Cannot read IP mode file for STMicroelectronics.X-CUBE-NFC4.3.0.0
2026-03-10 09:08:10,346 [WARN] PackLoader:240 - Cannot read IP mode file for EmbeddedOffice.I-CUBE-FS-RTOS.1.0.1
2026-03-10 09:08:10,354 [WARN] PackLoader:240 - Cannot read IP mode file for STMicroelectronics.X-CUBE-WB05N.2.0.0
2026-03-10 09:08:10,363 [WARN] PackLoader:240 - Cannot read IP mode file for wolfSSL.I-CUBE-wolfTPM.3.8.0
2026-03-10 09:08:10,368 [WARN] PackLoader:240 - Cannot read IP mode file for STMicroelectronics.X-CUBE-TCPP.4.2.0
2026-03-10 09:08:10,374 [WARN] PackLoader:240 - Cannot read IP mode file for RealThread.X-CUBE-RT-Thread_Nano.4.1.1
2026-03-10 09:08:10,377 [WARN] PackLoader:240 - Cannot read IP mode file for STMicroelectronics.FP-ATR-SIGFOX1.3.2.0
2026-03-10 09:08:10,384 [WARN] PackLoader:240 - Cannot read IP mode file for STMicroelectronics.X-CUBE-FREERTOS.1.5.0
2026-03-10 09:08:10,389 [WARN] PackLoader:240 - Cannot read IP mode file for ITTIA_DB.I-CUBE-ITTIADB.8.9.0
2026-03-10 09:08:10,397 [WARN] PackLoader:240 - Cannot read IP mode file for STMicroelectronics.X-CUBE-NFC6.3.2.0
2026-03-10 09:08:10,406 [WARN] PackLoader:240 - Cannot read IP mode file for STMicroelectronics.X-CUBE-AI.10.2.0
2026-03-10 09:08:10,466 [WARN] PackLoader:240 - Cannot read IP mode file for SEGGER.I-CUBE-embOS.1.3.1
2026-03-10 09:08:10,495 [WARN] PackLoader:240 - Cannot read IP mode file for STMicroelectronics.X-CUBE-ALGOBUILD.1.4.0
2026-03-10 09:08:10,500 [WARN] PackLoader:240 - Cannot read IP mode file for STMicroelectronics.X-CUBE-PM33A1.1.0.0
2026-03-10 09:08:10,516 [WARN] PackLoader:240 - Cannot read IP mode file for STMicroelectronics.X-CUBE-AZRTOS-F4.1.1.0
2026-03-10 09:08:10,528 [WARN] PackLoader:240 - Cannot read IP mode file for STMicroelectronics.X-CUBE-ISPU.2.1.0
2026-03-10 09:08:10,538 [WARN] PackLoader:240 - Cannot read IP mode file for STMicroelectronics.X-CUBE-IPS.3.2.0
2026-03-10 09:08:10,553 [WARN] PackLoader:240 - Cannot read IP mode file for STMicroelectronics.X-CUBE-NFC12.1.0.0
2026-03-10 09:08:10,573 [WARN] PackLoader:240 - Cannot read IP mode file for STMicroelectronics.X-CUBE-AZRTOS-L5.2.0.0
2026-03-10 09:08:10,583 [WARN] PackLoader:240 - Cannot read IP mode file for STMicroelectronics.X-CUBE-TOUCHGFX.4.26.1
2026-03-10 09:08:10,586 [WARN] PackLoader:240 - Cannot read IP mode file for STMicroelectronics.FP-SNS-STAIOTCFT.1.0.0
2026-03-10 09:08:10,591 [WARN] PackLoader:240 - Cannot read IP mode file for STMicroelectronics.X-CUBE-DPower.1.3.0
2026-03-10 09:08:10,613 [WARN] ConditionMgr:438 - getConditionDescription Invalid condition id : LAN8742 Phy interface Condition cause : null
2026-03-10 09:08:10,614 [WARN] PackLoader:240 - Cannot read IP mode file for STMicroelectronics.X-CUBE-AZRTOS-L4.2.0.0
2026-03-10 09:08:10,618 [WARN] ConditionMgr:1044 - genDependencies : Invalid condition id : LAN8742 Phy interface Condition cause : null
2026-03-10 09:08:10,618 [WARN] ConditionMgr:1044 - genDependencies : Invalid condition id : LAN8742 Phy interface Condition cause : null
2026-03-10 09:08:10,619 [WARN] ConditionMgr:1044 - genDependencies : Invalid condition id : LAN8742 Phy interface Condition cause : null
2026-03-10 09:08:10,626 [WARN] PackLoader:240 - Cannot read IP mode file for STMicroelectronics.X-CUBE-SFXS2LP1.4.0.0
2026-03-10 09:08:10,634 [WARN] PackLoader:240 - Cannot read IP mode file for STMicroelectronics.X-CUBE-ST67W61.1.2.0
2026-03-10 09:08:10,650 [WARN] PackLoader:240 - Cannot read IP mode file for STMicroelectronics.X-CUBE-BLEMGR.4.1.0
2026-03-10 09:08:10,667 [WARN] ConditionMgr:438 - getConditionDescription Invalid condition id : UX DEVICE CLASS RTOS Condition cause : null
2026-03-10 09:08:10,667 [WARN] ConditionMgr:438 - getConditionDescription Invalid condition id : UX DEVICE CLASS RTOS Condition cause : null
2026-03-10 09:08:10,670 [WARN] PackLoader:240 - Cannot read IP mode file for STMicroelectronics.X-CUBE-AZRTOS-WB.2.0.0
2026-03-10 09:08:10,671 [WARN] ConditionMgr:1044 - genDependencies : Invalid condition id : UX DEVICE CLASS RTOS Condition cause : null
2026-03-10 09:08:10,672 [WARN] ConditionMgr:1044 - genDependencies : Invalid condition id : UX DEVICE CLASS RTOS Condition cause : null
2026-03-10 09:08:10,672 [WARN] ConditionMgr:1044 - genDependencies : Invalid condition id : UX DEVICE CLASS RTOS Condition cause : null
2026-03-10 09:08:10,672 [WARN] ConditionMgr:1044 - genDependencies : Invalid condition id : UX DEVICE CLASS RTOS Condition cause : null
2026-03-10 09:08:10,673 [WARN] ConditionMgr:1044 - genDependencies : Invalid condition id : UX DEVICE CLASS RTOS Condition cause : null
2026-03-10 09:08:10,678 [WARN] ConditionMgr:438 - getConditionDescription Invalid condition id : Cortex-A Device cause : null
2026-03-10 09:08:10,701 [WARN] ConditionMgr:1044 - genDependencies : Invalid condition id : Cortex-A Device cause : null
2026-03-10 09:08:10,701 [WARN] ConditionMgr:1044 - genDependencies : Invalid condition id : Cortex-A Device cause : null
2026-03-10 09:08:10,701 [WARN] ConditionMgr:1044 - genDependencies : Invalid condition id : Cortex-A Device cause : null
2026-03-10 09:08:10,709 [WARN] PackLoader:240 - Cannot read IP mode file for STMicroelectronics.X-CUBE-STSE01.2.0.0
2026-03-10 09:08:10,722 [WARN] PackLoader:240 - Cannot read IP mode file for STMicroelectronics.X-CUBE-SUBG2.5.0.0
2026-03-10 09:08:10,747 [WARN] PackLoader:240 - Cannot read IP mode file for STMicroelectronics.X-CUBE-AZRTOS-G4.2.0.0
2026-03-10 09:08:10,753 [WARN] PackLoader:240 - Cannot read IP mode file for wolfSSL.I-CUBE-wolfSSH.1.4.20
2026-03-10 09:08:10,761 [WARN] PackLoader:240 - Cannot read IP mode file for STMicroelectronics.X-CUBE-NFC7.2.0.0
2026-03-10 09:08:10,768 [WARN] PackLoader:240 - Cannot read IP mode file for STMicroelectronics.X-CUBE-ALS.1.0.2
2026-03-10 09:08:10,779 [WARN] PackLoader:240 - Cannot read IP mode file for STMicroelectronics.X-CUBE-TOF1.3.4.3
2026-03-10 09:08:10,819 [INFO] ThirdParty:978 - Integrity check success = true
2026-03-10 09:08:10,820 [INFO] IntegrityCheckThread:100 - exiting critical section [integrity check]
2026-03-10 09:08:10,820 [INFO] IntegrityCheckThread:103 - End integrity checks thread
2026-03-10 09:08:11,999 [INFO] WebApp:169 - Instantiating new browser for Auth
2026-03-10 09:08:13,149 [INFO] WebApp:463 - Apply proxy settings
2026-03-10 09:08:13,166 [INFO] WebApp:508 - Chromium authenticates against Manually configured proxy
2026-03-10 09:08:13,179 [INFO] WebApp:516 - Username used for proxy authentication: 
2026-03-10 09:08:13,217 [INFO] WebApp:900 - Register for checkConnection events
2026-03-10 09:08:13,218 [INFO] WebApp:463 - Apply proxy settings
2026-03-10 09:08:13,225 [INFO] WebApp:508 - Chromium authenticates against Manually configured proxy
2026-03-10 09:08:13,226 [INFO] WebApp:516 - Username used for proxy authentication: 
2026-03-10 09:08:13,367 [INFO] WebApp:225 - Starting web application
2026-03-10 09:08:13,368 [INFO] WebApp:593 - Web application path used /Applications/STM32CubeIDE.app/Contents/Eclipse/plugins/com.st.stm32cube.common.mx_6.15.0.202507011659/db/plugins/mcufinder/reactClient1/index.html
2026-03-10 09:08:13,938 [INFO] WebApp:191 - Connection restablished
